[Thu Apr 25 23:26:21.211296 2024] [php:warn] [pid 15662] [client 127.0.0.1:46740] PHP Warning:  Undefined property: project\\control\\Main::$validateLoginField in /var/www/apex_soft/src/app/control/parent/Page.php on line 29, referer: http://apex_soft/main/view
[Thu Apr 25 23:26:21.211329 2024] [php:warn] [pid 15662] [client 127.0.0.1:46740] PHP Warning:  Undefined property: project\\control\\Main::$validatePasswordField in /var/www/apex_soft/src/app/control/parent/Page.php on line 29, referer: http://apex_soft/main/view
[Thu Apr 25 23:26:21.212018 2024] [php:error] [pid 15662] [client 127.0.0.1:46740] PHP Fatal error:  Uncaught mysqli_sql_exception: Access denied for user 'Users'@'172.19.0.1' (using password: YES) in /var/www/apex_soft/src/app/control/parent/Page.php:36\nStack trace:\n#0 /var/www/apex_soft/src/app/control/parent/Page.php(36): mysqli->__construct()\n#1 /var/www/apex_soft/src/app/core/Router.php(20): project\\control\\parent\\Page->registrate()\n#2 /var/www/apex_soft/src/index.php(13): project\\core\\Router->action()\n#3 {main}\n  thrown in /var/www/apex_soft/src/app/control/parent/Page.php on line 36, referer: http://apex_soft/main/view
[Thu Apr 25 23:26:59.742691 2024] [php:warn] [pid 15663] [client 127.0.0.1:50732] PHP Warning:  Undefined property: project\\control\\Main::$validateLoginField in /var/www/apex_soft/src/app/control/parent/Page.php on line 29, referer: http://apex_soft/main/view
[Thu Apr 25 23:27:58.558249 2024] [php:error] [pid 15663] [client 127.0.0.1:50732] PHP Fatal error:  Uncaught mysqli_sql_exception: Access denied for user 'Users'@'172.19.0.1' (using password: YES) in /var/www/apex_soft/src/app/control/parent/Page.php:36\nStack trace:\n#0 /var/www/apex_soft/src/app/control/parent/Page.php(36): mysqli->__construct()\n#1 /var/www/apex_soft/src/app/core/Router.php(20): project\\control\\parent\\Page->registrate()\n#2 /var/www/apex_soft/src/index.php(13): project\\core\\Router->action()\n#3 {main}\n  thrown in /var/www/apex_soft/src/app/control/parent/Page.php on line 36, referer: http://apex_soft/main/view
[Thu Apr 25 23:29:02.706838 2024] [php:error] [pid 15664] [client 127.0.0.1:46834] PHP Fatal error:  Uncaught mysqli_sql_exception: Access denied for user 'Users'@'172.19.0.1' (using password: YES) in /var/www/apex_soft/src/app/control/parent/Page.php:36\nStack trace:\n#0 /var/www/apex_soft/src/app/control/parent/Page.php(36): mysqli->__construct()\n#1 /var/www/apex_soft/src/app/core/Router.php(20): project\\control\\parent\\Page->registrate()\n#2 /var/www/apex_soft/src/index.php(13): project\\core\\Router->action()\n#3 {main}\n  thrown in /var/www/apex_soft/src/app/control/parent/Page.php on line 36, referer: http://apex_soft/main/view
[Thu Apr 25 23:29:19.811873 2024] [php:error] [pid 15665] [client 127.0.0.1:57456] PHP Fatal error:  Uncaught mysqli_sql_exception: Access denied for user 'Users'@'172.19.0.1' (using password: YES) in /var/www/apex_soft/src/app/control/parent/Page.php:36\nStack trace:\n#0 /var/www/apex_soft/src/app/control/parent/Page.php(36): mysqli->__construct()\n#1 /var/www/apex_soft/src/app/core/Router.php(20): project\\control\\parent\\Page->registrate()\n#2 /var/www/apex_soft/src/index.php(13): project\\core\\Router->action()\n#3 {main}\n  thrown in /var/www/apex_soft/src/app/control/parent/Page.php on line 36, referer: http://apex_soft/main/view
[Thu Apr 25 23:31:43.094312 2024] [php:error] [pid 923] [client 127.0.0.1:54394] PHP Fatal error:  Uncaught mysqli_sql_exception: Access denied for user 'Users'@'172.19.0.1' (using password: YES) in /var/www/apex_soft/src/app/control/parent/Page.php:37\nStack trace:\n#0 /var/www/apex_soft/src/app/control/parent/Page.php(37): mysqli->__construct()\n#1 /var/www/apex_soft/src/app/core/Router.php(20): project\\control\\parent\\Page->registrate()\n#2 /var/www/apex_soft/src/index.php(13): project\\core\\Router->action()\n#3 {main}\n  thrown in /var/www/apex_soft/src/app/control/parent/Page.php on line 37, referer: http://apex_soft/main/view
[Thu Apr 25 23:32:01.952148 2024] [php:error] [pid 926] [client 127.0.0.1:50500] PHP Fatal error:  Uncaught mysqli_sql_exception: Access denied for user 'Users'@'172.19.0.1' (using password: YES) in /var/www/apex_soft/src/app/control/parent/Page.php:37\nStack trace:\n#0 /var/www/apex_soft/src/app/control/parent/Page.php(37): mysqli->__construct()\n#1 /var/www/apex_soft/src/app/core/Router.php(20): project\\control\\parent\\Page->registrate()\n#2 /var/www/apex_soft/src/index.php(13): project\\core\\Router->action()\n#3 {main}\n  thrown in /var/www/apex_soft/src/app/control/parent/Page.php on line 37, referer: http://apex_soft/main/view
[Thu Apr 25 23:34:02.574243 2024] [php:error] [pid 4185] [client 127.0.0.1:42904] PHP Fatal error:  Uncaught mysqli_sql_exception: Access denied for user 'Users'@'172.19.0.1' (using password: YES) in /var/www/apex_soft/src/app/control/parent/Page.php:37\nStack trace:\n#0 /var/www/apex_soft/src/app/control/parent/Page.php(37): mysqli->__construct()\n#1 /var/www/apex_soft/src/app/core/Router.php(20): project\\control\\parent\\Page->registrate()\n#2 /var/www/apex_soft/src/index.php(13): project\\core\\Router->action()\n#3 {main}\n  thrown in /var/www/apex_soft/src/app/control/parent/Page.php on line 37, referer: http://apex_soft/main/view
[Thu Apr 25 23:36:56.450649 2024] [php:error] [pid 930] [client 127.0.0.1:58890] PHP Fatal error:  Uncaught mysqli_sql_exception: Table 'Users.users' doesn't exist in /var/www/apex_soft/src/app/control/parent/Page.php:122\nStack trace:\n#0 /var/www/apex_soft/src/app/control/parent/Page.php(122): mysqli->query()\n#1 /var/www/apex_soft/src/app/control/parent/Page.php(94): project\\control\\parent\\Page->createUsersDB()\n#2 /var/www/apex_soft/src/app/control/parent/Page.php(40): project\\control\\parent\\Page->init()\n#3 /var/www/apex_soft/src/app/core/Router.php(20): project\\control\\parent\\Page->registrate()\n#4 /var/www/apex_soft/src/index.php(13): project\\core\\Router->action()\n#5 {main}\n  thrown in /var/www/apex_soft/src/app/control/parent/Page.php on line 122, referer: http://apex_soft/main/view
[Thu Apr 25 23:37:49.094893 2024] [php:warn] [pid 924] [client 127.0.0.1:48188] PHP Warning:  Undefined variable $creation_time in /var/www/apex_soft/src/app/control/parent/Page.php on line 61, referer: http://apex_soft/main/view
[Fri Apr 26 00:24:17.353605 2024] [php:error] [pid 17261] [client 127.0.0.1:50166] PHP Fatal error:  Uncaught Error: Cannot access uninitialized non-nullable property project\\control\\parent\\Page::$name by reference in /var/www/apex_soft/src/app/control/parent/Page.php:69\nStack trace:\n#0 /var/www/apex_soft/src/app/core/Router.php(20): project\\control\\parent\\Page->registrate()\n#1 /var/www/apex_soft/src/index.php(13): project\\core\\Router->action()\n#2 {main}\n  thrown in /var/www/apex_soft/src/app/control/parent/Page.php on line 69, referer: http://apex_soft/main/view
[Fri Apr 26 00:25:30.272445 2024] [php:error] [pid 17262] [client 127.0.0.1:50052] PHP Fatal error:  Uncaught Error: Cannot access uninitialized non-nullable property project\\control\\parent\\Page::$name by reference in /var/www/apex_soft/src/app/control/parent/Page.php:69\nStack trace:\n#0 /var/www/apex_soft/src/app/core/Router.php(20): project\\control\\parent\\Page->registrate()\n#1 /var/www/apex_soft/src/index.php(13): project\\core\\Router->action()\n#2 {main}\n  thrown in /var/www/apex_soft/src/app/control/parent/Page.php on line 69, referer: http://apex_soft/main/view
[Fri Apr 26 19:34:18.611772 2024] [php:error] [pid 4363] [client 127.0.0.1:44884] PHP Fatal error:  Uncaught mysqli_sql_exception: Access denied for user 'root'@'172.19.0.1' (using password: YES) in /var/www/apex_soft/src/app/control/parent/Page.php:123\nStack trace:\n#0 /var/www/apex_soft/src/app/control/parent/Page.php(123): mysqli->__construct()\n#1 /var/www/apex_soft/src/app/control/parent/Page.php(43): project\\control\\parent\\Page->init()\n#2 /var/www/apex_soft/src/app/core/Router.php(20): project\\control\\parent\\Page->registrate()\n#3 /var/www/apex_soft/src/index.php(13): project\\core\\Router->action()\n#4 {main}\n  thrown in /var/www/apex_soft/src/app/control/parent/Page.php on line 123, referer: http://apex_soft/main/view
[Fri Apr 26 19:41:21.094997 2024] [php:error] [pid 4364] [client 127.0.0.1:46282] PHP Fatal error:  Uncaught Error: Typed property project\\control\\parent\\Page::$login must not be accessed before initialization in /var/www/apex_soft/src/app/control/parent/Page.php:249\nStack trace:\n#0 /var/www/apex_soft/src/app/control/parent/Page.php(83): project\\control\\parent\\Page->isExistentUser()\n#1 /var/www/apex_soft/src/app/core/Router.php(20): project\\control\\parent\\Page->login()\n#2 /var/www/apex_soft/src/index.php(13): project\\core\\Router->action()\n#3 {main}\n  thrown in /var/www/apex_soft/src/app/control/parent/Page.php on line 249, referer: http://apex_soft/main/view
[Fri Apr 26 19:45:48.928051 2024] [php:warn] [pid 7681] [client 127.0.0.1:44888] PHP Warning:  Undefined property: project\\control\\Main::$functions_for_fieldsValidation in /var/www/apex_soft/src/app/control/parent/Page.php on line 86, referer: http://apex_soft/main/view
[Fri Apr 26 19:45:48.928077 2024] [php:warn] [pid 7681] [client 127.0.0.1:44888] PHP Warning:  foreach() argument must be of type array|object, null given in /var/www/apex_soft/src/app/control/parent/Page.php on line 86, referer: http://apex_soft/main/view
[Fri Apr 26 19:45:48.928701 2024] [php:error] [pid 7681] [client 127.0.0.1:44888] PHP Fatal error:  Uncaught Error: Typed property project\\control\\parent\\Page::$login must not be accessed before initialization in /var/www/apex_soft/src/app/control/parent/Page.php:261\nStack trace:\n#0 /var/www/apex_soft/src/app/control/parent/Page.php(95): project\\control\\parent\\Page->isExistentUser()\n#1 /var/www/apex_soft/src/app/core/Router.php(20): project\\control\\parent\\Page->login()\n#2 /var/www/apex_soft/src/index.php(13): project\\core\\Router->action()\n#3 {main}\n  thrown in /var/www/apex_soft/src/app/control/parent/Page.php on line 261, referer: http://apex_soft/main/view
[Fri Apr 26 19:46:14.454182 2024] [php:warn] [pid 7682] [client 127.0.0.1:42016] PHP Warning:  Undefined array key "login" in /var/www/apex_soft/src/app/control/parent/Page.php on line 179, referer: http://apex_soft/main/view
[Fri Apr 26 19:46:14.454207 2024] [php:warn] [pid 7682] [client 127.0.0.1:42016] PHP Warning:  Undefined array key "login" in /var/www/apex_soft/src/app/control/parent/Page.php on line 195, referer: http://apex_soft/main/view
[Fri Apr 26 19:47:11.484745 2024] [php:error] [pid 4364] [client 127.0.0.1:40208] PHP Fatal error:  Uncaught Error: Typed property project\\control\\parent\\Page::$password_from_DB must not be accessed before initialization in /var/www/apex_soft/src/app/control/parent/Page.php:96\nStack trace:\n#0 /var/www/apex_soft/src/app/core/Router.php(20): project\\control\\parent\\Page->login()\n#1 /var/www/apex_soft/src/index.php(13): project\\core\\Router->action()\n#2 {main}\n  thrown in /var/www/apex_soft/src/app/control/parent/Page.php on line 96, referer: http://apex_soft/main/view
[Fri Apr 26 22:54:20.422335 2024] [php:error] [pid 985] [client 127.0.0.1:33344] PHP Fatal error:  Uncaught mysqli_sql_exception: No route to host in /var/www/apex_soft/src/app/control/parent/Page.php:124\nStack trace:\n#0 /var/www/apex_soft/src/app/control/parent/Page.php(124): mysqli->__construct()\n#1 /var/www/apex_soft/src/app/control/parent/Page.php(23): project\\control\\parent\\Page->isEnteredUser()\n#2 /var/www/apex_soft/src/app/control/Main.php(9): project\\control\\parent\\Page->constructor()\n#3 /var/www/apex_soft/src/app/core/Router.php(20): project\\control\\Main->__construct()\n#4 /var/www/apex_soft/src/index.php(13): project\\core\\Router->action()\n#5 {main}\n  thrown in /var/www/apex_soft/src/app/control/parent/Page.php on line 124, referer: http://apex_soft/main/view
[Sat Apr 27 01:47:49.017815 2024] [php:error] [pid 8338] [client 127.0.0.1:45610] PHP Fatal error:  Uncaught Error: Call to undefined method project\\control\\Main::() in /var/www/apex_soft/src/app/core/Router.php:20\nStack trace:\n#0 /var/www/apex_soft/src/index.php(13): project\\core\\Router->action()\n#1 {main}\n  thrown in /var/www/apex_soft/src/app/core/Router.php on line 20
[Sat Apr 27 02:31:24.187529 2024] [php:error] [pid 10600] [client 127.0.0.1:43820] PHP Fatal error:  Uncaught Error: Call to undefined method project\\control\\Main::() in /var/www/apex_soft/src/app/core/Router.php:20\nStack trace:\n#0 /var/www/apex_soft/src/index.php(13): project\\core\\Router->action()\n#1 {main}\n  thrown in /var/www/apex_soft/src/app/core/Router.php on line 20
[Sat Apr 27 19:03:56.723448 2024] [php:error] [pid 3450] [client 127.0.0.1:34584] PHP Fatal error:  Uncaught mysqli_sql_exception: No route to host in /var/www/apex_soft/src/app/control/parent/Page.php:127\nStack trace:\n#0 /var/www/apex_soft/src/app/control/parent/Page.php(127): mysqli->__construct()\n#1 /var/www/apex_soft/src/app/control/parent/Page.php(25): project\\control\\parent\\Page->isEnteredUser()\n#2 /var/www/apex_soft/src/app/control/Main.php(9): project\\control\\parent\\Page->constructor()\n#3 /var/www/apex_soft/src/app/core/Router.php(20): project\\control\\Main->__construct()\n#4 /var/www/apex_soft/src/index.php(13): project\\core\\Router->action()\n#5 {main}\n  thrown in /var/www/apex_soft/src/app/control/parent/Page.php on line 127, referer: http://apex_soft/main/view
[Tue Apr 30 18:46:19.302641 2024] [php:error] [pid 988] [client 127.0.0.1:48802] PHP Fatal error:  Uncaught mysqli_sql_exception: No route to host in /var/www/apex_soft/src/app/control/parent/Page.php:127\nStack trace:\n#0 /var/www/apex_soft/src/app/control/parent/Page.php(127): mysqli->__construct()\n#1 /var/www/apex_soft/src/app/control/parent/Page.php(25): project\\control\\parent\\Page->isEnteredUser()\n#2 /var/www/apex_soft/src/app/control/Main.php(9): project\\control\\parent\\Page->constructor()\n#3 /var/www/apex_soft/src/app/core/Router.php(20): project\\control\\Main->__construct()\n#4 /var/www/apex_soft/src/index.php(13): project\\core\\Router->action()\n#5 {main}\n  thrown in /var/www/apex_soft/src/app/control/parent/Page.php on line 127
[Tue Apr 30 18:46:22.406616 2024] [php:error] [pid 988] [client 127.0.0.1:48802] PHP Fatal error:  Uncaught mysqli_sql_exception: No route to host in /var/www/apex_soft/src/app/control/parent/Page.php:127\nStack trace:\n#0 /var/www/apex_soft/src/app/control/parent/Page.php(127): mysqli->__construct()\n#1 /var/www/apex_soft/src/app/control/parent/Page.php(25): project\\control\\parent\\Page->isEnteredUser()\n#2 /var/www/apex_soft/src/app/control/Main.php(9): project\\control\\parent\\Page->constructor()\n#3 /var/www/apex_soft/src/app/core/Router.php(20): project\\control\\Main->__construct()\n#4 /var/www/apex_soft/src/index.php(13): project\\core\\Router->action()\n#5 {main}\n  thrown in /var/www/apex_soft/src/app/control/parent/Page.php on line 127, referer: http://apex_soft/main/view
[Sat May 04 10:10:35.289033 2024] [php:error] [pid 4844] [client 127.0.0.1:52940] PHP Fatal error:  Class project\\control\\Main contains 1 abstract method and must therefore be declared abstract or implement the remaining methods (project\\control\\parent\\interfaces\\Auth::registration) in /var/www/apex_soft/src/app/control/Main.php on line 7
[Sat May 04 10:10:35.313183 2024] [php:error] [pid 4844] [client 127.0.0.1:52940] PHP Fatal error:  Class project\\control\\Main contains 1 abstract method and must therefore be declared abstract or implement the remaining methods (project\\control\\parent\\interfaces\\Auth::registration) in /var/www/apex_soft/src/app/control/Main.php on line 7, referer: http://apex_soft/main/view
[Sat May 04 10:11:14.735425 2024] [php:error] [pid 4845] [client 127.0.0.1:47488] PHP Fatal error:  Class project\\control\\Main contains 1 abstract method and must therefore be declared abstract or implement the remaining methods (project\\control\\parent\\interfaces\\Auth::registration) in /var/www/apex_soft/src/app/control/Main.php on line 7
[Sat May 04 10:11:14.753571 2024] [php:error] [pid 4845] [client 127.0.0.1:47488] PHP Fatal error:  Class project\\control\\Main contains 1 abstract method and must therefore be declared abstract or implement the remaining methods (project\\control\\parent\\interfaces\\Auth::registration) in /var/www/apex_soft/src/app/control/Main.php on line 7, referer: http://apex_soft/main/view
[Sat May 04 10:11:17.124258 2024] [php:error] [pid 4845] [client 127.0.0.1:47488] PHP Fatal error:  Class project\\control\\Main contains 1 abstract method and must therefore be declared abstract or implement the remaining methods (project\\control\\parent\\interfaces\\Auth::registration) in /var/www/apex_soft/src/app/control/Main.php on line 7
[Sat May 04 10:11:17.136488 2024] [php:error] [pid 4845] [client 127.0.0.1:47488] PHP Fatal error:  Class project\\control\\Main contains 1 abstract method and must therefore be declared abstract or implement the remaining methods (project\\control\\parent\\interfaces\\Auth::registration) in /var/www/apex_soft/src/app/control/Main.php on line 7, referer: http://apex_soft/main/view
[Sat May 04 10:11:17.354801 2024] [php:error] [pid 4845] [client 127.0.0.1:47488] PHP Fatal error:  Class project\\control\\Main contains 1 abstract method and must therefore be declared abstract or implement the remaining methods (project\\control\\parent\\interfaces\\Auth::registration) in /var/www/apex_soft/src/app/control/Main.php on line 7
[Sat May 04 10:11:17.366101 2024] [php:error] [pid 4845] [client 127.0.0.1:47488] PHP Fatal error:  Class project\\control\\Main contains 1 abstract method and must therefore be declared abstract or implement the remaining methods (project\\control\\parent\\interfaces\\Auth::registration) in /var/www/apex_soft/src/app/control/Main.php on line 7, referer: http://apex_soft/main/view
[Sat May 04 10:11:17.523977 2024] [php:error] [pid 4845] [client 127.0.0.1:47488] PHP Fatal error:  Class project\\control\\Main contains 1 abstract method and must therefore be declared abstract or implement the remaining methods (project\\control\\parent\\interfaces\\Auth::registration) in /var/www/apex_soft/src/app/control/Main.php on line 7
[Sat May 04 10:11:17.536368 2024] [php:error] [pid 4845] [client 127.0.0.1:47488] PHP Fatal error:  Class project\\control\\Main contains 1 abstract method and must therefore be declared abstract or implement the remaining methods (project\\control\\parent\\interfaces\\Auth::registration) in /var/www/apex_soft/src/app/control/Main.php on line 7, referer: http://apex_soft/main/view
[Sat May 04 10:11:17.649546 2024] [php:error] [pid 4845] [client 127.0.0.1:47488] PHP Fatal error:  Class project\\control\\Main contains 1 abstract method and must therefore be declared abstract or implement the remaining methods (project\\control\\parent\\interfaces\\Auth::registration) in /var/www/apex_soft/src/app/control/Main.php on line 7
[Sat May 04 10:11:17.661476 2024] [php:error] [pid 4845] [client 127.0.0.1:47488] PHP Fatal error:  Class project\\control\\Main contains 1 abstract method and must therefore be declared abstract or implement the remaining methods (project\\control\\parent\\interfaces\\Auth::registration) in /var/www/apex_soft/src/app/control/Main.php on line 7, referer: http://apex_soft/main/view
[Sat May 04 10:11:17.793705 2024] [php:error] [pid 4845] [client 127.0.0.1:47488] PHP Fatal error:  Class project\\control\\Main contains 1 abstract method and must therefore be declared abstract or implement the remaining methods (project\\control\\parent\\interfaces\\Auth::registration) in /var/www/apex_soft/src/app/control/Main.php on line 7
[Sat May 04 10:11:17.804589 2024] [php:error] [pid 4845] [client 127.0.0.1:47488] PHP Fatal error:  Class project\\control\\Main contains 1 abstract method and must therefore be declared abstract or implement the remaining methods (project\\control\\parent\\interfaces\\Auth::registration) in /var/www/apex_soft/src/app/control/Main.php on line 7, referer: http://apex_soft/main/view
[Sat May 04 10:11:44.260092 2024] [php:error] [pid 4846] [client 127.0.0.1:44548] PHP Fatal error:  Class project\\control\\Main contains 1 abstract method and must therefore be declared abstract or implement the remaining methods (project\\control\\parent\\interfaces\\Auth::registration) in /var/www/apex_soft/src/app/control/Main.php on line 7
[Sat May 04 10:11:44.275982 2024] [php:error] [pid 4846] [client 127.0.0.1:44548] PHP Fatal error:  Class project\\control\\Main contains 1 abstract method and must therefore be declared abstract or implement the remaining methods (project\\control\\parent\\interfaces\\Auth::registration) in /var/www/apex_soft/src/app/control/Main.php on line 7, referer: http://apex_soft/main/view
[Sat May 04 10:12:01.649433 2024] [php:error] [pid 926] [client 127.0.0.1:40520] PHP Fatal error:  Class project\\control\\Main contains 1 abstract method and must therefore be declared abstract or implement the remaining methods (project\\control\\parent\\interfaces\\Auth::registration) in /var/www/apex_soft/src/app/control/Main.php on line 7
[Sat May 04 10:12:01.661872 2024] [php:error] [pid 926] [client 127.0.0.1:40520] PHP Fatal error:  Class project\\control\\Main contains 1 abstract method and must therefore be declared abstract or implement the remaining methods (project\\control\\parent\\interfaces\\Auth::registration) in /var/www/apex_soft/src/app/control/Main.php on line 7, referer: http://apex_soft/main/view
[Sat May 04 10:12:44.400715 2024] [php:error] [pid 3949] [client 127.0.0.1:41454] PHP Fatal error:  Class project\\control\\Main contains 1 abstract method and must therefore be declared abstract or implement the remaining methods (project\\control\\parent\\interfaces\\Auth::registration) in /var/www/apex_soft/src/app/control/Main.php on line 7
[Sat May 04 10:12:44.422895 2024] [php:error] [pid 3949] [client 127.0.0.1:41454] PHP Fatal error:  Class project\\control\\Main contains 1 abstract method and must therefore be declared abstract or implement the remaining methods (project\\control\\parent\\interfaces\\Auth::registration) in /var/www/apex_soft/src/app/control/Main.php on line 7, referer: http://apex_soft/main/view
[Sat May 04 10:20:49.758359 2024] [php:error] [pid 922] [client 127.0.0.1:49648] PHP Fatal error:  Class project\\control\\Main contains 1 abstract method and must therefore be declared abstract or implement the remaining methods (project\\control\\parent\\interfaces\\Auth::registration) in /var/www/apex_soft/src/app/control/Main.php on line 7
[Sat May 04 10:20:49.771932 2024] [php:error] [pid 922] [client 127.0.0.1:49648] PHP Fatal error:  Class project\\control\\Main contains 1 abstract method and must therefore be declared abstract or implement the remaining methods (project\\control\\parent\\interfaces\\Auth::registration) in /var/www/apex_soft/src/app/control/Main.php on line 7, referer: http://apex_soft/main/view
[Sat May 04 10:26:19.718093 2024] [php:error] [pid 925] [client 127.0.0.1:55338] PHP Fatal error:  Class project\\control\\Main contains 1 abstract method and must therefore be declared abstract or implement the remaining methods (project\\control\\parent\\interfaces\\Auth::registration) in /var/www/apex_soft/src/app/control/Main.php on line 7
[Sat May 04 10:26:19.737642 2024] [php:error] [pid 925] [client 127.0.0.1:55338] PHP Fatal error:  Class project\\control\\Main contains 1 abstract method and must therefore be declared abstract or implement the remaining methods (project\\control\\parent\\interfaces\\Auth::registration) in /var/www/apex_soft/src/app/control/Main.php on line 7, referer: http://apex_soft/main/view
[Sat May 04 10:26:21.630694 2024] [php:error] [pid 925] [client 127.0.0.1:55338] PHP Fatal error:  Class project\\control\\Main contains 1 abstract method and must therefore be declared abstract or implement the remaining methods (project\\control\\parent\\interfaces\\Auth::registration) in /var/www/apex_soft/src/app/control/Main.php on line 7
[Sat May 04 10:26:21.642785 2024] [php:error] [pid 925] [client 127.0.0.1:55338] PHP Fatal error:  Class project\\control\\Main contains 1 abstract method and must therefore be declared abstract or implement the remaining methods (project\\control\\parent\\interfaces\\Auth::registration) in /var/www/apex_soft/src/app/control/Main.php on line 7, referer: http://apex_soft/main/view
[Sat May 04 10:40:35.520951 2024] [php:error] [pid 4845] [client 127.0.0.1:57678] PHP Fatal error:  Class project\\control\\Main contains 1 abstract method and must therefore be declared abstract or implement the remaining methods (project\\control\\parent\\interfaces\\Auth::registration) in /var/www/apex_soft/src/app/control/Main.php on line 7
[Sat May 04 10:40:35.540751 2024] [php:error] [pid 4845] [client 127.0.0.1:57678] PHP Fatal error:  Class project\\control\\Main contains 1 abstract method and must therefore be declared abstract or implement the remaining methods (project\\control\\parent\\interfaces\\Auth::registration) in /var/www/apex_soft/src/app/control/Main.php on line 7, referer: http://apex_soft/main/view
[Mon May 06 15:28:25.347997 2024] [php:error] [pid 984] [client 127.0.0.1:46212] PHP Fatal error:  Uncaught mysqli_sql_exception: No route to host in /var/www/apex_soft/src/app/control/parent/Page.php:146\nStack trace:\n#0 /var/www/apex_soft/src/app/control/parent/Page.php(146): mysqli->__construct()\n#1 /var/www/apex_soft/src/app/control/parent/Page.php(28): project\\control\\parent\\Page->isEnteredUser()\n#2 /var/www/apex_soft/src/app/control/Main.php(9): project\\control\\parent\\Page->constructor()\n#3 /var/www/apex_soft/src/app/core/Router.php(20): project\\control\\Main->__construct()\n#4 /var/www/apex_soft/src/index.php(13): project\\core\\Router->action()\n#5 {main}\n  thrown in /var/www/apex_soft/src/app/control/parent/Page.php on line 146, referer: http://apex_soft/catalog/view
[Mon May 06 17:10:45.674047 2024] [php:error] [pid 986] [client 127.0.0.1:50622] PHP Fatal error:  Uncaught Error: Interface "project\\control\\iCatalog" not found in /var/www/apex_soft/src/app/control/Catalog.php:9\nStack trace:\n#0 /var/www/apex_soft/vendor/composer/ClassLoader.php(576): include()\n#1 /var/www/apex_soft/vendor/composer/ClassLoader.php(427): Composer\\Autoload\\{closure}()\n#2 [internal function]: Composer\\Autoload\\ClassLoader->loadClass()\n#3 /var/www/apex_soft/src/app/core/Router.php(62): method_exists()\n#4 /var/www/apex_soft/src/app/core/Router.php(29): project\\core\\Router->getMethod()\n#5 /var/www/apex_soft/src/app/core/Router.php(12): project\\core\\Router->getRequestElements()\n#6 /var/www/apex_soft/src/index.php(21): project\\core\\Router->__construct()\n#7 {main}\n  thrown in /var/www/apex_soft/src/app/control/Catalog.php on line 9
[Mon May 06 17:22:02.549179 2024] [php:error] [pid 11423] [client 127.0.0.1:34228] PHP Fatal error:  Uncaught Error: Undefined constant project\\model\\enum\\Regex::product_name in /var/www/apex_soft/src/app/model/Products.php:84\nStack trace:\n#0 /var/www/apex_soft/src/app/model/Products.php(33): project\\model\\Products->validateProductName()\n#1 /var/www/apex_soft/src/app/control/Catalog.php(22): project\\model\\Products->createProduct()\n#2 /var/www/apex_soft/src/app/core/Router.php(20): project\\control\\Catalog->createProduct()\n#3 /var/www/apex_soft/src/index.php(22): project\\core\\Router->action()\n#4 {main}\n  thrown in /var/www/apex_soft/src/app/model/Products.php on line 84, referer: http://apex_soft/catalog/view
[Mon May 06 17:22:34.752214 2024] [php:error] [pid 11424] [client 127.0.0.1:55940] PHP Fatal error:  Uncaught ArgumentCountError: Too few arguments to function project\\model\\Products::getProductID(), 0 passed in /var/www/apex_soft/src/app/model/Products.php on line 205 and exactly 1 expected in /var/www/apex_soft/src/app/model/Products.php:221\nStack trace:\n#0 /var/www/apex_soft/src/app/model/Products.php(205): project\\model\\Products->getProductID()\n#1 /var/www/apex_soft/src/app/model/Products.php(47): project\\model\\Products->saveGotImageToFilesystem()\n#2 /var/www/apex_soft/src/app/control/Catalog.php(22): project\\model\\Products->createProduct()\n#3 /var/www/apex_soft/src/app/core/Router.php(20): project\\control\\Catalog->createProduct()\n#4 /var/www/apex_soft/src/index.php(22): project\\core\\Router->action()\n#5 {main}\n  thrown in /var/www/apex_soft/src/app/model/Products.php on line 221, referer: http://apex_soft/catalog/view
[Tue May 07 11:46:42.489126 2024] [php:error] [pid 966] [client 127.0.0.1:45370] PHP Fatal error:  Uncaught mysqli_sql_exception: No route to host in /var/www/apex_soft/src/app/control/parent/Page.php:146\nStack trace:\n#0 /var/www/apex_soft/src/app/control/parent/Page.php(146): mysqli->__construct()\n#1 /var/www/apex_soft/src/app/control/parent/Page.php(28): project\\control\\parent\\Page->isEnteredUser()\n#2 /var/www/apex_soft/src/app/control/Main.php(9): project\\control\\parent\\Page->constructor()\n#3 /var/www/apex_soft/src/app/core/Router.php(20): project\\control\\Main->__construct()\n#4 /var/www/apex_soft/src/index.php(22): project\\core\\Router->action()\n#5 {main}\n  thrown in /var/www/apex_soft/src/app/control/parent/Page.php on line 146, referer: http://apex_soft/product/view
[Tue May 07 12:03:18.168068 2024] [php:error] [pid 3281] [client 127.0.0.1:55112] PHP Fatal error:  Uncaught mysqli_sql_exception: No route to host in /var/www/apex_soft/src/app/control/parent/Page.php:146\nStack trace:\n#0 /var/www/apex_soft/src/app/control/parent/Page.php(146): mysqli->__construct()\n#1 /var/www/apex_soft/src/app/control/parent/Page.php(28): project\\control\\parent\\Page->isEnteredUser()\n#2 /var/www/apex_soft/src/app/control/Catalog.php(14): project\\control\\parent\\Page->constructor()\n#3 /var/www/apex_soft/src/app/core/Router.php(20): project\\control\\Catalog->__construct()\n#4 /var/www/apex_soft/src/index.php(22): project\\core\\Router->action()\n#5 {main}\n  thrown in /var/www/apex_soft/src/app/control/parent/Page.php on line 146, referer: http://apex_soft/product/view
[Tue May 07 12:03:18.168063 2024] [php:error] [pid 969] [client 127.0.0.1:55108] PHP Fatal error:  Uncaught mysqli_sql_exception: No route to host in /var/www/apex_soft/src/app/control/parent/Page.php:146\nStack trace:\n#0 /var/www/apex_soft/src/app/control/parent/Page.php(146): mysqli->__construct()\n#1 /var/www/apex_soft/src/app/control/parent/Page.php(28): project\\control\\parent\\Page->isEnteredUser()\n#2 /var/www/apex_soft/src/app/control/Catalog.php(14): project\\control\\parent\\Page->constructor()\n#3 /var/www/apex_soft/src/app/core/Router.php(20): project\\control\\Catalog->__construct()\n#4 /var/www/apex_soft/src/index.php(22): project\\core\\Router->action()\n#5 {main}\n  thrown in /var/www/apex_soft/src/app/control/parent/Page.php on line 146, referer: http://apex_soft/product/view
[Tue May 07 12:03:21.240045 2024] [php:error] [pid 3281] [client 127.0.0.1:55112] PHP Fatal error:  Uncaught mysqli_sql_exception: No route to host in /var/www/apex_soft/src/app/control/parent/Page.php:146\nStack trace:\n#0 /var/www/apex_soft/src/app/control/parent/Page.php(146): mysqli->__construct()\n#1 /var/www/apex_soft/src/app/control/parent/Page.php(28): project\\control\\parent\\Page->isEnteredUser()\n#2 /var/www/apex_soft/src/app/control/Main.php(9): project\\control\\parent\\Page->constructor()\n#3 /var/www/apex_soft/src/app/core/Router.php(20): project\\control\\Main->__construct()\n#4 /var/www/apex_soft/src/index.php(22): project\\core\\Router->action()\n#5 {main}\n  thrown in /var/www/apex_soft/src/app/control/parent/Page.php on line 146, referer: http://apex_soft/catalog/view
[Wed May 08 05:42:12.445586 2024] [php:error] [pid 3809] [client 127.0.0.1:38446] PHP Fatal error:  Uncaught mysqli_sql_exception: No route to host in /var/www/apex_soft/src/app/control/parent/Page.php:146\nStack trace:\n#0 /var/www/apex_soft/src/app/control/parent/Page.php(146): mysqli->__construct()\n#1 /var/www/apex_soft/src/app/control/parent/Page.php(28): project\\control\\parent\\Page->isEnteredUser()\n#2 /var/www/apex_soft/src/app/control/Main.php(9): project\\control\\parent\\Page->constructor()\n#3 /var/www/apex_soft/src/app/core/Router.php(20): project\\control\\Main->__construct()\n#4 /var/www/apex_soft/src/index.php(22): project\\core\\Router->action()\n#5 {main}\n  thrown in /var/www/apex_soft/src/app/control/parent/Page.php on line 146, referer: http://apex_soft/product/view
[Wed May 08 05:46:38.365833 2024] [php:error] [pid 1029] [client 127.0.0.1:44324] PHP Fatal error:  Uncaught mysqli_sql_exception: No route to host in /var/www/apex_soft/src/app/control/parent/Page.php:146\nStack trace:\n#0 /var/www/apex_soft/src/app/control/parent/Page.php(146): mysqli->__construct()\n#1 /var/www/apex_soft/src/app/control/parent/Page.php(28): project\\control\\parent\\Page->isEnteredUser()\n#2 /var/www/apex_soft/src/app/control/Product.php(10): project\\control\\parent\\Page->constructor()\n#3 /var/www/apex_soft/src/app/core/Router.php(20): project\\control\\Product->__construct()\n#4 /var/www/apex_soft/src/index.php(22): project\\core\\Router->action()\n#5 {main}\n  thrown in /var/www/apex_soft/src/app/control/parent/Page.php on line 146
[Wed May 08 05:46:41.437549 2024] [php:error] [pid 1029] [client 127.0.0.1:44324] PHP Fatal error:  Uncaught mysqli_sql_exception: No route to host in /var/www/apex_soft/src/app/control/parent/Page.php:146\nStack trace:\n#0 /var/www/apex_soft/src/app/control/parent/Page.php(146): mysqli->__construct()\n#1 /var/www/apex_soft/src/app/control/parent/Page.php(28): project\\control\\parent\\Page->isEnteredUser()\n#2 /var/www/apex_soft/src/app/control/Main.php(9): project\\control\\parent\\Page->constructor()\n#3 /var/www/apex_soft/src/app/core/Router.php(20): project\\control\\Main->__construct()\n#4 /var/www/apex_soft/src/index.php(22): project\\core\\Router->action()\n#5 {main}\n  thrown in /var/www/apex_soft/src/app/control/parent/Page.php on line 146, referer: http://apex_soft/product/view
[Wed May 08 05:46:41.437599 2024] [php:error] [pid 1025] [client 127.0.0.1:44330] PHP Fatal error:  Uncaught mysqli_sql_exception: No route to host in /var/www/apex_soft/src/app/control/parent/Page.php:146\nStack trace:\n#0 /var/www/apex_soft/src/app/control/parent/Page.php(146): mysqli->__construct()\n#1 /var/www/apex_soft/src/app/control/parent/Page.php(28): project\\control\\parent\\Page->isEnteredUser()\n#2 /var/www/apex_soft/src/app/control/Product.php(10): project\\control\\parent\\Page->constructor()\n#3 /var/www/apex_soft/src/app/core/Router.php(20): project\\control\\Product->__construct()\n#4 /var/www/apex_soft/src/index.php(22): project\\core\\Router->action()\n#5 {main}\n  thrown in /var/www/apex_soft/src/app/control/parent/Page.php on line 146
[Wed May 08 05:46:44.509712 2024] [php:error] [pid 1025] [client 127.0.0.1:44330] PHP Fatal error:  Uncaught mysqli_sql_exception: No route to host in /var/www/apex_soft/src/app/control/parent/Page.php:146\nStack trace:\n#0 /var/www/apex_soft/src/app/control/parent/Page.php(146): mysqli->__construct()\n#1 /var/www/apex_soft/src/app/control/parent/Page.php(28): project\\control\\parent\\Page->isEnteredUser()\n#2 /var/www/apex_soft/src/app/control/Main.php(9): project\\control\\parent\\Page->constructor()\n#3 /var/www/apex_soft/src/app/core/Router.php(20): project\\control\\Main->__construct()\n#4 /var/www/apex_soft/src/index.php(22): project\\core\\Router->action()\n#5 {main}\n  thrown in /var/www/apex_soft/src/app/control/parent/Page.php on line 146, referer: http://apex_soft/product/view
[Wed May 08 08:23:41.104353 2024] [php:error] [pid 8594] [client 127.0.0.1:37750] PHP Fatal error:  Uncaught Error: Class "project\\control\\Products" not found in /var/www/apex_soft/src/app/control/Product.php:18\nStack trace:\n#0 /var/www/apex_soft/src/app/core/Router.php(20): project\\control\\Product->createProduct()\n#1 /var/www/apex_soft/src/index.php(22): project\\core\\Router->action()\n#2 {main}\n  thrown in /var/www/apex_soft/src/app/control/Product.php on line 18, referer: http://apex_soft/product/view
[Wed May 08 08:45:27.729014 2024] [php:error] [pid 9294] [client 127.0.0.1:43770] PHP Fatal error:  Uncaught ErrorException: preg_match(): Unknown modifier '/' in /var/www/apex_soft/src/app/model/Product.php:121\nStack trace:\n#0 [internal function]: project\\{closure}()\n#1 /var/www/apex_soft/src/app/model/Product.php(121): preg_match()\n#2 /var/www/apex_soft/src/app/model/Product.php(31): project\\model\\Product->validateProductName()\n#3 /var/www/apex_soft/src/app/control/Product.php(20): project\\model\\Product->createProduct()\n#4 /var/www/apex_soft/src/app/core/Router.php(20): project\\control\\Product->createProduct()\n#5 /var/www/apex_soft/src/index.php(22): project\\core\\Router->action()\n#6 {main}\n  thrown in /var/www/apex_soft/src/app/model/Product.php on line 121, referer: http://apex_soft/product/view
[Wed May 08 09:48:25.013441 2024] [php:error] [pid 9351] [client 127.0.0.1:36276] PHP Fatal error:  Uncaught ErrorException: Undefined variable $product in /var/www/apex_soft/src/app/view/pages/product.php:37\nStack trace:\n#0 /var/www/apex_soft/src/app/view/pages/product.php(37): project\\{closure}()\n#1 /var/www/apex_soft/src/app/control/traits/View.php(9): require_once('...')\n#2 /var/www/apex_soft/src/app/core/Router.php(20): project\\control\\Product->view()\n#3 /var/www/apex_soft/src/index.php(22): project\\core\\Router->action()\n#4 {main}\n  thrown in /var/www/apex_soft/src/app/view/pages/product.php on line 37, referer: http://apex_soft/catalog/view
[Wed May 08 09:50:25.450146 2024] [php:error] [pid 9294] [client 127.0.0.1:44548] PHP Fatal error:  Uncaught ErrorException: Undefined variable $product in /var/www/apex_soft/src/app/view/pages/product.php:37\nStack trace:\n#0 /var/www/apex_soft/src/app/view/pages/product.php(37): project\\{closure}()\n#1 /var/www/apex_soft/src/app/control/traits/View.php(9): require_once('...')\n#2 /var/www/apex_soft/src/app/core/Router.php(20): project\\control\\Product->view()\n#3 /var/www/apex_soft/src/index.php(22): project\\core\\Router->action()\n#4 {main}\n  thrown in /var/www/apex_soft/src/app/view/pages/product.php on line 37, referer: http://apex_soft/catalog/view
[Wed May 08 09:50:27.293881 2024] [php:error] [pid 9294] [client 127.0.0.1:44548] PHP Fatal error:  Uncaught ErrorException: Undefined variable $product in /var/www/apex_soft/src/app/view/pages/product.php:37\nStack trace:\n#0 /var/www/apex_soft/src/app/view/pages/product.php(37): project\\{closure}()\n#1 /var/www/apex_soft/src/app/control/traits/View.php(9): require_once('...')\n#2 /var/www/apex_soft/src/app/core/Router.php(20): project\\control\\Product->view()\n#3 /var/www/apex_soft/src/index.php(22): project\\core\\Router->action()\n#4 {main}\n  thrown in /var/www/apex_soft/src/app/view/pages/product.php on line 37, referer: http://apex_soft/catalog/view
[Wed May 08 09:50:27.459799 2024] [php:error] [pid 9294] [client 127.0.0.1:44548] PHP Fatal error:  Uncaught ErrorException: Undefined variable $product in /var/www/apex_soft/src/app/view/pages/product.php:37\nStack trace:\n#0 /var/www/apex_soft/src/app/view/pages/product.php(37): project\\{closure}()\n#1 /var/www/apex_soft/src/app/control/traits/View.php(9): require_once('...')\n#2 /var/www/apex_soft/src/app/core/Router.php(20): project\\control\\Product->view()\n#3 /var/www/apex_soft/src/index.php(22): project\\core\\Router->action()\n#4 {main}\n  thrown in /var/www/apex_soft/src/app/view/pages/product.php on line 37, referer: http://apex_soft/catalog/view
[Wed May 08 09:50:27.635253 2024] [php:error] [pid 9294] [client 127.0.0.1:44548] PHP Fatal error:  Uncaught ErrorException: Undefined variable $product in /var/www/apex_soft/src/app/view/pages/product.php:37\nStack trace:\n#0 /var/www/apex_soft/src/app/view/pages/product.php(37): project\\{closure}()\n#1 /var/www/apex_soft/src/app/control/traits/View.php(9): require_once('...')\n#2 /var/www/apex_soft/src/app/core/Router.php(20): project\\control\\Product->view()\n#3 /var/www/apex_soft/src/index.php(22): project\\core\\Router->action()\n#4 {main}\n  thrown in /var/www/apex_soft/src/app/view/pages/product.php on line 37, referer: http://apex_soft/catalog/view
[Wed May 08 09:50:57.839646 2024] [php:error] [pid 13248] [client 127.0.0.1:44550] PHP Fatal error:  Uncaught ErrorException: Undefined array key "product_id" in /var/www/apex_soft/src/app/control/Product.php:16\nStack trace:\n#0 /var/www/apex_soft/src/app/control/Product.php(16): project\\{closure}()\n#1 /var/www/apex_soft/src/app/core/Router.php(20): project\\control\\Product->view()\n#2 /var/www/apex_soft/src/index.php(22): project\\core\\Router->action()\n#3 {main}\n  thrown in /var/www/apex_soft/src/app/control/Product.php on line 16, referer: http://apex_soft/catalog/view
[Wed May 08 09:51:20.346878 2024] [php:error] [pid 13401] [client 127.0.0.1:37866] PHP Fatal error:  Uncaught ErrorException: Undefined array key "product_id" in /var/www/apex_soft/src/app/control/Product.php:16\nStack trace:\n#0 /var/www/apex_soft/src/app/control/Product.php(16): project\\{closure}()\n#1 /var/www/apex_soft/src/app/core/Router.php(20): project\\control\\Product->view()\n#2 /var/www/apex_soft/src/index.php(22): project\\core\\Router->action()\n#3 {main}\n  thrown in /var/www/apex_soft/src/app/control/Product.php on line 16, referer: http://apex_soft/catalog/view
[Wed May 08 09:51:55.016756 2024] [php:error] [pid 8374] [client 127.0.0.1:48998] PHP Fatal error:  Uncaught ErrorException: require_once(/var/www/apex_soft/src/app/control/../../view/pages/product.php): Failed to open stream: No such file or directory in /var/www/apex_soft/src/app/control/Product.php:24\nStack trace:\n#0 /var/www/apex_soft/src/app/control/Product.php(24): project\\{closure}()\n#1 /var/www/apex_soft/src/app/control/Product.php(24): require_once()\n#2 /var/www/apex_soft/src/app/core/Router.php(20): project\\control\\Product->view()\n#3 /var/www/apex_soft/src/index.php(22): project\\core\\Router->action()\n#4 {main}\n  thrown in /var/www/apex_soft/src/app/control/Product.php on line 24, referer: http://apex_soft/catalog/view
[Wed May 08 09:52:55.841714 2024] [php:error] [pid 9351] [client 127.0.0.1:59482] PHP Fatal error:  Uncaught ErrorException: Undefined variable $product in /var/www/apex_soft/src/app/view/pages/product.php:37\nStack trace:\n#0 /var/www/apex_soft/src/app/view/pages/product.php(37): project\\{closure}()\n#1 /var/www/apex_soft/src/app/control/Product.php(24): require_once('...')\n#2 /var/www/apex_soft/src/app/core/Router.php(20): project\\control\\Product->view()\n#3 /var/www/apex_soft/src/index.php(22): project\\core\\Router->action()\n#4 {main}\n  thrown in /var/www/apex_soft/src/app/view/pages/product.php on line 37, referer: http://apex_soft/catalog/view
[Wed May 08 09:53:10.138437 2024] [php:error] [pid 13246] [client 127.0.0.1:59496] PHP Fatal error:  Uncaught ErrorException: Undefined variable $product in /var/www/apex_soft/src/app/view/pages/product.php:37\nStack trace:\n#0 /var/www/apex_soft/src/app/view/pages/product.php(37): project\\{closure}()\n#1 /var/www/apex_soft/src/app/control/Product.php(24): require_once('...')\n#2 /var/www/apex_soft/src/app/core/Router.php(20): project\\control\\Product->view()\n#3 /var/www/apex_soft/src/index.php(22): project\\core\\Router->action()\n#4 {main}\n  thrown in /var/www/apex_soft/src/app/view/pages/product.php on line 37, referer: http://apex_soft/catalog/view
[Wed May 08 09:55:44.202697 2024] [php:error] [pid 13320] [client 127.0.0.1:51206] PHP Fatal error:  Uncaught Error: Call to undefined method project\\control\\Product::getProduct() in /var/www/apex_soft/src/app/control/Product.php:19\nStack trace:\n#0 /var/www/apex_soft/src/app/core/Router.php(20): project\\control\\Product->view()\n#1 /var/www/apex_soft/src/index.php(22): project\\core\\Router->action()\n#2 {main}\n  thrown in /var/www/apex_soft/src/app/control/Product.php on line 19, referer: http://apex_soft/catalog/view
[Wed May 08 09:56:11.161736 2024] [php:error] [pid 9003] [client 127.0.0.1:51218] PHP Fatal error:  Declaration of project\\model\\Product::getProduct(int $product_id): void must be compatible with project\\model\\interfaces\\iProduct::getProduct(): void in /var/www/apex_soft/src/app/model/Product.php on line 76, referer: http://apex_soft/catalog/view
[Wed May 08 09:56:45.156432 2024] [php:error] [pid 9294] [client 127.0.0.1:56640] PHP Fatal error:  Uncaught Error: Typed property project\\model\\Product::$ID must not be accessed before initialization in /var/www/apex_soft/src/app/view/pages/product.php:37\nStack trace:\n#0 /var/www/apex_soft/src/app/control/Product.php(24): require_once()\n#1 /var/www/apex_soft/src/app/core/Router.php(20): project\\control\\Product->view()\n#2 /var/www/apex_soft/src/index.php(22): project\\core\\Router->action()\n#3 {main}\n  thrown in /var/www/apex_soft/src/app/view/pages/product.php on line 37, referer: http://apex_soft/catalog/view
[Wed May 08 09:57:17.025852 2024] [php:error] [pid 13248] [client 127.0.0.1:56444] PHP Fatal error:  Uncaught Error: Typed property project\\model\\Product::$ID must not be accessed before initialization in /var/www/apex_soft/src/app/view/pages/product.php:37\nStack trace:\n#0 /var/www/apex_soft/src/app/control/Product.php(24): require_once()\n#1 /var/www/apex_soft/src/app/core/Router.php(20): project\\control\\Product->view()\n#2 /var/www/apex_soft/src/index.php(22): project\\core\\Router->action()\n#3 {main}\n  thrown in /var/www/apex_soft/src/app/view/pages/product.php on line 37, referer: http://apex_soft/catalog/view
[Wed May 08 09:58:20.771598 2024] [php:error] [pid 13401] [client 127.0.0.1:50764] PHP Fatal error:  Uncaught Error: Typed property project\\model\\Product::$ID must not be accessed before initialization in /var/www/apex_soft/src/app/view/pages/product.php:37\nStack trace:\n#0 /var/www/apex_soft/src/app/control/Product.php(24): require_once()\n#1 /var/www/apex_soft/src/app/core/Router.php(20): project\\control\\Product->view()\n#2 /var/www/apex_soft/src/index.php(22): project\\core\\Router->action()\n#3 {main}\n  thrown in /var/www/apex_soft/src/app/view/pages/product.php on line 37, referer: http://apex_soft/catalog/view
[Wed May 08 10:00:54.132843 2024] [php:error] [pid 9351] [client 127.0.0.1:55928] PHP Fatal error:  Uncaught ErrorException: Undefined variable $product in /var/www/apex_soft/src/app/view/pages/product.php:37\nStack trace:\n#0 /var/www/apex_soft/src/app/view/pages/product.php(37): project\\{closure}()\n#1 /var/www/apex_soft/src/app/control/Product.php(24): require_once('...')\n#2 /var/www/apex_soft/src/app/core/Router.php(20): project\\control\\Product->view()\n#3 /var/www/apex_soft/src/index.php(22): project\\core\\Router->action()\n#4 {main}\n  thrown in /var/www/apex_soft/src/app/view/pages/product.php on line 37, referer: http://apex_soft/catalog/view
[Wed May 08 10:23:00.486387 2024] [php:error] [pid 13401] [client 127.0.0.1:58184] PHP Fatal error:  Uncaught Error: Typed property project\\model\\Product::$name must not be accessed before initialization in /var/www/apex_soft/src/app/view/pages/product.php:30\nStack trace:\n#0 /var/www/apex_soft/src/app/control/Product.php(24): require_once()\n#1 /var/www/apex_soft/src/app/core/Router.php(20): project\\control\\Product->view()\n#2 /var/www/apex_soft/src/index.php(22): project\\core\\Router->action()\n#3 {main}\n  thrown in /var/www/apex_soft/src/app/view/pages/product.php on line 30
[Wed May 08 10:43:21.976662 2024] [php:error] [pid 15574] [client 127.0.0.1:37284] PHP Fatal error:  Uncaught Error: Typed property project\\model\\Product::$name must not be accessed before initialization in /var/www/apex_soft/src/app/view/pages/product.php:30\nStack trace:\n#0 /var/www/apex_soft/src/app/control/Product.php(24): require_once()\n#1 /var/www/apex_soft/src/app/core/Router.php(20): project\\control\\Product->view()\n#2 /var/www/apex_soft/src/index.php(22): project\\core\\Router->action()\n#3 {main}\n  thrown in /var/www/apex_soft/src/app/view/pages/product.php on line 30
[Wed May 08 10:49:08.642189 2024] [php:error] [pid 8424] [client 127.0.0.1:41826] PHP Fatal error:  Uncaught Error: Typed property project\\model\\Product::$name must not be accessed before initialization in /var/www/apex_soft/src/app/view/pages/product.php:30\nStack trace:\n#0 /var/www/apex_soft/src/app/control/Product.php(24): require_once()\n#1 /var/www/apex_soft/src/app/core/Router.php(20): project\\control\\Product->view()\n#2 /var/www/apex_soft/src/index.php(22): project\\core\\Router->action()\n#3 {main}\n  thrown in /var/www/apex_soft/src/app/view/pages/product.php on line 30
[Wed May 08 10:49:10.275210 2024] [php:error] [pid 13248] [client 127.0.0.1:41838] PHP Fatal error:  Uncaught Error: Typed property project\\model\\Product::$name must not be accessed before initialization in /var/www/apex_soft/src/app/view/pages/product.php:30\nStack trace:\n#0 /var/www/apex_soft/src/app/control/Product.php(24): require_once()\n#1 /var/www/apex_soft/src/app/core/Router.php(20): project\\control\\Product->view()\n#2 /var/www/apex_soft/src/index.php(22): project\\core\\Router->action()\n#3 {main}\n  thrown in /var/www/apex_soft/src/app/view/pages/product.php on line 30
[Wed May 08 10:49:10.472373 2024] [php:error] [pid 13248] [client 127.0.0.1:41838] PHP Fatal error:  Uncaught Error: Typed property project\\model\\Product::$name must not be accessed before initialization in /var/www/apex_soft/src/app/view/pages/product.php:30\nStack trace:\n#0 /var/www/apex_soft/src/app/control/Product.php(24): require_once()\n#1 /var/www/apex_soft/src/app/core/Router.php(20): project\\control\\Product->view()\n#2 /var/www/apex_soft/src/index.php(22): project\\core\\Router->action()\n#3 {main}\n  thrown in /var/www/apex_soft/src/app/view/pages/product.php on line 30
[Wed May 08 10:49:10.617008 2024] [php:error] [pid 13248] [client 127.0.0.1:41838] PHP Fatal error:  Uncaught Error: Typed property project\\model\\Product::$name must not be accessed before initialization in /var/www/apex_soft/src/app/view/pages/product.php:30\nStack trace:\n#0 /var/www/apex_soft/src/app/control/Product.php(24): require_once()\n#1 /var/www/apex_soft/src/app/core/Router.php(20): project\\control\\Product->view()\n#2 /var/www/apex_soft/src/index.php(22): project\\core\\Router->action()\n#3 {main}\n  thrown in /var/www/apex_soft/src/app/view/pages/product.php on line 30
[Wed May 08 10:50:36.408194 2024] [php:error] [pid 9003] [client 127.0.0.1:39978] PHP Fatal error:  Uncaught Error: Typed property project\\model\\Product::$name must not be accessed before initialization in /var/www/apex_soft/src/app/view/pages/product.php:30\nStack trace:\n#0 /var/www/apex_soft/src/app/control/Product.php(24): require_once()\n#1 /var/www/apex_soft/src/app/core/Router.php(20): project\\control\\Product->view()\n#2 /var/www/apex_soft/src/index.php(22): project\\core\\Router->action()\n#3 {main}\n  thrown in /var/www/apex_soft/src/app/view/pages/product.php on line 30
[Wed May 08 10:50:58.258321 2024] [php:error] [pid 13246] [client 127.0.0.1:41844] PHP Fatal error:  Uncaught Error: Typed property project\\model\\Product::$name must not be accessed before initialization in /var/www/apex_soft/src/app/view/pages/product.php:30\nStack trace:\n#0 /var/www/apex_soft/src/app/control/Product.php(24): require_once()\n#1 /var/www/apex_soft/src/app/core/Router.php(20): project\\control\\Product->view()\n#2 /var/www/apex_soft/src/index.php(22): project\\core\\Router->action()\n#3 {main}\n  thrown in /var/www/apex_soft/src/app/view/pages/product.php on line 30
[Wed May 08 10:51:36.005724 2024] [php:error] [pid 9167] [client 127.0.0.1:41848] PHP Fatal error:  Uncaught Error: Typed property project\\model\\Product::$type must not be accessed before initialization in /var/www/apex_soft/src/app/view/pages/product.php:39\nStack trace:\n#0 /var/www/apex_soft/src/app/control/Product.php(24): require_once()\n#1 /var/www/apex_soft/src/app/core/Router.php(20): project\\control\\Product->view()\n#2 /var/www/apex_soft/src/index.php(22): project\\core\\Router->action()\n#3 {main}\n  thrown in /var/www/apex_soft/src/app/view/pages/product.php on line 39
[Wed May 08 10:52:51.684387 2024] [php:error] [pid 9294] [client 127.0.0.1:39762] PHP Fatal error:  Uncaught Error: Typed property project\\model\\Product::$ID must not be accessed before initialization in /var/www/apex_soft/src/app/view/pages/product.php:55\nStack trace:\n#0 /var/www/apex_soft/src/app/control/Product.php(24): require_once()\n#1 /var/www/apex_soft/src/app/core/Router.php(20): project\\control\\Product->view()\n#2 /var/www/apex_soft/src/index.php(22): project\\core\\Router->action()\n#3 {main}\n  thrown in /var/www/apex_soft/src/app/view/pages/product.php on line 55
[Wed May 08 10:53:29.965683 2024] [php:error] [pid 9167] [client 127.0.0.1:40630] PHP Fatal error:  Uncaught Error: Typed property project\\model\\Product::$ID must not be accessed before initialization in /var/www/apex_soft/src/app/view/pages/product.php:55\nStack trace:\n#0 /var/www/apex_soft/src/app/control/Product.php(24): require_once()\n#1 /var/www/apex_soft/src/app/core/Router.php(20): project\\control\\Product->view()\n#2 /var/www/apex_soft/src/index.php(22): project\\core\\Router->action()\n#3 {main}\n  thrown in /var/www/apex_soft/src/app/view/pages/product.php on line 55
[Wed May 08 10:55:21.615431 2024] [php:error] [pid 9003] [client 127.0.0.1:47160] PHP Fatal error:  Uncaught ErrorException: Undefined array key "id" in /var/www/apex_soft/src/app/control/Product.php:16\nStack trace:\n#0 /var/www/apex_soft/src/app/control/Product.php(16): project\\{closure}()\n#1 /var/www/apex_soft/src/app/core/Router.php(20): project\\control\\Product->view()\n#2 /var/www/apex_soft/src/index.php(22): project\\core\\Router->action()\n#3 {main}\n  thrown in /var/www/apex_soft/src/app/control/Product.php on line 16
[Wed May 08 11:46:52.043121 2024] [php:error] [pid 16319] [client 127.0.0.1:54798] PHP Fatal error:  Uncaught Error: Cannot access private property project\\model\\Product::$imageName in /var/www/apex_soft/src/app/view/pages/product.php:57\nStack trace:\n#0 /var/www/apex_soft/src/app/control/Product.php(24): require_once()\n#1 /var/www/apex_soft/src/app/core/Router.php(20): project\\control\\Product->view()\n#2 /var/www/apex_soft/src/index.php(22): project\\core\\Router->action()\n#3 {main}\n  thrown in /var/www/apex_soft/src/app/view/pages/product.php on line 57
[Wed May 08 11:47:28.398703 2024] [php:error] [pid 13246] [client 127.0.0.1:45700] PHP Fatal error:  Uncaught Error: Cannot access private property project\\model\\Product::$imageName in /var/www/apex_soft/src/app/view/pages/product.php:57\nStack trace:\n#0 /var/www/apex_soft/src/app/control/Product.php(24): require_once()\n#1 /var/www/apex_soft/src/app/core/Router.php(20): project\\control\\Product->view()\n#2 /var/www/apex_soft/src/index.php(22): project\\core\\Router->action()\n#3 {main}\n  thrown in /var/www/apex_soft/src/app/view/pages/product.php on line 57
[Wed May 08 11:48:07.330494 2024] [php:error] [pid 9351] [client 127.0.0.1:45716] PHP Fatal error:  Uncaught Error: Cannot access private property project\\model\\Product::$imageName in /var/www/apex_soft/src/app/view/pages/product.php:57\nStack trace:\n#0 /var/www/apex_soft/src/app/control/Product.php(24): require_once()\n#1 /var/www/apex_soft/src/app/core/Router.php(20): project\\control\\Product->view()\n#2 /var/www/apex_soft/src/index.php(22): project\\core\\Router->action()\n#3 {main}\n  thrown in /var/www/apex_soft/src/app/view/pages/product.php on line 57
[Wed May 08 11:48:23.782131 2024] [php:error] [pid 9003] [client 127.0.0.1:43232] PHP Fatal error:  Uncaught Error: Cannot access private property project\\model\\Product::$imageName in /var/www/apex_soft/src/app/view/pages/product.php:57\nStack trace:\n#0 /var/www/apex_soft/src/app/control/Product.php(24): require_once()\n#1 /var/www/apex_soft/src/app/core/Router.php(20): project\\control\\Product->view()\n#2 /var/www/apex_soft/src/index.php(22): project\\core\\Router->action()\n#3 {main}\n  thrown in /var/www/apex_soft/src/app/view/pages/product.php on line 57
[Wed May 08 11:48:51.202879 2024] [php:error] [pid 8424] [client 127.0.0.1:60540] PHP Fatal error:  Uncaught Error: Cannot access private property project\\model\\Product::$imageName in /var/www/apex_soft/src/app/view/pages/product.php:57\nStack trace:\n#0 /var/www/apex_soft/src/app/control/Product.php(24): require_once()\n#1 /var/www/apex_soft/src/app/core/Router.php(20): project\\control\\Product->view()\n#2 /var/www/apex_soft/src/index.php(22): project\\core\\Router->action()\n#3 {main}\n  thrown in /var/www/apex_soft/src/app/view/pages/product.php on line 57
[Wed May 08 11:48:54.509713 2024] [php:error] [pid 8424] [client 127.0.0.1:60540] PHP Fatal error:  Uncaught Error: Cannot access private property project\\model\\Product::$imageName in /var/www/apex_soft/src/app/view/pages/product.php:57\nStack trace:\n#0 /var/www/apex_soft/src/app/control/Product.php(24): require_once()\n#1 /var/www/apex_soft/src/app/core/Router.php(20): project\\control\\Product->view()\n#2 /var/www/apex_soft/src/index.php(22): project\\core\\Router->action()\n#3 {main}\n  thrown in /var/www/apex_soft/src/app/view/pages/product.php on line 57
[Wed May 08 11:49:43.511273 2024] [php:error] [pid 16462] [client 127.0.0.1:40692] PHP Fatal error:  Uncaught Error: Cannot access private property project\\model\\Product::$imageName in /var/www/apex_soft/src/app/view/pages/product.php:57\nStack trace:\n#0 /var/www/apex_soft/src/app/control/Product.php(24): require_once()\n#1 /var/www/apex_soft/src/app/core/Router.php(20): project\\control\\Product->view()\n#2 /var/www/apex_soft/src/index.php(22): project\\core\\Router->action()\n#3 {main}\n  thrown in /var/www/apex_soft/src/app/view/pages/product.php on line 57
[Wed May 08 11:50:50.240485 2024] [php:error] [pid 13401] [client 127.0.0.1:40708] PHP Fatal error:  Uncaught Error: Cannot access private property project\\model\\Product::$imageName in /var/www/apex_soft/src/app/view/pages/product.php:57\nStack trace:\n#0 /var/www/apex_soft/src/app/control/Product.php(24): require_once()\n#1 /var/www/apex_soft/src/app/core/Router.php(20): project\\control\\Product->view()\n#2 /var/www/apex_soft/src/index.php(22): project\\core\\Router->action()\n#3 {main}\n  thrown in /var/www/apex_soft/src/app/view/pages/product.php on line 57
[Wed May 08 11:54:37.001141 2024] [php:error] [pid 9003] [client 127.0.0.1:42874] PHP Fatal error:  Uncaught ErrorException: Undefined variable $project in /var/www/apex_soft/src/app/view/pages/product.php:57\nStack trace:\n#0 /var/www/apex_soft/src/app/view/pages/product.php(57): project\\{closure}()\n#1 /var/www/apex_soft/src/app/control/Product.php(24): require_once('...')\n#2 /var/www/apex_soft/src/app/core/Router.php(20): project\\control\\Product->view()\n#3 /var/www/apex_soft/src/index.php(22): project\\core\\Router->action()\n#4 {main}\n  thrown in /var/www/apex_soft/src/app/view/pages/product.php on line 57
[Wed May 08 11:54:38.286555 2024] [php:error] [pid 9003] [client 127.0.0.1:42874] PHP Fatal error:  Uncaught ErrorException: Undefined variable $project in /var/www/apex_soft/src/app/view/pages/product.php:57\nStack trace:\n#0 /var/www/apex_soft/src/app/view/pages/product.php(57): project\\{closure}()\n#1 /var/www/apex_soft/src/app/control/Product.php(24): require_once('...')\n#2 /var/www/apex_soft/src/app/core/Router.php(20): project\\control\\Product->view()\n#3 /var/www/apex_soft/src/index.php(22): project\\core\\Router->action()\n#4 {main}\n  thrown in /var/www/apex_soft/src/app/view/pages/product.php on line 57
[Wed May 08 11:54:46.680562 2024] [php:error] [pid 8424] [client 127.0.0.1:42890] PHP Fatal error:  Uncaught Error: Cannot access private property project\\model\\Product::$imageName in /var/www/apex_soft/src/app/view/pages/product.php:57\nStack trace:\n#0 /var/www/apex_soft/src/app/control/Product.php(24): require_once()\n#1 /var/www/apex_soft/src/app/core/Router.php(20): project\\control\\Product->view()\n#2 /var/www/apex_soft/src/index.php(22): project\\core\\Router->action()\n#3 {main}\n  thrown in /var/www/apex_soft/src/app/view/pages/product.php on line 57
[Wed May 08 11:54:47.471736 2024] [php:error] [pid 8424] [client 127.0.0.1:42890] PHP Fatal error:  Uncaught Error: Cannot access private property project\\model\\Product::$imageName in /var/www/apex_soft/src/app/view/pages/product.php:57\nStack trace:\n#0 /var/www/apex_soft/src/app/control/Product.php(24): require_once()\n#1 /var/www/apex_soft/src/app/core/Router.php(20): project\\control\\Product->view()\n#2 /var/www/apex_soft/src/index.php(22): project\\core\\Router->action()\n#3 {main}\n  thrown in /var/www/apex_soft/src/app/view/pages/product.php on line 57
[Wed May 08 11:54:58.361461 2024] [php:error] [pid 17771] [client 127.0.0.1:44236] PHP Fatal error:  Uncaught Error: Cannot access private property project\\model\\Product::$imageName in /var/www/apex_soft/src/app/view/pages/product.php:57\nStack trace:\n#0 /var/www/apex_soft/src/app/control/Product.php(24): require_once()\n#1 /var/www/apex_soft/src/app/core/Router.php(20): project\\control\\Product->view()\n#2 /var/www/apex_soft/src/index.php(22): project\\core\\Router->action()\n#3 {main}\n  thrown in /var/www/apex_soft/src/app/view/pages/product.php on line 57
[Wed May 08 11:55:46.854092 2024] [php:error] [pid 9351] [client 127.0.0.1:45274] PHP Fatal error:  Uncaught Error: Cannot access private property project\\model\\Product::$imageName in /var/www/apex_soft/src/app/view/pages/product.php:57\nStack trace:\n#0 /var/www/apex_soft/src/app/control/Product.php(24): require_once()\n#1 /var/www/apex_soft/src/app/core/Router.php(20): project\\control\\Product->view()\n#2 /var/www/apex_soft/src/index.php(22): project\\core\\Router->action()\n#3 {main}\n  thrown in /var/www/apex_soft/src/app/view/pages/product.php on line 57
[Wed May 08 12:08:08.623467 2024] [php:error] [pid 9003] [client 127.0.0.1:43246] PHP Fatal error:  Uncaught mysqli_sql_exception: Duplicate entry '\xd0\x9d\xd0\xb0\xd0\xb7\xd0\xb2\xd0\xb0\xd0\xbd\xd0\xb8\xd0\xb5 \xd1\x82\xd0\xbe\xd0\xb2\xd0\xb0\xd1\x80\xd0\xb0' for key 'all_products.product_name' in /var/www/apex_soft/src/app/model/Product.php:249\nStack trace:\n#0 /var/www/apex_soft/src/app/model/Product.php(249): mysqli_stmt->execute()\n#1 /var/www/apex_soft/src/app/model/Product.php(51): project\\model\\Product->writeProductData()\n#2 /var/www/apex_soft/src/app/control/Product.php(30): project\\model\\Product->createProduct()\n#3 /var/www/apex_soft/src/app/core/Router.php(20): project\\control\\Product->createProduct()\n#4 /var/www/apex_soft/src/index.php(22): project\\core\\Router->action()\n#5 {main}\n  thrown in /var/www/apex_soft/src/app/model/Product.php on line 249, referer: http://apex_soft/product/view?id=0
[Wed May 08 15:55:27.943950 2024] [php:error] [pid 24234] [client 127.0.0.1:40440] PHP Fatal error:  Uncaught mysqli_sql_exception: Access denied for user 'Visitors'@'172.19.0.1' (using password: YES) in /var/www/apex_soft/src/app/model/Product.php:74\nStack trace:\n#0 /var/www/apex_soft/src/app/model/Product.php(74): mysqli->__construct()\n#1 /var/www/apex_soft/src/app/control/Catalog.php(19): project\\model\\Product->getAllProducts()\n#2 /var/www/apex_soft/src/app/core/Router.php(20): project\\control\\Catalog->view()\n#3 /var/www/apex_soft/src/index.php(22): project\\core\\Router->action()\n#4 {main}\n  thrown in /var/www/apex_soft/src/app/model/Product.php on line 74, referer: http://apex_soft/catalog/view
[Wed May 08 15:55:42.097668 2024] [php:error] [pid 27166] [client 127.0.0.1:40446] PHP Fatal error:  Uncaught mysqli_sql_exception: Access denied for user 'Visitor'@'172.19.0.1' (using password: YES) in /var/www/apex_soft/src/app/model/Product.php:74\nStack trace:\n#0 /var/www/apex_soft/src/app/model/Product.php(74): mysqli->__construct()\n#1 /var/www/apex_soft/src/app/control/Catalog.php(19): project\\model\\Product->getAllProducts()\n#2 /var/www/apex_soft/src/app/core/Router.php(20): project\\control\\Catalog->view()\n#3 /var/www/apex_soft/src/index.php(22): project\\core\\Router->action()\n#4 {main}\n  thrown in /var/www/apex_soft/src/app/model/Product.php on line 74, referer: http://apex_soft/catalog/view
[Thu May 09 23:56:12.432636 2024] [php:error] [pid 3619] [client 127.0.0.1:58608] PHP Fatal error:  Uncaught ErrorException: Undefined variable $product in /var/www/apex_soft/src/app/view/pages/product.php:87\nStack trace:\n#0 /var/www/apex_soft/src/app/view/pages/product.php(87): project\\{closure}()\n#1 /var/www/apex_soft/src/app/control/Product.php(28): require_once('...')\n#2 /var/www/apex_soft/src/app/core/Router.php(20): project\\control\\Product->view()\n#3 /var/www/apex_soft/src/index.php(22): project\\core\\Router->action()\n#4 {main}\n  thrown in /var/www/apex_soft/src/app/view/pages/product.php on line 87, referer: http://apex_soft/catalog/view
[Thu May 09 23:58:11.600739 2024] [php:error] [pid 3406] [client 127.0.0.1:41568] PHP Fatal error:  Uncaught ErrorException: Undefined variable $product in /var/www/apex_soft/src/app/view/pages/product.php:87\nStack trace:\n#0 /var/www/apex_soft/src/app/view/pages/product.php(87): project\\{closure}()\n#1 /var/www/apex_soft/src/app/control/Product.php(28): require_once('...')\n#2 /var/www/apex_soft/src/app/core/Router.php(20): project\\control\\Product->view()\n#3 /var/www/apex_soft/src/index.php(22): project\\core\\Router->action()\n#4 {main}\n  thrown in /var/www/apex_soft/src/app/view/pages/product.php on line 87, referer: http://apex_soft/catalog/view
[Fri May 10 00:01:21.015619 2024] [php:error] [pid 16619] [client 127.0.0.1:49502] PHP Fatal error:  Uncaught Error: Typed property project\\model\\Product::$ID must not be accessed before initialization in /var/www/apex_soft/src/app/view/pages/product.php:134\nStack trace:\n#0 /var/www/apex_soft/src/app/control/Product.php(28): require_once()\n#1 /var/www/apex_soft/src/app/core/Router.php(20): project\\control\\Product->view()\n#2 /var/www/apex_soft/src/index.php(22): project\\core\\Router->action()\n#3 {main}\n  thrown in /var/www/apex_soft/src/app/view/pages/product.php on line 134, referer: http://apex_soft/catalog/view
[Fri May 10 00:01:34.665305 2024] [php:error] [pid 16620] [client 127.0.0.1:49504] PHP Fatal error:  Uncaught ErrorException: Undefined variable $product in /var/www/apex_soft/src/app/view/pages/product.php:87\nStack trace:\n#0 /var/www/apex_soft/src/app/view/pages/product.php(87): project\\{closure}()\n#1 /var/www/apex_soft/src/app/control/Product.php(28): require_once('...')\n#2 /var/www/apex_soft/src/app/core/Router.php(20): project\\control\\Product->view()\n#3 /var/www/apex_soft/src/index.php(22): project\\core\\Router->action()\n#4 {main}\n  thrown in /var/www/apex_soft/src/app/view/pages/product.php on line 87
[Fri May 10 00:01:49.168061 2024] [php:error] [pid 16621] [client 127.0.0.1:50112] PHP Fatal error:  Uncaught ErrorException: Undefined variable $product in /var/www/apex_soft/src/app/view/pages/product.php:87\nStack trace:\n#0 /var/www/apex_soft/src/app/view/pages/product.php(87): project\\{closure}()\n#1 /var/www/apex_soft/src/app/control/Product.php(28): require_once('...')\n#2 /var/www/apex_soft/src/app/core/Router.php(20): project\\control\\Product->view()\n#3 /var/www/apex_soft/src/index.php(22): project\\core\\Router->action()\n#4 {main}\n  thrown in /var/www/apex_soft/src/app/view/pages/product.php on line 87
[Fri May 10 00:03:14.347760 2024] [php:error] [pid 16699] [client 127.0.0.1:56778] PHP Fatal error:  Uncaught ErrorException: Undefined variable $product in /var/www/apex_soft/src/app/view/pages/product.php:87\nStack trace:\n#0 /var/www/apex_soft/src/app/view/pages/product.php(87): project\\{closure}()\n#1 /var/www/apex_soft/src/app/control/Product.php(28): require_once('...')\n#2 /var/www/apex_soft/src/app/core/Router.php(20): project\\control\\Product->view()\n#3 /var/www/apex_soft/src/index.php(22): project\\core\\Router->action()\n#4 {main}\n  thrown in /var/www/apex_soft/src/app/view/pages/product.php on line 87, referer: http://apex_soft/catalog/view
[Fri May 10 00:03:22.481856 2024] [php:error] [pid 16619] [client 127.0.0.1:41078] PHP Fatal error:  Uncaught ErrorException: Undefined variable $product in /var/www/apex_soft/src/app/view/pages/product.php:87\nStack trace:\n#0 /var/www/apex_soft/src/app/view/pages/product.php(87): project\\{closure}()\n#1 /var/www/apex_soft/src/app/control/Product.php(28): require_once('...')\n#2 /var/www/apex_soft/src/app/core/Router.php(20): project\\control\\Product->view()\n#3 /var/www/apex_soft/src/index.php(22): project\\core\\Router->action()\n#4 {main}\n  thrown in /var/www/apex_soft/src/app/view/pages/product.php on line 87, referer: http://apex_soft/catalog/view
[Fri May 10 00:03:49.937042 2024] [php:error] [pid 16779] [client 127.0.0.1:34136] PHP Fatal error:  Uncaught ErrorException: Undefined variable $product in /var/www/apex_soft/src/app/view/pages/product.php:87\nStack trace:\n#0 /var/www/apex_soft/src/app/view/pages/product.php(87): project\\{closure}()\n#1 /var/www/apex_soft/src/app/control/Product.php(28): require_once('...')\n#2 /var/www/apex_soft/src/app/core/Router.php(20): project\\control\\Product->view()\n#3 /var/www/apex_soft/src/index.php(22): project\\core\\Router->action()\n#4 {main}\n  thrown in /var/www/apex_soft/src/app/view/pages/product.php on line 87, referer: http://apex_soft/product/view?default_action=update&id=1
[Fri May 10 00:04:37.764348 2024] [php:error] [pid 16780] [client 127.0.0.1:54062] PHP Fatal error:  Uncaught ErrorException: Undefined variable $product in /var/www/apex_soft/src/app/view/pages/product.php:87\nStack trace:\n#0 /var/www/apex_soft/src/app/view/pages/product.php(87): project\\{closure}()\n#1 /var/www/apex_soft/src/app/control/Product.php(28): require_once('...')\n#2 /var/www/apex_soft/src/app/core/Router.php(20): project\\control\\Product->view()\n#3 /var/www/apex_soft/src/index.php(22): project\\core\\Router->action()\n#4 {main}\n  thrown in /var/www/apex_soft/src/app/view/pages/product.php on line 87
[Fri May 10 00:05:24.030397 2024] [php:error] [pid 16781] [client 127.0.0.1:32918] PHP Fatal error:  Uncaught ErrorException: Undefined variable $product in /var/www/apex_soft/src/app/view/pages/product.php:87\nStack trace:\n#0 /var/www/apex_soft/src/app/view/pages/product.php(87): project\\{closure}()\n#1 /var/www/apex_soft/src/app/control/Product.php(28): require_once('...')\n#2 /var/www/apex_soft/src/app/core/Router.php(20): project\\control\\Product->view()\n#3 /var/www/apex_soft/src/index.php(22): project\\core\\Router->action()\n#4 {main}\n  thrown in /var/www/apex_soft/src/app/view/pages/product.php on line 87, referer: http://apex_soft/product/view?default_action=update&id=1
[Fri May 10 00:05:25.430818 2024] [php:error] [pid 16781] [client 127.0.0.1:32918] PHP Fatal error:  Uncaught ErrorException: Undefined variable $product in /var/www/apex_soft/src/app/view/pages/product.php:87\nStack trace:\n#0 /var/www/apex_soft/src/app/view/pages/product.php(87): project\\{closure}()\n#1 /var/www/apex_soft/src/app/control/Product.php(28): require_once('...')\n#2 /var/www/apex_soft/src/app/core/Router.php(20): project\\control\\Product->view()\n#3 /var/www/apex_soft/src/index.php(22): project\\core\\Router->action()\n#4 {main}\n  thrown in /var/www/apex_soft/src/app/view/pages/product.php on line 87, referer: http://apex_soft/product/view?default_action=update&id=1
[Fri May 10 00:06:14.834869 2024] [php:error] [pid 16622] [client 127.0.0.1:33112] PHP Fatal error:  Uncaught ErrorException: Undefined variable $product in /var/www/apex_soft/src/app/view/pages/product.php:87\nStack trace:\n#0 /var/www/apex_soft/src/app/view/pages/product.php(87): project\\{closure}()\n#1 /var/www/apex_soft/src/app/control/Product.php(28): require_once('...')\n#2 /var/www/apex_soft/src/app/core/Router.php(20): project\\control\\Product->view()\n#3 /var/www/apex_soft/src/index.php(22): project\\core\\Router->action()\n#4 {main}\n  thrown in /var/www/apex_soft/src/app/view/pages/product.php on line 87, referer: http://apex_soft/product/view?default_action=update&id=1
[Fri May 10 00:06:19.708447 2024] [php:error] [pid 16622] [client 127.0.0.1:33112] PHP Fatal error:  Uncaught ErrorException: Undefined variable $product in /var/www/apex_soft/src/app/view/pages/product.php:87\nStack trace:\n#0 /var/www/apex_soft/src/app/view/pages/product.php(87): project\\{closure}()\n#1 /var/www/apex_soft/src/app/control/Product.php(28): require_once('...')\n#2 /var/www/apex_soft/src/app/core/Router.php(20): project\\control\\Product->view()\n#3 /var/www/apex_soft/src/index.php(22): project\\core\\Router->action()\n#4 {main}\n  thrown in /var/www/apex_soft/src/app/view/pages/product.php on line 87, referer: http://apex_soft/product/view?default_action=update&id=1
[Fri May 10 00:11:12.689697 2024] [php:error] [pid 16624] [client 127.0.0.1:41578] PHP Fatal error:  Uncaught ErrorException: Undefined variable $product in /var/www/apex_soft/src/app/view/pages/product.php:87\nStack trace:\n#0 /var/www/apex_soft/src/app/view/pages/product.php(87): project\\{closure}()\n#1 /var/www/apex_soft/src/app/control/Product.php(28): require_once('...')\n#2 /var/www/apex_soft/src/app/core/Router.php(20): project\\control\\Product->view()\n#3 /var/www/apex_soft/src/index.php(22): project\\core\\Router->action()\n#4 {main}\n  thrown in /var/www/apex_soft/src/app/view/pages/product.php on line 87, referer: http://apex_soft/catalog/view
[Fri May 10 00:11:23.894944 2024] [php:error] [pid 16621] [client 127.0.0.1:48832] PHP Fatal error:  Uncaught ErrorException: Undefined variable $product in /var/www/apex_soft/src/app/view/pages/product.php:87\nStack trace:\n#0 /var/www/apex_soft/src/app/view/pages/product.php(87): project\\{closure}()\n#1 /var/www/apex_soft/src/app/control/Product.php(28): require_once('...')\n#2 /var/www/apex_soft/src/app/core/Router.php(20): project\\control\\Product->view()\n#3 /var/www/apex_soft/src/index.php(22): project\\core\\Router->action()\n#4 {main}\n  thrown in /var/www/apex_soft/src/app/view/pages/product.php on line 87, referer: http://apex_soft/product/view?default_action=update&id=2
[Fri May 10 00:13:19.167364 2024] [php:error] [pid 16766] [client 127.0.0.1:55824] PHP Fatal error:  Uncaught ErrorException: Undefined variable $product in /var/www/apex_soft/src/app/view/pages/product.php:87\nStack trace:\n#0 /var/www/apex_soft/src/app/view/pages/product.php(87): project\\{closure}()\n#1 /var/www/apex_soft/src/app/control/Product.php(28): require_once('...')\n#2 /var/www/apex_soft/src/app/core/Router.php(20): project\\control\\Product->view()\n#3 /var/www/apex_soft/src/index.php(22): project\\core\\Router->action()\n#4 {main}\n  thrown in /var/www/apex_soft/src/app/view/pages/product.php on line 87, referer: http://apex_soft/catalog/view
[Fri May 10 00:15:12.181342 2024] [php:error] [pid 16620] [client 127.0.0.1:37812] PHP Fatal error:  Uncaught ErrorException: Undefined variable $product in /var/www/apex_soft/src/app/view/pages/product.php:87\nStack trace:\n#0 /var/www/apex_soft/src/app/view/pages/product.php(87): project\\{closure}()\n#1 /var/www/apex_soft/src/app/control/Product.php(28): require_once('...')\n#2 /var/www/apex_soft/src/app/core/Router.php(20): project\\control\\Product->view()\n#3 /var/www/apex_soft/src/index.php(22): project\\core\\Router->action()\n#4 {main}\n  thrown in /var/www/apex_soft/src/app/view/pages/product.php on line 87, referer: http://apex_soft/product/view?default_action=update&id=3
[Fri May 10 11:52:10.969300 2024] [php:error] [pid 16953] [client 127.0.0.1:56408] PHP Fatal error:  Uncaught ErrorException: Undefined variable $product in /var/www/apex_soft/src/app/view/pages/product.php:87\nStack trace:\n#0 /var/www/apex_soft/src/app/view/pages/product.php(87): project\\{closure}()\n#1 /var/www/apex_soft/src/app/control/Product.php(28): require_once('...')\n#2 /var/www/apex_soft/src/app/core/Router.php(20): project\\control\\Product->view()\n#3 /var/www/apex_soft/src/index.php(22): project\\core\\Router->action()\n#4 {main}\n  thrown in /var/www/apex_soft/src/app/view/pages/product.php on line 87, referer: http://apex_soft/catalog/view
[Fri May 10 12:29:30.193627 2024] [php:error] [pid 16622] [client 127.0.0.1:49608] PHP Fatal error:  Declaration of project\\control\\Product::updateProduct($id): void must be compatible with project\\control\\interfaces\\iProduct::updateProduct(): void in /var/www/apex_soft/src/app/control/Product.php on line 41, referer: http://apex_soft/catalog/view
[Fri May 10 12:33:15.269576 2024] [php:error] [pid 16779] [client 127.0.0.1:45542] PHP Fatal error:  Declaration of project\\model\\Product::updateProduct($id): void must be compatible with project\\model\\interfaces\\iProduct::updateProduct(): void in /var/www/apex_soft/src/app/model/Product.php on line 73, referer: http://apex_soft/catalog/view
[Fri May 10 12:33:39.025473 2024] [php:error] [pid 16620] [client 127.0.0.1:45558] PHP Fatal error:  Uncaught ErrorException: Undefined array key "default_action" in /var/www/apex_soft/src/app/view/pages/product.php:86\nStack trace:\n#0 /var/www/apex_soft/src/app/view/pages/product.php(86): project\\{closure}()\n#1 /var/www/apex_soft/src/app/control/Product.php(28): require_once('...')\n#2 /var/www/apex_soft/src/app/core/Router.php(17): project\\control\\Product->view()\n#3 /var/www/apex_soft/src/index.php(22): project\\core\\Router->action()\n#4 {main}\n  thrown in /var/www/apex_soft/src/app/view/pages/product.php on line 86, referer: http://apex_soft/product/view/?default_action=update&id=4
[Fri May 10 12:33:59.616463 2024] [php:error] [pid 16619] [client 127.0.0.1:45084] PHP Fatal error:  Uncaught ErrorException: Undefined array key "default_action" in /var/www/apex_soft/src/app/view/pages/product.php:86\nStack trace:\n#0 /var/www/apex_soft/src/app/view/pages/product.php(86): project\\{closure}()\n#1 /var/www/apex_soft/src/app/control/Product.php(28): require_once('...')\n#2 /var/www/apex_soft/src/app/core/Router.php(17): project\\control\\Product->view()\n#3 /var/www/apex_soft/src/index.php(22): project\\core\\Router->action()\n#4 {main}\n  thrown in /var/www/apex_soft/src/app/view/pages/product.php on line 86, referer: http://apex_soft/product/view/?default_action=update&id=4
[Fri May 10 12:35:12.087937 2024] [php:error] [pid 25143] [client 127.0.0.1:38786] PHP Fatal error:  Uncaught ErrorException: Undefined array key "default_action" in /var/www/apex_soft/src/app/view/pages/product.php:86\nStack trace:\n#0 /var/www/apex_soft/src/app/view/pages/product.php(86): project\\{closure}()\n#1 /var/www/apex_soft/src/app/control/Product.php(28): require_once('...')\n#2 /var/www/apex_soft/src/app/core/Router.php(17): project\\control\\Product->view()\n#3 /var/www/apex_soft/src/index.php(22): project\\core\\Router->action()\n#4 {main}\n  thrown in /var/www/apex_soft/src/app/view/pages/product.php on line 86, referer: http://apex_soft/product/view/?default_action=update&id=4
[Fri May 10 12:40:12.401383 2024] [php:error] [pid 16620] [client 127.0.0.1:46354] PHP Fatal error:  Uncaught ErrorException: Undefined variable $id in /var/www/apex_soft/src/app/control/Product.php:54\nStack trace:\n#0 /var/www/apex_soft/src/app/control/Product.php(54): project\\{closure}()\n#1 /var/www/apex_soft/src/app/core/Router.php(17): project\\control\\Product->deleteProduct()\n#2 /var/www/apex_soft/src/index.php(22): project\\core\\Router->action()\n#3 {main}\n  thrown in /var/www/apex_soft/src/app/control/Product.php on line 54, referer: http://apex_soft/product/view/?default_action=update&id=4
[Fri May 10 12:40:12.405510 2024] [php:error] [pid 16620] [client 127.0.0.1:46354] PHP Fatal error:  Uncaught ErrorException: Undefined array key "default_action" in /var/www/apex_soft/src/app/view/pages/product.php:86\nStack trace:\n#0 /var/www/apex_soft/src/app/view/pages/product.php(86): project\\{closure}()\n#1 /var/www/apex_soft/src/app/control/Product.php(28): require_once('...')\n#2 /var/www/apex_soft/src/app/core/Router.php(17): project\\control\\Product->view()\n#3 /var/www/apex_soft/src/index.php(22): project\\core\\Router->action()\n#4 {main}\n  thrown in /var/www/apex_soft/src/app/view/pages/product.php on line 86, referer: http://apex_soft/product/view/?default_action=update&id=4
[Fri May 10 12:40:43.142711 2024] [php:error] [pid 16619] [client 127.0.0.1:33544] PHP Fatal error:  Uncaught ErrorException: Undefined variable $id in /var/www/apex_soft/src/app/control/Product.php:54\nStack trace:\n#0 /var/www/apex_soft/src/app/control/Product.php(54): project\\{closure}()\n#1 /var/www/apex_soft/src/app/core/Router.php(17): project\\control\\Product->deleteProduct()\n#2 /var/www/apex_soft/src/index.php(22): project\\core\\Router->action()\n#3 {main}\n  thrown in /var/www/apex_soft/src/app/control/Product.php on line 54, referer: http://apex_soft/product/view/?default_action=update&id=4
[Fri May 10 12:40:43.146316 2024] [php:error] [pid 16619] [client 127.0.0.1:33544] PHP Fatal error:  Uncaught ErrorException: Undefined array key "default_action" in /var/www/apex_soft/src/app/view/pages/product.php:86\nStack trace:\n#0 /var/www/apex_soft/src/app/view/pages/product.php(86): project\\{closure}()\n#1 /var/www/apex_soft/src/app/control/Product.php(28): require_once('...')\n#2 /var/www/apex_soft/src/app/core/Router.php(17): project\\control\\Product->view()\n#3 /var/www/apex_soft/src/index.php(22): project\\core\\Router->action()\n#4 {main}\n  thrown in /var/www/apex_soft/src/app/view/pages/product.php on line 86, referer: http://apex_soft/product/view/?default_action=update&id=4
[Fri May 10 12:40:51.014237 2024] [php:error] [pid 16766] [client 127.0.0.1:33554] PHP Fatal error:  Uncaught ErrorException: Undefined array key "default_action" in /var/www/apex_soft/src/app/view/pages/product.php:86\nStack trace:\n#0 /var/www/apex_soft/src/app/view/pages/product.php(86): project\\{closure}()\n#1 /var/www/apex_soft/src/app/control/Product.php(28): require_once('...')\n#2 /var/www/apex_soft/src/app/core/Router.php(17): project\\control\\Product->view()\n#3 /var/www/apex_soft/src/index.php(22): project\\core\\Router->action()\n#4 {main}\n  thrown in /var/www/apex_soft/src/app/view/pages/product.php on line 86, referer: http://apex_soft/product/view/?default_action=update&id=4
[Fri May 10 12:40:52.447970 2024] [php:error] [pid 16619] [client 127.0.0.1:33544] PHP Fatal error:  Uncaught ErrorException: Undefined variable $id in /var/www/apex_soft/src/app/control/Product.php:54\nStack trace:\n#0 /var/www/apex_soft/src/app/control/Product.php(54): project\\{closure}()\n#1 /var/www/apex_soft/src/app/core/Router.php(17): project\\control\\Product->deleteProduct()\n#2 /var/www/apex_soft/src/index.php(22): project\\core\\Router->action()\n#3 {main}\n  thrown in /var/www/apex_soft/src/app/control/Product.php on line 54, referer: http://apex_soft/product/view/?default_action=update&id=4
[Fri May 10 12:42:39.575715 2024] [php:error] [pid 24280] [client 127.0.0.1:33350] PHP Fatal error:  Uncaught ErrorException: Undefined array key "default_action" in /var/www/apex_soft/src/app/view/pages/product.php:86\nStack trace:\n#0 /var/www/apex_soft/src/app/view/pages/product.php(86): project\\{closure}()\n#1 /var/www/apex_soft/src/app/control/Product.php(28): require_once('...')\n#2 /var/www/apex_soft/src/app/core/Router.php(20): project\\control\\Product->view()\n#3 /var/www/apex_soft/src/index.php(22): project\\core\\Router->action()\n#4 {main}\n  thrown in /var/www/apex_soft/src/app/view/pages/product.php on line 86
[Fri May 10 12:42:41.207177 2024] [php:error] [pid 24280] [client 127.0.0.1:33350] PHP Fatal error:  Declaration of project\\model\\Product::updateProduct(int $id): void must be compatible with project\\model\\interfaces\\iProduct::updateProduct($id): void in /var/www/apex_soft/src/app/model/Product.php on line 73, referer: http://apex_soft/product/view
[Fri May 10 12:43:49.324954 2024] [php:error] [pid 25143] [client 127.0.0.1:53268] PHP Fatal error:  Declaration of project\\model\\Product::updateProduct(int $id): void must be compatible with project\\model\\interfaces\\iProduct::updateProduct($id): void in /var/www/apex_soft/src/app/model/Product.php on line 73
[Fri May 10 12:44:32.860847 2024] [php:error] [pid 16780] [client 127.0.0.1:41398] PHP Fatal error:  Uncaught ErrorException: Undefined array key "default_action" in /var/www/apex_soft/src/app/view/pages/product.php:86\nStack trace:\n#0 /var/www/apex_soft/src/app/view/pages/product.php(86): project\\{closure}()\n#1 /var/www/apex_soft/src/app/control/Product.php(28): require_once('...')\n#2 /var/www/apex_soft/src/app/core/Router.php(17): project\\control\\Product->view()\n#3 /var/www/apex_soft/src/index.php(22): project\\core\\Router->action()\n#4 {main}\n  thrown in /var/www/apex_soft/src/app/view/pages/product.php on line 86, referer: http://apex_soft/product/view/?default_action=update&id=4
[Fri May 10 12:44:37.891065 2024] [php:error] [pid 16780] [client 127.0.0.1:41398] PHP Fatal error:  Uncaught ErrorException: Undefined variable $product in /var/www/apex_soft/src/app/view/pages/product.php:86\nStack trace:\n#0 /var/www/apex_soft/src/app/view/pages/product.php(86): project\\{closure}()\n#1 /var/www/apex_soft/src/app/control/Product.php(28): require_once('...')\n#2 /var/www/apex_soft/src/app/core/Router.php(20): project\\control\\Product->view()\n#3 /var/www/apex_soft/src/index.php(22): project\\core\\Router->action()\n#4 {main}\n  thrown in /var/www/apex_soft/src/app/view/pages/product.php on line 86, referer: http://apex_soft/catalog/view
[Fri May 10 12:45:51.176072 2024] [php:error] [pid 25170] [client 127.0.0.1:35228] PHP Fatal error:  Uncaught ErrorException: Undefined array key "default_action" in /var/www/apex_soft/src/app/view/pages/product.php:86\nStack trace:\n#0 /var/www/apex_soft/src/app/view/pages/product.php(86): project\\{closure}()\n#1 /var/www/apex_soft/src/app/control/Product.php(28): require_once('...')\n#2 /var/www/apex_soft/src/app/core/Router.php(20): project\\control\\Product->view()\n#3 /var/www/apex_soft/src/index.php(22): project\\core\\Router->action()\n#4 {main}\n  thrown in /var/www/apex_soft/src/app/view/pages/product.php on line 86
[Fri May 10 12:50:18.346764 2024] [php:error] [pid 16620] [client 127.0.0.1:40482] PHP Fatal error:  Uncaught ErrorException: Undefined variable $product in /var/www/apex_soft/src/app/view/pages/product.php:86\nStack trace:\n#0 /var/www/apex_soft/src/app/view/pages/product.php(86): project\\{closure}()\n#1 /var/www/apex_soft/src/app/control/Product.php(28): require_once('...')\n#2 /var/www/apex_soft/src/app/core/Router.php(20): project\\control\\Product->view()\n#3 /var/www/apex_soft/src/index.php(22): project\\core\\Router->action()\n#4 {main}\n  thrown in /var/www/apex_soft/src/app/view/pages/product.php on line 86
[Fri May 10 12:50:19.628344 2024] [php:error] [pid 16620] [client 127.0.0.1:40482] PHP Fatal error:  Uncaught ErrorException: Undefined variable $product in /var/www/apex_soft/src/app/view/pages/product.php:86\nStack trace:\n#0 /var/www/apex_soft/src/app/view/pages/product.php(86): project\\{closure}()\n#1 /var/www/apex_soft/src/app/control/Product.php(28): require_once('...')\n#2 /var/www/apex_soft/src/app/core/Router.php(20): project\\control\\Product->view()\n#3 /var/www/apex_soft/src/index.php(22): project\\core\\Router->action()\n#4 {main}\n  thrown in /var/www/apex_soft/src/app/view/pages/product.php on line 86
[Fri May 10 12:50:19.805232 2024] [php:error] [pid 16620] [client 127.0.0.1:40482] PHP Fatal error:  Uncaught ErrorException: Undefined variable $product in /var/www/apex_soft/src/app/view/pages/product.php:86\nStack trace:\n#0 /var/www/apex_soft/src/app/view/pages/product.php(86): project\\{closure}()\n#1 /var/www/apex_soft/src/app/control/Product.php(28): require_once('...')\n#2 /var/www/apex_soft/src/app/core/Router.php(20): project\\control\\Product->view()\n#3 /var/www/apex_soft/src/index.php(22): project\\core\\Router->action()\n#4 {main}\n  thrown in /var/www/apex_soft/src/app/view/pages/product.php on line 86
[Fri May 10 12:50:19.955463 2024] [php:error] [pid 16620] [client 127.0.0.1:40482] PHP Fatal error:  Uncaught ErrorException: Undefined variable $product in /var/www/apex_soft/src/app/view/pages/product.php:86\nStack trace:\n#0 /var/www/apex_soft/src/app/view/pages/product.php(86): project\\{closure}()\n#1 /var/www/apex_soft/src/app/control/Product.php(28): require_once('...')\n#2 /var/www/apex_soft/src/app/core/Router.php(20): project\\control\\Product->view()\n#3 /var/www/apex_soft/src/index.php(22): project\\core\\Router->action()\n#4 {main}\n  thrown in /var/www/apex_soft/src/app/view/pages/product.php on line 86
[Fri May 10 12:50:20.793731 2024] [php:error] [pid 16620] [client 127.0.0.1:40482] PHP Fatal error:  Uncaught ErrorException: Undefined variable $product in /var/www/apex_soft/src/app/view/pages/product.php:86\nStack trace:\n#0 /var/www/apex_soft/src/app/view/pages/product.php(86): project\\{closure}()\n#1 /var/www/apex_soft/src/app/control/Product.php(28): require_once('...')\n#2 /var/www/apex_soft/src/app/core/Router.php(20): project\\control\\Product->view()\n#3 /var/www/apex_soft/src/index.php(22): project\\core\\Router->action()\n#4 {main}\n  thrown in /var/www/apex_soft/src/app/view/pages/product.php on line 86
[Fri May 10 12:57:35.672761 2024] [php:error] [pid 25170] [client 127.0.0.1:38664] PHP Fatal error:  Uncaught ErrorException: Undefined variable $product in /var/www/apex_soft/src/app/view/pages/product.php:92\nStack trace:\n#0 /var/www/apex_soft/src/app/view/pages/product.php(92): project\\{closure}()\n#1 /var/www/apex_soft/src/app/control/Product.php(28): require_once('...')\n#2 /var/www/apex_soft/src/app/core/Router.php(20): project\\control\\Product->view()\n#3 /var/www/apex_soft/src/index.php(22): project\\core\\Router->action()\n#4 {main}\n  thrown in /var/www/apex_soft/src/app/view/pages/product.php on line 92
[Fri May 10 12:58:39.252327 2024] [php:error] [pid 16624] [client 127.0.0.1:47784] PHP Fatal error:  Uncaught ErrorException: Undefined variable $product in /var/www/apex_soft/src/app/view/pages/product.php:92\nStack trace:\n#0 /var/www/apex_soft/src/app/view/pages/product.php(92): project\\{closure}()\n#1 /var/www/apex_soft/src/app/control/Product.php(28): require_once('...')\n#2 /var/www/apex_soft/src/app/core/Router.php(20): project\\control\\Product->view()\n#3 /var/www/apex_soft/src/index.php(22): project\\core\\Router->action()\n#4 {main}\n  thrown in /var/www/apex_soft/src/app/view/pages/product.php on line 92, referer: http://apex_soft/catalog/view
[Fri May 10 13:00:01.640693 2024] [php:error] [pid 25170] [client 127.0.0.1:51686] PHP Fatal error:  Uncaught ErrorException: Undefined variable $product in /var/www/apex_soft/src/app/view/pages/product.php:92\nStack trace:\n#0 /var/www/apex_soft/src/app/view/pages/product.php(92): project\\{closure}()\n#1 /var/www/apex_soft/src/app/control/Product.php(28): require_once('...')\n#2 /var/www/apex_soft/src/app/core/Router.php(17): project\\control\\Product->view()\n#3 /var/www/apex_soft/src/index.php(22): project\\core\\Router->action()\n#4 {main}\n  thrown in /var/www/apex_soft/src/app/view/pages/product.php on line 92, referer: http://apex_soft/product/view/?default_action=update&id=1
[Fri May 10 13:00:04.637237 2024] [php:error] [pid 25170] [client 127.0.0.1:51686] PHP Fatal error:  Uncaught ErrorException: Undefined variable $product in /var/www/apex_soft/src/app/view/pages/product.php:92\nStack trace:\n#0 /var/www/apex_soft/src/app/view/pages/product.php(92): project\\{closure}()\n#1 /var/www/apex_soft/src/app/control/Product.php(28): require_once('...')\n#2 /var/www/apex_soft/src/app/core/Router.php(20): project\\control\\Product->view()\n#3 /var/www/apex_soft/src/index.php(22): project\\core\\Router->action()\n#4 {main}\n  thrown in /var/www/apex_soft/src/app/view/pages/product.php on line 92, referer: http://apex_soft/catalog/view
[Fri May 10 13:07:24.001193 2024] [php:error] [pid 16619] [client 127.0.0.1:46998] PHP Fatal error:  Uncaught ErrorException: Undefined variable $product in /var/www/apex_soft/src/app/view/pages/product.php:92\nStack trace:\n#0 /var/www/apex_soft/src/app/view/pages/product.php(92): project\\{closure}()\n#1 /var/www/apex_soft/src/app/control/Product.php(28): require_once('...')\n#2 /var/www/apex_soft/src/app/core/Router.php(20): project\\control\\Product->view()\n#3 /var/www/apex_soft/src/index.php(22): project\\core\\Router->action()\n#4 {main}\n  thrown in /var/www/apex_soft/src/app/view/pages/product.php on line 92, referer: http://apex_soft/catalog/view
[Fri May 10 13:21:23.502136 2024] [php:error] [pid 16624] [client 127.0.0.1:53502] PHP Fatal error:  Uncaught ErrorException: Undefined variable $product in /var/www/apex_soft/src/app/view/pages/product.php:92\nStack trace:\n#0 /var/www/apex_soft/src/app/view/pages/product.php(92): project\\{closure}()\n#1 /var/www/apex_soft/src/app/control/Product.php(28): require_once('...')\n#2 /var/www/apex_soft/src/app/core/Router.php(20): project\\control\\Product->view()\n#3 /var/www/apex_soft/src/index.php(22): project\\core\\Router->action()\n#4 {main}\n  thrown in /var/www/apex_soft/src/app/view/pages/product.php on line 92, referer: http://apex_soft/catalog/view
[Fri May 10 13:21:26.986805 2024] [php:error] [pid 16624] [client 127.0.0.1:53502] PHP Fatal error:  Uncaught ErrorException: Undefined variable $product in /var/www/apex_soft/src/app/view/pages/product.php:92\nStack trace:\n#0 /var/www/apex_soft/src/app/view/pages/product.php(92): project\\{closure}()\n#1 /var/www/apex_soft/src/app/control/Product.php(28): require_once('...')\n#2 /var/www/apex_soft/src/app/core/Router.php(20): project\\control\\Product->view()\n#3 /var/www/apex_soft/src/index.php(22): project\\core\\Router->action()\n#4 {main}\n  thrown in /var/www/apex_soft/src/app/view/pages/product.php on line 92, referer: http://apex_soft/catalog/view
[Fri May 10 13:22:02.828046 2024] [php:warn] [pid 25170] [client 127.0.0.1:34632] PHP Warning:  Undefined variable $product in /var/www/apex_soft/src/app/view/pages/product.php on line 92, referer: http://apex_soft/catalog/view
[Fri May 10 13:22:02.828066 2024] [php:warn] [pid 25170] [client 127.0.0.1:34632] PHP Warning:  Attempt to read property "ID" on null in /var/www/apex_soft/src/app/view/pages/product.php on line 92, referer: http://apex_soft/catalog/view
[Fri May 10 13:22:02.828072 2024] [php:warn] [pid 25170] [client 127.0.0.1:34632] PHP Warning:  Undefined variable $product in /var/www/apex_soft/src/app/view/pages/product.php on line 139, referer: http://apex_soft/catalog/view
[Fri May 10 13:22:02.828075 2024] [php:warn] [pid 25170] [client 127.0.0.1:34632] PHP Warning:  Attempt to read property "ID" on null in /var/www/apex_soft/src/app/view/pages/product.php on line 139, referer: http://apex_soft/catalog/view
[Fri May 10 13:44:26.356153 2024] [php:warn] [pid 24280] [client 127.0.0.1:47378] PHP Warning:  Undefined variable $product in /var/www/apex_soft/src/app/view/pages/product.php on line 92, referer: http://apex_soft/catalog/view
[Fri May 10 13:44:26.356177 2024] [php:warn] [pid 24280] [client 127.0.0.1:47378] PHP Warning:  Attempt to read property "ID" on null in /var/www/apex_soft/src/app/view/pages/product.php on line 92, referer: http://apex_soft/catalog/view
[Fri May 10 13:44:27.483535 2024] [php:warn] [pid 24280] [client 127.0.0.1:47378] PHP Warning:  Undefined variable $product in /var/www/apex_soft/src/app/view/pages/product.php on line 92, referer: http://apex_soft/catalog/view
[Fri May 10 13:44:27.483557 2024] [php:warn] [pid 24280] [client 127.0.0.1:47378] PHP Warning:  Attempt to read property "ID" on null in /var/www/apex_soft/src/app/view/pages/product.php on line 92, referer: http://apex_soft/catalog/view
[Fri May 10 13:44:28.051783 2024] [php:warn] [pid 24280] [client 127.0.0.1:47378] PHP Warning:  Undefined variable $product in /var/www/apex_soft/src/app/view/pages/product.php on line 92, referer: http://apex_soft/catalog/view
[Fri May 10 13:44:28.051802 2024] [php:warn] [pid 24280] [client 127.0.0.1:47378] PHP Warning:  Attempt to read property "ID" on null in /var/www/apex_soft/src/app/view/pages/product.php on line 92, referer: http://apex_soft/catalog/view
[Fri May 10 13:44:28.292151 2024] [php:warn] [pid 24280] [client 127.0.0.1:47378] PHP Warning:  Undefined variable $product in /var/www/apex_soft/src/app/view/pages/product.php on line 92, referer: http://apex_soft/catalog/view
[Fri May 10 13:44:28.292166 2024] [php:warn] [pid 24280] [client 127.0.0.1:47378] PHP Warning:  Attempt to read property "ID" on null in /var/www/apex_soft/src/app/view/pages/product.php on line 92, referer: http://apex_soft/catalog/view
[Fri May 10 13:44:28.476950 2024] [php:warn] [pid 24280] [client 127.0.0.1:47378] PHP Warning:  Undefined variable $product in /var/www/apex_soft/src/app/view/pages/product.php on line 92, referer: http://apex_soft/catalog/view
[Fri May 10 13:44:28.476966 2024] [php:warn] [pid 24280] [client 127.0.0.1:47378] PHP Warning:  Attempt to read property "ID" on null in /var/www/apex_soft/src/app/view/pages/product.php on line 92, referer: http://apex_soft/catalog/view
[Fri May 10 13:44:28.664532 2024] [php:warn] [pid 24280] [client 127.0.0.1:47378] PHP Warning:  Undefined variable $product in /var/www/apex_soft/src/app/view/pages/product.php on line 92, referer: http://apex_soft/catalog/view
[Fri May 10 13:44:28.664548 2024] [php:warn] [pid 24280] [client 127.0.0.1:47378] PHP Warning:  Attempt to read property "ID" on null in /var/www/apex_soft/src/app/view/pages/product.php on line 92, referer: http://apex_soft/catalog/view
[Fri May 10 13:44:28.813257 2024] [php:warn] [pid 24280] [client 127.0.0.1:47378] PHP Warning:  Undefined variable $product in /var/www/apex_soft/src/app/view/pages/product.php on line 92, referer: http://apex_soft/catalog/view
[Fri May 10 13:44:28.813277 2024] [php:warn] [pid 24280] [client 127.0.0.1:47378] PHP Warning:  Attempt to read property "ID" on null in /var/www/apex_soft/src/app/view/pages/product.php on line 92, referer: http://apex_soft/catalog/view
[Fri May 10 13:44:36.165135 2024] [php:warn] [pid 16779] [client 127.0.0.1:47392] PHP Warning:  Undefined variable $product in /var/www/apex_soft/src/app/view/pages/product.php on line 92, referer: http://apex_soft/catalog/view
[Fri May 10 13:44:36.165170 2024] [php:warn] [pid 16779] [client 127.0.0.1:47392] PHP Warning:  Attempt to read property "ID" on null in /var/www/apex_soft/src/app/view/pages/product.php on line 92, referer: http://apex_soft/catalog/view
[Fri May 10 13:44:49.553300 2024] [php:warn] [pid 16619] [client 127.0.0.1:59416] PHP Warning:  Undefined variable $product in /var/www/apex_soft/src/app/view/pages/product.php on line 92, referer: http://apex_soft/catalog/view
[Fri May 10 13:44:49.553336 2024] [php:warn] [pid 16619] [client 127.0.0.1:59416] PHP Warning:  Attempt to read property "ID" on null in /var/www/apex_soft/src/app/view/pages/product.php on line 92, referer: http://apex_soft/catalog/view
[Fri May 10 13:45:19.824194 2024] [php:warn] [pid 16619] [client 127.0.0.1:59416] PHP Warning:  Undefined variable $product in /var/www/apex_soft/src/app/view/pages/product.php on line 92, referer: http://apex_soft/catalog/view
[Fri May 10 13:45:19.824241 2024] [php:warn] [pid 16619] [client 127.0.0.1:59416] PHP Warning:  Attempt to read property "ID" on null in /var/www/apex_soft/src/app/view/pages/product.php on line 92, referer: http://apex_soft/catalog/view
[Fri May 10 13:45:27.800416 2024] [php:warn] [pid 16619] [client 127.0.0.1:59416] PHP Warning:  Undefined variable $product in /var/www/apex_soft/src/app/view/pages/product.php on line 92, referer: http://apex_soft/catalog/view
[Fri May 10 13:45:27.800436 2024] [php:warn] [pid 16619] [client 127.0.0.1:59416] PHP Warning:  Attempt to read property "ID" on null in /var/www/apex_soft/src/app/view/pages/product.php on line 92, referer: http://apex_soft/catalog/view
[Fri May 10 14:35:32.228186 2024] [php:warn] [pid 29216] [client 127.0.0.1:37272] PHP Warning:  Undefined variable $data in /var/www/apex_soft/src/app/model/Product.php on line 36, referer: http://apex_soft/catalog/view
[Fri May 10 14:35:32.228209 2024] [php:warn] [pid 29216] [client 127.0.0.1:37272] PHP Warning:  Trying to access array offset on value of type null in /var/www/apex_soft/src/app/model/Product.php on line 36, referer: http://apex_soft/catalog/view
[Fri May 10 14:36:29.372299 2024] [php:warn] [pid 29216] [client 127.0.0.1:37272] PHP Warning:  Undefined variable $data in /var/www/apex_soft/src/app/model/Product.php on line 36, referer: http://apex_soft/catalog/view
[Fri May 10 14:36:29.372322 2024] [php:warn] [pid 29216] [client 127.0.0.1:37272] PHP Warning:  Trying to access array offset on value of type null in /var/www/apex_soft/src/app/model/Product.php on line 36, referer: http://apex_soft/catalog/view
[Fri May 10 14:37:04.183883 2024] [php:warn] [pid 29216] [client 127.0.0.1:37272] PHP Warning:  Undefined variable $data in /var/www/apex_soft/src/app/model/Product.php on line 36, referer: http://apex_soft/catalog/view
[Fri May 10 14:37:04.183905 2024] [php:warn] [pid 29216] [client 127.0.0.1:37272] PHP Warning:  Trying to access array offset on value of type null in /var/www/apex_soft/src/app/model/Product.php on line 36, referer: http://apex_soft/catalog/view
[Fri May 10 14:49:19.948114 2024] [php:error] [pid 27272] [client 127.0.0.1:32958] PHP Fatal error:  Uncaught Error: Typed property project\\model\\Product::$ID must not be accessed before initialization in /var/www/apex_soft/src/app/model/Product.php:167\nStack trace:\n#0 /var/www/apex_soft/src/app/model/Product.php(96): project\\model\\Product->saveGotImageToFilesystem()\n#1 /var/www/apex_soft/src/app/control/Product.php(45): project\\model\\Product->updateProduct()\n#2 /var/www/apex_soft/src/app/core/Router.php(17): project\\control\\Product->updateProduct()\n#3 /var/www/apex_soft/src/index.php(22): project\\core\\Router->action()\n#4 {main}\n  thrown in /var/www/apex_soft/src/app/model/Product.php on line 167, referer: http://apex_soft/product/view/?default_action=update&id=6
[Fri May 10 14:52:00.840495 2024] [php:error] [pid 25143] [client 127.0.0.1:34040] PHP Fatal error:  Uncaught ArgumentCountError: Too few arguments to function project\\model\\Product::saveGotImageToFilesystem(), 1 passed in /var/www/apex_soft/src/app/model/Product.php on line 96 and exactly 2 expected in /var/www/apex_soft/src/app/model/Product.php:166\nStack trace:\n#0 /var/www/apex_soft/src/app/model/Product.php(96): project\\model\\Product->saveGotImageToFilesystem()\n#1 /var/www/apex_soft/src/app/control/Product.php(45): project\\model\\Product->updateProduct()\n#2 /var/www/apex_soft/src/app/core/Router.php(17): project\\control\\Product->updateProduct()\n#3 /var/www/apex_soft/src/index.php(22): project\\core\\Router->action()\n#4 {main}\n  thrown in /var/www/apex_soft/src/app/model/Product.php on line 166, referer: http://apex_soft/product/view/?default_action=update&id=6
[Fri May 10 14:59:54.924183 2024] [php:error] [pid 26507] [client 127.0.0.1:60462] PHP Fatal error:  Uncaught ArgumentCountError: Too few arguments to function project\\model\\Product::saveGotImageToFilesystem(), 1 passed in /var/www/apex_soft/src/app/model/Product.php on line 62 and exactly 2 expected in /var/www/apex_soft/src/app/model/Product.php:167\nStack trace:\n#0 /var/www/apex_soft/src/app/model/Product.php(62): project\\model\\Product->saveGotImageToFilesystem()\n#1 /var/www/apex_soft/src/app/control/Product.php(34): project\\model\\Product->createProduct()\n#2 /var/www/apex_soft/src/app/core/Router.php(17): project\\control\\Product->createProduct()\n#3 /var/www/apex_soft/src/index.php(22): project\\core\\Router->action()\n#4 {main}\n  thrown in /var/www/apex_soft/src/app/model/Product.php on line 167, referer: http://apex_soft/product/view?default_action=create
[Fri May 10 17:11:59.972676 2024] [php:error] [pid 29216] [client 127.0.0.1:48562] PHP Fatal error:  Uncaught Error: Typed property project\\model\\Product::$imageFormat must not be accessed before initialization in /var/www/apex_soft/src/app/model/Product.php:203\nStack trace:\n#0 /var/www/apex_soft/src/app/model/Product.php(80): project\\model\\Product->saveGotImageToFilesystem()\n#1 /var/www/apex_soft/src/app/control/Product.php(34): project\\model\\Product->createProduct()\n#2 /var/www/apex_soft/src/app/core/Router.php(17): project\\control\\Product->createProduct()\n#3 /var/www/apex_soft/src/index.php(22): project\\core\\Router->action()\n#4 {main}\n  thrown in /var/www/apex_soft/src/app/model/Product.php on line 203, referer: http://apex_soft/product/view?default_action=create
[Fri May 10 17:30:25.129305 2024] [php:warn] [pid 29216] [client 127.0.0.1:33212] PHP Warning:  Undefined variable $mysql in /var/www/apex_soft/src/app/model/Product.php on line 425, referer: http://apex_soft/product/view/?default_action=update&id=8
[Fri May 10 17:30:25.129357 2024] [php:error] [pid 29216] [client 127.0.0.1:33212] PHP Fatal error:  Uncaught Error: Call to a member function query() on null in /var/www/apex_soft/src/app/model/Product.php:425\nStack trace:\n#0 /var/www/apex_soft/src/app/model/Product.php(131): project\\model\\Product->getImageName()\n#1 /var/www/apex_soft/src/app/control/Product.php(45): project\\model\\Product->updateProduct()\n#2 /var/www/apex_soft/src/app/core/Router.php(17): project\\control\\Product->updateProduct()\n#3 /var/www/apex_soft/src/index.php(22): project\\core\\Router->action()\n#4 {main}\n  thrown in /var/www/apex_soft/src/app/model/Product.php on line 425, referer: http://apex_soft/product/view/?default_action=update&id=8
[Fri May 10 17:31:56.404074 2024] [php:warn] [pid 35910] [client 127.0.0.1:39806] PHP Warning:  Undefined variable $mysql in /var/www/apex_soft/src/app/model/Product.php on line 426, referer: http://apex_soft/product/view/?default_action=update&id=8
[Fri May 10 17:31:56.404154 2024] [php:error] [pid 35910] [client 127.0.0.1:39806] PHP Fatal error:  Uncaught Error: Call to a member function query() on null in /var/www/apex_soft/src/app/model/Product.php:426\nStack trace:\n#0 /var/www/apex_soft/src/app/model/Product.php(125): project\\model\\Product->getImageName()\n#1 /var/www/apex_soft/src/app/control/Product.php(45): project\\model\\Product->updateProduct()\n#2 /var/www/apex_soft/src/app/core/Router.php(17): project\\control\\Product->updateProduct()\n#3 /var/www/apex_soft/src/index.php(22): project\\core\\Router->action()\n#4 {main}\n  thrown in /var/www/apex_soft/src/app/model/Product.php on line 426, referer: http://apex_soft/product/view/?default_action=update&id=8
[Fri May 10 17:32:37.429908 2024] [php:error] [pid 16624] [client 127.0.0.1:52136] PHP Fatal error:  Uncaught TypeError: Cannot assign array to property project\\model\\Product::$imageName of type string in /var/www/apex_soft/src/app/model/Product.php:428\nStack trace:\n#0 /var/www/apex_soft/src/app/model/Product.php(125): project\\model\\Product->getImageName()\n#1 /var/www/apex_soft/src/app/control/Product.php(45): project\\model\\Product->updateProduct()\n#2 /var/www/apex_soft/src/app/core/Router.php(17): project\\control\\Product->updateProduct()\n#3 /var/www/apex_soft/src/index.php(22): project\\core\\Router->action()\n#4 {main}\n  thrown in /var/www/apex_soft/src/app/model/Product.php on line 428, referer: http://apex_soft/product/view/?default_action=update&id=8
[Fri May 10 17:34:38.609952 2024] [php:error] [pid 32022] [client 127.0.0.1:46008] PHP Fatal error:  Uncaught TypeError: Cannot assign array to property project\\model\\Product::$imageName of type string in /var/www/apex_soft/src/app/model/Product.php:428\nStack trace:\n#0 /var/www/apex_soft/src/app/model/Product.php(125): project\\model\\Product->getImageName()\n#1 /var/www/apex_soft/src/app/control/Product.php(45): project\\model\\Product->updateProduct()\n#2 /var/www/apex_soft/src/app/core/Router.php(17): project\\control\\Product->updateProduct()\n#3 /var/www/apex_soft/src/index.php(22): project\\core\\Router->action()\n#4 {main}\n  thrown in /var/www/apex_soft/src/app/model/Product.php on line 428, referer: http://apex_soft/product/view/?default_action=update&id=8
[Fri May 10 17:38:20.504180 2024] [php:error] [pid 24280] [client 127.0.0.1:36576] PHP Fatal error:  Uncaught TypeError: project\\model\\Product::getImageName(): Return value must be of type string, none returned in /var/www/apex_soft/src/app/model/Product.php:430\nStack trace:\n#0 /var/www/apex_soft/src/app/model/Product.php(125): project\\model\\Product->getImageName()\n#1 /var/www/apex_soft/src/app/control/Product.php(45): project\\model\\Product->updateProduct()\n#2 /var/www/apex_soft/src/app/core/Router.php(17): project\\control\\Product->updateProduct()\n#3 /var/www/apex_soft/src/index.php(22): project\\core\\Router->action()\n#4 {main}\n  thrown in /var/www/apex_soft/src/app/model/Product.php on line 430, referer: http://apex_soft/product/view/?default_action=update&id=8
[Fri May 10 17:45:28.758359 2024] [php:error] [pid 24280] [client 127.0.0.1:57376] PHP Fatal error:  Uncaught mysqli_sql_exception: Duplicate entry '\xd0\x9d\xd0\xb0\xd0\xb7\xd0\xb2\xd0\xb0\xd0\xbd\xd0\xb8\xd0\xb5 \xd1\x82\xd0\xbe\xd0\xb2\xd0\xb0\xd1\x80\xd0\xb0' for key 'all_products.product_name' in /var/www/apex_soft/src/app/model/Product.php:389\nStack trace:\n#0 /var/www/apex_soft/src/app/model/Product.php(389): mysqli_stmt->execute()\n#1 /var/www/apex_soft/src/app/model/Product.php(82): project\\model\\Product->writeProductData()\n#2 /var/www/apex_soft/src/app/control/Product.php(34): project\\model\\Product->createProduct()\n#3 /var/www/apex_soft/src/app/core/Router.php(17): project\\control\\Product->createProduct()\n#4 /var/www/apex_soft/src/index.php(22): project\\core\\Router->action()\n#5 {main}\n  thrown in /var/www/apex_soft/src/app/model/Product.php on line 389, referer: http://apex_soft/product/view?default_action=create
[Fri May 10 17:58:24.950039 2024] [php:error] [pid 32022] [client 127.0.0.1:58044] PHP Fatal error:  Uncaught UnhandledMatchError: Unhandled match case 4 in /var/www/apex_soft/src/app/model/Product.php:244\nStack trace:\n#0 /var/www/apex_soft/src/app/model/Product.php(142): project\\model\\Product->getImageError()\n#1 /var/www/apex_soft/src/app/control/Product.php(45): project\\model\\Product->updateProduct()\n#2 /var/www/apex_soft/src/app/core/Router.php(17): project\\control\\Product->updateProduct()\n#3 /var/www/apex_soft/src/index.php(22): project\\core\\Router->action()\n#4 {main}\n  thrown in /var/www/apex_soft/src/app/model/Product.php on line 244, referer: http://apex_soft/product/view/?default_action=update&id=10
[Fri May 10 18:10:08.914725 2024] [php:error] [pid 40989] [client 127.0.0.1:47384] PHP Fatal error:  Uncaught Error: Typed property project\\model\\Product::$ID must not be accessed before initialization in /var/www/apex_soft/src/app/model/Product.php:364\nStack trace:\n#0 /var/www/apex_soft/src/app/model/Product.php(133): project\\model\\Product->validateProductNameExistence()\n#1 /var/www/apex_soft/src/app/control/Product.php(45): project\\model\\Product->updateProduct()\n#2 /var/www/apex_soft/src/app/core/Router.php(17): project\\control\\Product->updateProduct()\n#3 /var/www/apex_soft/src/index.php(22): project\\core\\Router->action()\n#4 {main}\n  thrown in /var/www/apex_soft/src/app/model/Product.php on line 364, referer: http://apex_soft/product/view?default_action=update&id=12
[Fri May 10 18:29:41.900476 2024] [php:warn] [pid 42426] [client 127.0.0.1:36742] PHP Warning:  Undefined variable $mysql in /var/www/apex_soft/src/app/model/Product.php on line 156, referer: http://apex_soft/catalog/view
[Fri May 10 18:29:41.900514 2024] [php:error] [pid 42426] [client 127.0.0.1:36742] PHP Fatal error:  Uncaught Error: Call to a member function close() on null in /var/www/apex_soft/src/app/model/Product.php:156\nStack trace:\n#0 /var/www/apex_soft/src/app/control/Product.php(56): project\\model\\Product->deleteProduct()\n#1 /var/www/apex_soft/src/app/core/Router.php(17): project\\control\\Product->deleteProduct()\n#2 /var/www/apex_soft/src/index.php(22): project\\core\\Router->action()\n#3 {main}\n  thrown in /var/www/apex_soft/src/app/model/Product.php on line 156, referer: http://apex_soft/catalog/view
[Fri May 10 18:29:43.092262 2024] [php:warn] [pid 42426] [client 127.0.0.1:36742] PHP Warning:  Undefined variable $mysql in /var/www/apex_soft/src/app/model/Product.php on line 156, referer: http://apex_soft/catalog/view
[Fri May 10 18:29:43.092290 2024] [php:error] [pid 42426] [client 127.0.0.1:36742] PHP Fatal error:  Uncaught Error: Call to a member function close() on null in /var/www/apex_soft/src/app/model/Product.php:156\nStack trace:\n#0 /var/www/apex_soft/src/app/control/Product.php(56): project\\model\\Product->deleteProduct()\n#1 /var/www/apex_soft/src/app/core/Router.php(17): project\\control\\Product->deleteProduct()\n#2 /var/www/apex_soft/src/index.php(22): project\\core\\Router->action()\n#3 {main}\n  thrown in /var/www/apex_soft/src/app/model/Product.php on line 156, referer: http://apex_soft/catalog/view
[Fri May 10 18:29:43.850409 2024] [php:warn] [pid 42426] [client 127.0.0.1:36742] PHP Warning:  Undefined variable $mysql in /var/www/apex_soft/src/app/model/Product.php on line 156, referer: http://apex_soft/catalog/view
[Fri May 10 18:29:43.850434 2024] [php:error] [pid 42426] [client 127.0.0.1:36742] PHP Fatal error:  Uncaught Error: Call to a member function close() on null in /var/www/apex_soft/src/app/model/Product.php:156\nStack trace:\n#0 /var/www/apex_soft/src/app/control/Product.php(56): project\\model\\Product->deleteProduct()\n#1 /var/www/apex_soft/src/app/core/Router.php(17): project\\control\\Product->deleteProduct()\n#2 /var/www/apex_soft/src/index.php(22): project\\core\\Router->action()\n#3 {main}\n  thrown in /var/www/apex_soft/src/app/model/Product.php on line 156, referer: http://apex_soft/catalog/view
[Fri May 10 18:29:45.429333 2024] [php:warn] [pid 42426] [client 127.0.0.1:36742] PHP Warning:  Undefined variable $mysql in /var/www/apex_soft/src/app/model/Product.php on line 156, referer: http://apex_soft/catalog/view
[Fri May 10 18:29:45.429366 2024] [php:error] [pid 42426] [client 127.0.0.1:36742] PHP Fatal error:  Uncaught Error: Call to a member function close() on null in /var/www/apex_soft/src/app/model/Product.php:156\nStack trace:\n#0 /var/www/apex_soft/src/app/control/Product.php(56): project\\model\\Product->deleteProduct()\n#1 /var/www/apex_soft/src/app/core/Router.php(17): project\\control\\Product->deleteProduct()\n#2 /var/www/apex_soft/src/index.php(22): project\\core\\Router->action()\n#3 {main}\n  thrown in /var/www/apex_soft/src/app/model/Product.php on line 156, referer: http://apex_soft/catalog/view
[Fri May 10 18:30:01.702797 2024] [php:warn] [pid 41068] [client 127.0.0.1:58310] PHP Warning:  Undefined variable $mysql in /var/www/apex_soft/src/app/model/Product.php on line 156, referer: http://apex_soft/catalog/view
[Fri May 10 18:30:01.702838 2024] [php:error] [pid 41068] [client 127.0.0.1:58310] PHP Fatal error:  Uncaught Error: Call to a member function close() on null in /var/www/apex_soft/src/app/model/Product.php:156\nStack trace:\n#0 /var/www/apex_soft/src/app/control/Product.php(56): project\\model\\Product->deleteProduct()\n#1 /var/www/apex_soft/src/app/core/Router.php(17): project\\control\\Product->deleteProduct()\n#2 /var/www/apex_soft/src/index.php(22): project\\core\\Router->action()\n#3 {main}\n  thrown in /var/www/apex_soft/src/app/model/Product.php on line 156, referer: http://apex_soft/catalog/view
[Fri May 10 18:30:35.410808 2024] [php:warn] [pid 35910] [client 127.0.0.1:41526] PHP Warning:  Undefined variable $mysql in /var/www/apex_soft/src/app/model/Product.php on line 156, referer: http://apex_soft/catalog/view
[Fri May 10 18:30:35.410844 2024] [php:error] [pid 35910] [client 127.0.0.1:41526] PHP Fatal error:  Uncaught Error: Call to a member function close() on null in /var/www/apex_soft/src/app/model/Product.php:156\nStack trace:\n#0 /var/www/apex_soft/src/app/control/Product.php(56): project\\model\\Product->deleteProduct()\n#1 /var/www/apex_soft/src/app/core/Router.php(17): project\\control\\Product->deleteProduct()\n#2 /var/www/apex_soft/src/index.php(22): project\\core\\Router->action()\n#3 {main}\n  thrown in /var/www/apex_soft/src/app/model/Product.php on line 156, referer: http://apex_soft/catalog/view
[Fri May 10 18:30:40.646515 2024] [php:warn] [pid 35910] [client 127.0.0.1:41526] PHP Warning:  Undefined variable $mysql in /var/www/apex_soft/src/app/model/Product.php on line 156, referer: http://apex_soft/catalog/view
[Fri May 10 18:30:40.646564 2024] [php:error] [pid 35910] [client 127.0.0.1:41526] PHP Fatal error:  Uncaught Error: Call to a member function close() on null in /var/www/apex_soft/src/app/model/Product.php:156\nStack trace:\n#0 /var/www/apex_soft/src/app/control/Product.php(56): project\\model\\Product->deleteProduct()\n#1 /var/www/apex_soft/src/app/core/Router.php(17): project\\control\\Product->deleteProduct()\n#2 /var/www/apex_soft/src/index.php(22): project\\core\\Router->action()\n#3 {main}\n  thrown in /var/www/apex_soft/src/app/model/Product.php on line 156, referer: http://apex_soft/catalog/view
[Fri May 10 18:30:41.299481 2024] [php:warn] [pid 35910] [client 127.0.0.1:41526] PHP Warning:  Undefined variable $mysql in /var/www/apex_soft/src/app/model/Product.php on line 156, referer: http://apex_soft/catalog/view
[Fri May 10 18:30:41.299508 2024] [php:error] [pid 35910] [client 127.0.0.1:41526] PHP Fatal error:  Uncaught Error: Call to a member function close() on null in /var/www/apex_soft/src/app/model/Product.php:156\nStack trace:\n#0 /var/www/apex_soft/src/app/control/Product.php(56): project\\model\\Product->deleteProduct()\n#1 /var/www/apex_soft/src/app/core/Router.php(17): project\\control\\Product->deleteProduct()\n#2 /var/www/apex_soft/src/index.php(22): project\\core\\Router->action()\n#3 {main}\n  thrown in /var/www/apex_soft/src/app/model/Product.php on line 156, referer: http://apex_soft/catalog/view
[Fri May 10 18:30:42.224236 2024] [php:warn] [pid 35910] [client 127.0.0.1:41526] PHP Warning:  Undefined variable $mysql in /var/www/apex_soft/src/app/model/Product.php on line 156, referer: http://apex_soft/catalog/view
[Fri May 10 18:30:42.224263 2024] [php:error] [pid 35910] [client 127.0.0.1:41526] PHP Fatal error:  Uncaught Error: Call to a member function close() on null in /var/www/apex_soft/src/app/model/Product.php:156\nStack trace:\n#0 /var/www/apex_soft/src/app/control/Product.php(56): project\\model\\Product->deleteProduct()\n#1 /var/www/apex_soft/src/app/core/Router.php(17): project\\control\\Product->deleteProduct()\n#2 /var/www/apex_soft/src/index.php(22): project\\core\\Router->action()\n#3 {main}\n  thrown in /var/www/apex_soft/src/app/model/Product.php on line 156, referer: http://apex_soft/catalog/view
[Fri May 10 18:33:30.565624 2024] [php:warn] [pid 40989] [client 127.0.0.1:48386] PHP Warning:  Undefined variable $mysql in /var/www/apex_soft/src/app/model/Product.php on line 156, referer: http://apex_soft/catalog/view
[Fri May 10 18:33:30.565659 2024] [php:error] [pid 40989] [client 127.0.0.1:48386] PHP Fatal error:  Uncaught Error: Call to a member function close() on null in /var/www/apex_soft/src/app/model/Product.php:156\nStack trace:\n#0 /var/www/apex_soft/src/app/control/Product.php(56): project\\model\\Product->deleteProduct()\n#1 /var/www/apex_soft/src/app/core/Router.php(17): project\\control\\Product->deleteProduct()\n#2 /var/www/apex_soft/src/index.php(22): project\\core\\Router->action()\n#3 {main}\n  thrown in /var/www/apex_soft/src/app/model/Product.php on line 156, referer: http://apex_soft/catalog/view
[Sat May 11 13:51:28.069771 2024] [php:error] [pid 1011] [client 127.0.0.1:36996] PHP Fatal error:  Uncaught mysqli_sql_exception: No route to host in /var/www/apex_soft/src/app/control/parent/Page.php:146\nStack trace:\n#0 /var/www/apex_soft/src/app/control/parent/Page.php(146): mysqli->__construct()\n#1 /var/www/apex_soft/src/app/control/parent/Page.php(28): project\\control\\parent\\Page->isEnteredUser()\n#2 /var/www/apex_soft/src/app/control/Main.php(9): project\\control\\parent\\Page->constructor()\n#3 /var/www/apex_soft/src/app/core/Router.php(20): project\\control\\Main->__construct()\n#4 /var/www/apex_soft/src/index.php(22): project\\core\\Router->action()\n#5 {main}\n  thrown in /var/www/apex_soft/src/app/control/parent/Page.php on line 146, referer: http://apex_soft/catalog/view
[Sat May 11 16:42:37.748968 2024] [php:warn] [pid 1012] [client 127.0.0.1:38526] PHP Warning:  mysqli::__construct(): php_network_getaddresses: getaddrinfo for mysql failed: Temporary failure in name resolution in /var/www/apex_soft/src/app/control/parent/Page.php on line 146, referer: http://apex_soft/product/view?default_action=update&id=28
[Sat May 11 16:42:37.749030 2024] [php:error] [pid 1012] [client 127.0.0.1:38526] PHP Fatal error:  Uncaught mysqli_sql_exception: php_network_getaddresses: getaddrinfo for mysql failed: Temporary failure in name resolution in /var/www/apex_soft/src/app/control/parent/Page.php:146\nStack trace:\n#0 /var/www/apex_soft/src/app/control/parent/Page.php(146): mysqli->__construct()\n#1 /var/www/apex_soft/src/app/control/parent/Page.php(28): project\\control\\parent\\Page->isEnteredUser()\n#2 /var/www/apex_soft/src/app/control/Catalog.php(14): project\\control\\parent\\Page->constructor()\n#3 /var/www/apex_soft/src/app/core/Router.php(20): project\\control\\Catalog->__construct()\n#4 /var/www/apex_soft/src/index.php(22): project\\core\\Router->action()\n#5 {main}\n  thrown in /var/www/apex_soft/src/app/control/parent/Page.php on line 146, referer: http://apex_soft/product/view?default_action=update&id=28
[Sat May 11 16:42:37.764943 2024] [php:warn] [pid 1012] [client 127.0.0.1:38526] PHP Warning:  mysqli::__construct(): php_network_getaddresses: getaddrinfo for mysql failed: Temporary failure in name resolution in /var/www/apex_soft/src/app/control/parent/Page.php on line 146, referer: http://apex_soft/catalog/view
[Sat May 11 16:42:37.764974 2024] [php:error] [pid 1012] [client 127.0.0.1:38526] PHP Fatal error:  Uncaught mysqli_sql_exception: php_network_getaddresses: getaddrinfo for mysql failed: Temporary failure in name resolution in /var/www/apex_soft/src/app/control/parent/Page.php:146\nStack trace:\n#0 /var/www/apex_soft/src/app/control/parent/Page.php(146): mysqli->__construct()\n#1 /var/www/apex_soft/src/app/control/parent/Page.php(28): project\\control\\parent\\Page->isEnteredUser()\n#2 /var/www/apex_soft/src/app/control/Main.php(9): project\\control\\parent\\Page->constructor()\n#3 /var/www/apex_soft/src/app/core/Router.php(20): project\\control\\Main->__construct()\n#4 /var/www/apex_soft/src/index.php(22): project\\core\\Router->action()\n#5 {main}\n  thrown in /var/www/apex_soft/src/app/control/parent/Page.php on line 146, referer: http://apex_soft/catalog/view
[Sun May 12 12:45:31.421408 2024] [php:error] [pid 1022] [client 127.0.0.1:60188] PHP Fatal error:  Uncaught mysqli_sql_exception: No route to host in /var/www/apex_soft/src/app/control/parent/Page.php:146\nStack trace:\n#0 /var/www/apex_soft/src/app/control/parent/Page.php(146): mysqli->__construct()\n#1 /var/www/apex_soft/src/app/control/parent/Page.php(28): project\\control\\parent\\Page->isEnteredUser()\n#2 /var/www/apex_soft/src/app/control/Main.php(9): project\\control\\parent\\Page->constructor()\n#3 /var/www/apex_soft/src/app/core/Router.php(20): project\\control\\Main->__construct()\n#4 /var/www/apex_soft/src/index.php(22): project\\core\\Router->action()\n#5 {main}\n  thrown in /var/www/apex_soft/src/app/control/parent/Page.php on line 146, referer: http://apex_soft/catalog/view
[Sun May 12 12:53:35.227499 2024] [php:error] [pid 1025] [client 127.0.0.1:51474] PHP Fatal error:  Uncaught mysqli_sql_exception: No route to host in /var/www/apex_soft/src/app/control/parent/Page.php:146\nStack trace:\n#0 /var/www/apex_soft/src/app/control/parent/Page.php(146): mysqli->__construct()\n#1 /var/www/apex_soft/src/app/control/parent/Page.php(28): project\\control\\parent\\Page->isEnteredUser()\n#2 /var/www/apex_soft/src/app/control/Cart.php(9): project\\control\\parent\\Page->constructor()\n#3 /var/www/apex_soft/src/app/core/Router.php(20): project\\control\\Cart->__construct()\n#4 /var/www/apex_soft/src/index.php(22): project\\core\\Router->action()\n#5 {main}\n  thrown in /var/www/apex_soft/src/app/control/parent/Page.php on line 146, referer: http://apex_soft/catalog/view
[Sun May 12 12:53:38.299622 2024] [php:error] [pid 1025] [client 127.0.0.1:51474] PHP Fatal error:  Uncaught mysqli_sql_exception: No route to host in /var/www/apex_soft/src/app/control/parent/Page.php:146\nStack trace:\n#0 /var/www/apex_soft/src/app/control/parent/Page.php(146): mysqli->__construct()\n#1 /var/www/apex_soft/src/app/control/parent/Page.php(28): project\\control\\parent\\Page->isEnteredUser()\n#2 /var/www/apex_soft/src/app/control/Main.php(9): project\\control\\parent\\Page->constructor()\n#3 /var/www/apex_soft/src/app/core/Router.php(20): project\\control\\Main->__construct()\n#4 /var/www/apex_soft/src/index.php(22): project\\core\\Router->action()\n#5 {main}\n  thrown in /var/www/apex_soft/src/app/control/parent/Page.php on line 146, referer: http://apex_soft/cart/view
[Mon May 13 09:53:44.266161 2024] [php:error] [pid 976] [client 127.0.0.1:60984] PHP Fatal error:  Uncaught mysqli_sql_exception: No route to host in /var/www/apex_soft/src/app/control/parent/Page.php:146\nStack trace:\n#0 /var/www/apex_soft/src/app/control/parent/Page.php(146): mysqli->__construct()\n#1 /var/www/apex_soft/src/app/control/parent/Page.php(28): project\\control\\parent\\Page->isEnteredUser()\n#2 /var/www/apex_soft/src/app/control/Main.php(9): project\\control\\parent\\Page->constructor()\n#3 /var/www/apex_soft/src/app/core/Router.php(20): project\\control\\Main->__construct()\n#4 /var/www/apex_soft/src/index.php(22): project\\core\\Router->action()\n#5 {main}\n  thrown in /var/www/apex_soft/src/app/control/parent/Page.php on line 146, referer: http://apex_soft/catalog/view
[Mon May 13 10:45:02.469358 2024] [php:warn] [pid 3607] [client 127.0.0.1:53176] PHP Warning:  Undefined array key "product_articul" in /var/www/apex_soft/src/app/model/Product.php on line 218, referer: http://apex_soft/product/view?default_action=create
[Mon May 13 10:45:02.469444 2024] [php:error] [pid 3607] [client 127.0.0.1:53176] PHP Fatal error:  Uncaught TypeError: Cannot assign null to property project\\model\\Product::$articul of type string in /var/www/apex_soft/src/app/model/Product.php:218\nStack trace:\n#0 /var/www/apex_soft/src/app/model/Product.php(47): project\\model\\Product->getArticul()\n#1 /var/www/apex_soft/src/app/control/Product.php(34): project\\model\\Product->createProduct()\n#2 /var/www/apex_soft/src/app/core/Router.php(17): project\\control\\Product->createProduct()\n#3 /var/www/apex_soft/src/index.php(22): project\\core\\Router->action()\n#4 {main}\n  thrown in /var/www/apex_soft/src/app/model/Product.php on line 218, referer: http://apex_soft/product/view?default_action=create
[Mon May 13 10:47:22.345005 2024] [php:warn] [pid 977] [client 127.0.0.1:38774] PHP Warning:  Undefined array key "product_articul" in /var/www/apex_soft/src/app/model/Product.php on line 218, referer: http://apex_soft/product/view?default_action=create
[Mon May 13 10:47:22.345102 2024] [php:error] [pid 977] [client 127.0.0.1:38774] PHP Fatal error:  Uncaught TypeError: Cannot assign null to property project\\model\\Product::$articul of type string in /var/www/apex_soft/src/app/model/Product.php:218\nStack trace:\n#0 /var/www/apex_soft/src/app/model/Product.php(47): project\\model\\Product->getArticul()\n#1 /var/www/apex_soft/src/app/control/Product.php(34): project\\model\\Product->createProduct()\n#2 /var/www/apex_soft/src/app/core/Router.php(17): project\\control\\Product->createProduct()\n#3 /var/www/apex_soft/src/index.php(22): project\\core\\Router->action()\n#4 {main}\n  thrown in /var/www/apex_soft/src/app/model/Product.php on line 218, referer: http://apex_soft/product/view?default_action=create
[Mon May 13 11:22:24.542104 2024] [php:warn] [pid 976] [client 127.0.0.1:54770] PHP Warning:  Undefined array key "product_articul" in /var/www/apex_soft/src/app/model/Product.php on line 370, referer: http://apex_soft/product/view?default_action=create
[Mon May 13 11:22:24.542147 2024] [php:warn] [pid 976] [client 127.0.0.1:54770] PHP Warning:  Undefined array key "product_articul" in /var/www/apex_soft/src/app/model/Product.php on line 385, referer: http://apex_soft/product/view?default_action=create
[Mon May 13 11:50:23.072687 2024] [php:error] [pid 977] [client 127.0.0.1:42618] PHP Fatal error:  Uncaught Error: Undefined constant "project\\model\\PRICE_VALIDATION_SYNTAX_ERROR" in /var/www/apex_soft/src/app/model/Product.php:233\nStack trace:\n#0 /var/www/apex_soft/src/app/model/Product.php(48): project\\model\\Product->getPrice()\n#1 /var/www/apex_soft/src/app/control/Product.php(34): project\\model\\Product->createProduct()\n#2 /var/www/apex_soft/src/app/core/Router.php(17): project\\control\\Product->createProduct()\n#3 /var/www/apex_soft/src/index.php(22): project\\core\\Router->action()\n#4 {main}\n  thrown in /var/www/apex_soft/src/app/model/Product.php on line 233, referer: http://apex_soft/product/view?default_action=create
[Mon May 13 12:01:47.324588 2024] [php:error] [pid 3608] [client 127.0.0.1:55088] PHP Fatal error:  Uncaught TypeError: Cannot assign array to property project\\model\\Product::$ID of type int in /var/www/apex_soft/src/app/model/Product.php:283\nStack trace:\n#0 /var/www/apex_soft/src/app/model/Product.php(45): project\\model\\Product->getID()\n#1 /var/www/apex_soft/src/app/control/Product.php(34): project\\model\\Product->createProduct()\n#2 /var/www/apex_soft/src/app/core/Router.php(17): project\\control\\Product->createProduct()\n#3 /var/www/apex_soft/src/index.php(22): project\\core\\Router->action()\n#4 {main}\n  thrown in /var/www/apex_soft/src/app/model/Product.php on line 283, referer: http://apex_soft/product/view?default_action=create
[Mon May 13 12:02:27.599043 2024] [php:error] [pid 7692] [client 127.0.0.1:44624] PHP Fatal error:  Uncaught TypeError: Cannot assign null to property project\\model\\Product::$ID of type int in /var/www/apex_soft/src/app/model/Product.php:283\nStack trace:\n#0 /var/www/apex_soft/src/app/model/Product.php(45): project\\model\\Product->getID()\n#1 /var/www/apex_soft/src/app/control/Product.php(34): project\\model\\Product->createProduct()\n#2 /var/www/apex_soft/src/app/core/Router.php(17): project\\control\\Product->createProduct()\n#3 /var/www/apex_soft/src/index.php(22): project\\core\\Router->action()\n#4 {main}\n  thrown in /var/www/apex_soft/src/app/model/Product.php on line 283, referer: http://apex_soft/product/view?default_action=create
[Mon May 13 12:04:15.480550 2024] [php:warn] [pid 7358] [client 127.0.0.1:58048] PHP Warning:  Undefined array key "lastID" in /var/www/apex_soft/src/app/model/Product.php on line 283, referer: http://apex_soft/product/view?default_action=create
[Mon May 13 12:04:15.480751 2024] [php:error] [pid 7358] [client 127.0.0.1:58048] PHP Fatal error:  Uncaught TypeError: Cannot assign null to property project\\model\\Product::$ID of type int in /var/www/apex_soft/src/app/model/Product.php:283\nStack trace:\n#0 /var/www/apex_soft/src/app/model/Product.php(45): project\\model\\Product->getID()\n#1 /var/www/apex_soft/src/app/control/Product.php(34): project\\model\\Product->createProduct()\n#2 /var/www/apex_soft/src/app/core/Router.php(17): project\\control\\Product->createProduct()\n#3 /var/www/apex_soft/src/index.php(22): project\\core\\Router->action()\n#4 {main}\n  thrown in /var/www/apex_soft/src/app/model/Product.php on line 283, referer: http://apex_soft/product/view?default_action=create
[Mon May 13 12:04:53.366898 2024] [php:warn] [pid 7921] [client 127.0.0.1:33544] PHP Warning:  Undefined array key "lastID" in /var/www/apex_soft/src/app/model/Product.php on line 283, referer: http://apex_soft/product/view?default_action=create
[Mon May 13 12:04:53.366986 2024] [php:error] [pid 7921] [client 127.0.0.1:33544] PHP Fatal error:  Uncaught TypeError: Cannot assign null to property project\\model\\Product::$ID of type int in /var/www/apex_soft/src/app/model/Product.php:283\nStack trace:\n#0 /var/www/apex_soft/src/app/model/Product.php(45): project\\model\\Product->getID()\n#1 /var/www/apex_soft/src/app/control/Product.php(34): project\\model\\Product->createProduct()\n#2 /var/www/apex_soft/src/app/core/Router.php(17): project\\control\\Product->createProduct()\n#3 /var/www/apex_soft/src/index.php(22): project\\core\\Router->action()\n#4 {main}\n  thrown in /var/www/apex_soft/src/app/model/Product.php on line 283, referer: http://apex_soft/product/view?default_action=create
[Mon May 13 12:05:15.180696 2024] [php:error] [pid 7921] [client 127.0.0.1:33544] PHP Fatal error:  Uncaught TypeError: Cannot assign null to property project\\model\\Product::$ID of type int in /var/www/apex_soft/src/app/model/Product.php:283\nStack trace:\n#0 /var/www/apex_soft/src/app/model/Product.php(45): project\\model\\Product->getID()\n#1 /var/www/apex_soft/src/app/control/Product.php(34): project\\model\\Product->createProduct()\n#2 /var/www/apex_soft/src/app/core/Router.php(17): project\\control\\Product->createProduct()\n#3 /var/www/apex_soft/src/index.php(22): project\\core\\Router->action()\n#4 {main}\n  thrown in /var/www/apex_soft/src/app/model/Product.php on line 283, referer: http://apex_soft/product/view?default_action=create
[Mon May 13 12:06:59.755156 2024] [php:warn] [pid 7772] [client 127.0.0.1:36346] PHP Warning:  Undefined array key 1 in /var/www/apex_soft/src/app/model/Product.php on line 459, referer: http://apex_soft/product/view?default_action=create
[Mon May 13 12:09:13.923811 2024] [php:warn] [pid 7921] [client 127.0.0.1:35790] PHP Warning:  Undefined array key 1 in /var/www/apex_soft/src/app/model/Product.php on line 459, referer: http://apex_soft/product/view?default_action=create
[Mon May 13 12:26:35.078810 2024] [php:error] [pid 7869] [client 127.0.0.1:51938] PHP Fatal error:  Uncaught Error: Cannot access uninitialized non-nullable property project\\model\\Product::$type by reference in /var/www/apex_soft/src/app/model/Product.php:538\nStack trace:\n#0 /var/www/apex_soft/src/app/model/Product.php(47): project\\model\\Product->saveData()\n#1 /var/www/apex_soft/src/app/control/Product.php(34): project\\model\\Product->createProduct()\n#2 /var/www/apex_soft/src/app/core/Router.php(17): project\\control\\Product->createProduct()\n#3 /var/www/apex_soft/src/index.php(22): project\\core\\Router->action()\n#4 {main}\n  thrown in /var/www/apex_soft/src/app/model/Product.php on line 538, referer: http://apex_soft/product/view?default_action=create
[Mon May 13 12:52:57.607900 2024] [php:warn] [pid 8841] [client 127.0.0.1:48868] PHP Warning:  Undefined array key "mainFunctions_for_validationAdminForm" in /var/www/apex_soft/src/app/model/Product.php on line 30, referer: http://apex_soft/product/view?default_action=update&id=32
[Mon May 13 12:52:57.607928 2024] [php:warn] [pid 8841] [client 127.0.0.1:48868] PHP Warning:  foreach() argument must be of type array|object, null given in /var/www/apex_soft/src/app/model/Product.php on line 54, referer: http://apex_soft/product/view?default_action=update&id=32
[Mon May 13 12:52:57.607935 2024] [php:warn] [pid 8841] [client 127.0.0.1:48868] PHP Warning:  Undefined array key "additionalFunctions_for_validationAdminForm" in /var/www/apex_soft/src/app/model/Product.php on line 30, referer: http://apex_soft/product/view?default_action=update&id=32
[Mon May 13 12:52:57.607938 2024] [php:warn] [pid 8841] [client 127.0.0.1:48868] PHP Warning:  foreach() argument must be of type array|object, null given in /var/www/apex_soft/src/app/model/Product.php on line 64, referer: http://apex_soft/product/view?default_action=update&id=32
[Mon May 13 12:52:57.608937 2024] [php:error] [pid 8841] [client 127.0.0.1:48868] PHP Fatal error:  Uncaught Error: Call to undefined method project\\model\\Product::saveGotImageToFilesystem() in /var/www/apex_soft/src/app/model/Product.php:87\nStack trace:\n#0 /var/www/apex_soft/src/app/control/Product.php(45): project\\model\\Product->updateProduct()\n#1 /var/www/apex_soft/src/app/core/Router.php(17): project\\control\\Product->updateProduct()\n#2 /var/www/apex_soft/src/index.php(22): project\\core\\Router->action()\n#3 {main}\n  thrown in /var/www/apex_soft/src/app/model/Product.php on line 87, referer: http://apex_soft/product/view?default_action=update&id=32
[Mon May 13 14:01:04.021401 2024] [php:error] [pid 7921] [client 127.0.0.1:53872] PHP Fatal error:  Uncaught mysqli_sql_exception: Duplicate entry '\xd0\x9d\xd0\xb0\xd0\xb7\xd0\xb2\xd0\xb0\xd0\xbd\xd0\xb8\xd0\xb5 \xd1\x82\xd0\xbe\xd0\xb2\xd0\xb0\xd1\x80\xd0\xb01' for key 'all_products.product_name' in /var/www/apex_soft/src/app/model/Product.php:529\nStack trace:\n#0 /var/www/apex_soft/src/app/model/Product.php(529): mysqli_stmt->execute()\n#1 /var/www/apex_soft/src/app/model/Product.php(62): project\\model\\Product->saveData()\n#2 /var/www/apex_soft/src/app/control/Product.php(45): project\\model\\Product->updateProduct()\n#3 /var/www/apex_soft/src/app/core/Router.php(17): project\\control\\Product->updateProduct()\n#4 /var/www/apex_soft/src/index.php(22): project\\core\\Router->action()\n#5 {main}\n  thrown in /var/www/apex_soft/src/app/model/Product.php on line 529, referer: http://apex_soft/product/view?default_action=update&id=32
[Mon May 13 14:01:19.563909 2024] [php:error] [pid 7869] [client 127.0.0.1:41464] PHP Fatal error:  Uncaught mysqli_sql_exception: Duplicate entry '\xd0\x9d\xd0\xb0\xd0\xb7\xd0\xb2\xd0\xb0\xd0\xbd\xd0\xb8\xd0\xb5 \xd1\x82\xd0\xbe\xd0\xb2\xd0\xb0\xd1\x80\xd0\xb01' for key 'all_products.product_name' in /var/www/apex_soft/src/app/model/Product.php:529\nStack trace:\n#0 /var/www/apex_soft/src/app/model/Product.php(529): mysqli_stmt->execute()\n#1 /var/www/apex_soft/src/app/model/Product.php(62): project\\model\\Product->saveData()\n#2 /var/www/apex_soft/src/app/control/Product.php(45): project\\model\\Product->updateProduct()\n#3 /var/www/apex_soft/src/app/core/Router.php(17): project\\control\\Product->updateProduct()\n#4 /var/www/apex_soft/src/index.php(22): project\\core\\Router->action()\n#5 {main}\n  thrown in /var/www/apex_soft/src/app/model/Product.php on line 529, referer: http://apex_soft/product/view?default_action=update&id=32
[Mon May 13 14:05:13.522758 2024] [php:error] [pid 7869] [client 127.0.0.1:46462] PHP Fatal error:  Uncaught ArgumentCountError: mysqli::query() expects at least 1 argument, 0 given in /var/www/apex_soft/src/app/model/Product.php:64\nStack trace:\n#0 /var/www/apex_soft/src/app/model/Product.php(64): mysqli->query()\n#1 /var/www/apex_soft/src/app/control/Product.php(45): project\\model\\Product->updateProduct()\n#2 /var/www/apex_soft/src/app/core/Router.php(17): project\\control\\Product->updateProduct()\n#3 /var/www/apex_soft/src/index.php(22): project\\core\\Router->action()\n#4 {main}\n  thrown in /var/www/apex_soft/src/app/model/Product.php on line 64, referer: http://apex_soft/product/view?default_action=update&id=32
[Mon May 13 14:58:35.711413 2024] [php:error] [pid 3605] [client 127.0.0.1:59702] PHP Fatal error:  Declaration of project\\model\\Product::deleteProduct(int $id): string|false must be compatible with project\\model\\interfaces\\iProduct::deleteProduct(int $id): void in /var/www/apex_soft/src/app/model/Product.php on line 67, referer: http://apex_soft/catalog/view
[Mon May 13 14:58:35.716674 2024] [php:error] [pid 3605] [client 127.0.0.1:59702] PHP Fatal error:  Declaration of project\\model\\Product::deleteProduct(int $id): string|false must be compatible with project\\model\\interfaces\\iProduct::deleteProduct(int $id): void in /var/www/apex_soft/src/app/model/Product.php on line 67, referer: http://apex_soft/catalog/view
[Mon May 13 14:59:24.580641 2024] [php:error] [pid 8841] [client 127.0.0.1:59716] PHP Fatal error:  Uncaught Error: Cannot access uninitialized non-nullable property project\\model\\Product::$imageName by reference in /var/www/apex_soft/src/app/model/Product.php:85\nStack trace:\n#0 /var/www/apex_soft/src/app/control/Product.php(56): project\\model\\Product->deleteProduct()\n#1 /var/www/apex_soft/src/app/core/Router.php(17): project\\control\\Product->deleteProduct()\n#2 /var/www/apex_soft/src/index.php(22): project\\core\\Router->action()\n#3 {main}\n  thrown in /var/www/apex_soft/src/app/model/Product.php on line 85, referer: http://apex_soft/catalog/view
[Mon May 13 14:59:25.354450 2024] [php:error] [pid 8841] [client 127.0.0.1:59716] PHP Fatal error:  Uncaught Error: Cannot access uninitialized non-nullable property project\\model\\Product::$imageName by reference in /var/www/apex_soft/src/app/model/Product.php:85\nStack trace:\n#0 /var/www/apex_soft/src/app/control/Product.php(56): project\\model\\Product->deleteProduct()\n#1 /var/www/apex_soft/src/app/core/Router.php(17): project\\control\\Product->deleteProduct()\n#2 /var/www/apex_soft/src/index.php(22): project\\core\\Router->action()\n#3 {main}\n  thrown in /var/www/apex_soft/src/app/model/Product.php on line 85, referer: http://apex_soft/catalog/view
[Mon May 13 14:59:26.014332 2024] [php:error] [pid 8841] [client 127.0.0.1:59716] PHP Fatal error:  Uncaught Error: Cannot access uninitialized non-nullable property project\\model\\Product::$imageName by reference in /var/www/apex_soft/src/app/model/Product.php:85\nStack trace:\n#0 /var/www/apex_soft/src/app/control/Product.php(56): project\\model\\Product->deleteProduct()\n#1 /var/www/apex_soft/src/app/core/Router.php(17): project\\control\\Product->deleteProduct()\n#2 /var/www/apex_soft/src/index.php(22): project\\core\\Router->action()\n#3 {main}\n  thrown in /var/www/apex_soft/src/app/model/Product.php on line 85, referer: http://apex_soft/catalog/view
[Mon May 13 14:59:26.834686 2024] [php:error] [pid 8841] [client 127.0.0.1:59716] PHP Fatal error:  Uncaught Error: Cannot access uninitialized non-nullable property project\\model\\Product::$imageName by reference in /var/www/apex_soft/src/app/model/Product.php:85\nStack trace:\n#0 /var/www/apex_soft/src/app/control/Product.php(56): project\\model\\Product->deleteProduct()\n#1 /var/www/apex_soft/src/app/core/Router.php(17): project\\control\\Product->deleteProduct()\n#2 /var/www/apex_soft/src/index.php(22): project\\core\\Router->action()\n#3 {main}\n  thrown in /var/www/apex_soft/src/app/model/Product.php on line 85, referer: http://apex_soft/catalog/view
[Mon May 13 14:59:27.889586 2024] [php:error] [pid 8841] [client 127.0.0.1:59716] PHP Fatal error:  Uncaught Error: Cannot access uninitialized non-nullable property project\\model\\Product::$imageName by reference in /var/www/apex_soft/src/app/model/Product.php:85\nStack trace:\n#0 /var/www/apex_soft/src/app/control/Product.php(56): project\\model\\Product->deleteProduct()\n#1 /var/www/apex_soft/src/app/core/Router.php(17): project\\control\\Product->deleteProduct()\n#2 /var/www/apex_soft/src/index.php(22): project\\core\\Router->action()\n#3 {main}\n  thrown in /var/www/apex_soft/src/app/model/Product.php on line 85, referer: http://apex_soft/catalog/view
[Mon May 13 14:59:54.535668 2024] [php:error] [pid 977] [client 127.0.0.1:42176] PHP Fatal error:  Uncaught Error: Cannot access uninitialized non-nullable property project\\model\\Product::$imageName by reference in /var/www/apex_soft/src/app/model/Product.php:85\nStack trace:\n#0 /var/www/apex_soft/src/app/control/Product.php(56): project\\model\\Product->deleteProduct()\n#1 /var/www/apex_soft/src/app/core/Router.php(17): project\\control\\Product->deleteProduct()\n#2 /var/www/apex_soft/src/index.php(22): project\\core\\Router->action()\n#3 {main}\n  thrown in /var/www/apex_soft/src/app/model/Product.php on line 85, referer: http://apex_soft/catalog/view
[Mon May 13 14:59:55.931604 2024] [php:error] [pid 977] [client 127.0.0.1:42176] PHP Fatal error:  Uncaught Error: Cannot access uninitialized non-nullable property project\\model\\Product::$imageName by reference in /var/www/apex_soft/src/app/model/Product.php:85\nStack trace:\n#0 /var/www/apex_soft/src/app/control/Product.php(56): project\\model\\Product->deleteProduct()\n#1 /var/www/apex_soft/src/app/core/Router.php(17): project\\control\\Product->deleteProduct()\n#2 /var/www/apex_soft/src/index.php(22): project\\core\\Router->action()\n#3 {main}\n  thrown in /var/www/apex_soft/src/app/model/Product.php on line 85, referer: http://apex_soft/catalog/view
[Mon May 13 14:59:56.387524 2024] [php:error] [pid 977] [client 127.0.0.1:42176] PHP Fatal error:  Uncaught Error: Cannot access uninitialized non-nullable property project\\model\\Product::$imageName by reference in /var/www/apex_soft/src/app/model/Product.php:85\nStack trace:\n#0 /var/www/apex_soft/src/app/control/Product.php(56): project\\model\\Product->deleteProduct()\n#1 /var/www/apex_soft/src/app/core/Router.php(17): project\\control\\Product->deleteProduct()\n#2 /var/www/apex_soft/src/index.php(22): project\\core\\Router->action()\n#3 {main}\n  thrown in /var/www/apex_soft/src/app/model/Product.php on line 85, referer: http://apex_soft/catalog/view
[Mon May 13 14:59:56.584125 2024] [php:error] [pid 977] [client 127.0.0.1:42176] PHP Fatal error:  Uncaught Error: Cannot access uninitialized non-nullable property project\\model\\Product::$imageName by reference in /var/www/apex_soft/src/app/model/Product.php:85\nStack trace:\n#0 /var/www/apex_soft/src/app/control/Product.php(56): project\\model\\Product->deleteProduct()\n#1 /var/www/apex_soft/src/app/core/Router.php(17): project\\control\\Product->deleteProduct()\n#2 /var/www/apex_soft/src/index.php(22): project\\core\\Router->action()\n#3 {main}\n  thrown in /var/www/apex_soft/src/app/model/Product.php on line 85, referer: http://apex_soft/catalog/view
[Mon May 13 14:59:59.119639 2024] [php:error] [pid 7358] [client 127.0.0.1:33310] PHP Fatal error:  Uncaught Error: Cannot access uninitialized non-nullable property project\\model\\Product::$imageName by reference in /var/www/apex_soft/src/app/model/Product.php:85\nStack trace:\n#0 /var/www/apex_soft/src/app/control/Product.php(56): project\\model\\Product->deleteProduct()\n#1 /var/www/apex_soft/src/app/core/Router.php(17): project\\control\\Product->deleteProduct()\n#2 /var/www/apex_soft/src/index.php(22): project\\core\\Router->action()\n#3 {main}\n  thrown in /var/www/apex_soft/src/app/model/Product.php on line 85, referer: http://apex_soft/catalog/view
[Mon May 13 15:02:38.946343 2024] [php:warn] [pid 7869] [client 127.0.0.1:40320] PHP Warning:  Undefined variable $id in /var/www/apex_soft/src/app/model/Product.php on line 69, referer: http://apex_soft/catalog/view
[Mon May 13 15:02:38.946367 2024] [php:warn] [pid 7869] [client 127.0.0.1:40320] PHP Warning:  Undefined variable $mysql in /var/www/apex_soft/src/app/model/Product.php on line 70, referer: http://apex_soft/catalog/view
[Mon May 13 15:02:38.946402 2024] [php:error] [pid 7869] [client 127.0.0.1:40320] PHP Fatal error:  Uncaught Error: Call to a member function query() on null in /var/www/apex_soft/src/app/model/Product.php:70\nStack trace:\n#0 /var/www/apex_soft/src/app/model/Product.php(83): project\\model\\Product->project\\model\\{closure}()\n#1 /var/www/apex_soft/src/app/control/Product.php(56): project\\model\\Product->deleteProduct()\n#2 /var/www/apex_soft/src/app/core/Router.php(17): project\\control\\Product->deleteProduct()\n#3 /var/www/apex_soft/src/index.php(22): project\\core\\Router->action()\n#4 {main}\n  thrown in /var/www/apex_soft/src/app/model/Product.php on line 70, referer: http://apex_soft/catalog/view
[Mon May 13 15:03:13.410914 2024] [php:warn] [pid 976] [client 127.0.0.1:40660] PHP Warning:  Undefined variable $mysql in /var/www/apex_soft/src/app/model/Product.php on line 70, referer: http://apex_soft/catalog/view
[Mon May 13 15:03:13.411012 2024] [php:error] [pid 976] [client 127.0.0.1:40660] PHP Fatal error:  Uncaught Error: Call to a member function query() on null in /var/www/apex_soft/src/app/model/Product.php:70\nStack trace:\n#0 /var/www/apex_soft/src/app/model/Product.php(83): project\\model\\Product->project\\model\\{closure}()\n#1 /var/www/apex_soft/src/app/control/Product.php(56): project\\model\\Product->deleteProduct()\n#2 /var/www/apex_soft/src/app/core/Router.php(17): project\\control\\Product->deleteProduct()\n#3 /var/www/apex_soft/src/index.php(22): project\\core\\Router->action()\n#4 {main}\n  thrown in /var/www/apex_soft/src/app/model/Product.php on line 70, referer: http://apex_soft/catalog/view
[Mon May 13 15:03:29.243086 2024] [php:warn] [pid 7358] [client 127.0.0.1:47470] PHP Warning:  Undefined variable $mysql in /var/www/apex_soft/src/app/model/Product.php on line 70, referer: http://apex_soft/catalog/view
[Mon May 13 15:03:29.243146 2024] [php:error] [pid 7358] [client 127.0.0.1:47470] PHP Fatal error:  Uncaught Error: Call to a member function query() on null in /var/www/apex_soft/src/app/model/Product.php:70\nStack trace:\n#0 /var/www/apex_soft/src/app/model/Product.php(83): project\\model\\Product->project\\model\\{closure}()\n#1 /var/www/apex_soft/src/app/control/Product.php(56): project\\model\\Product->deleteProduct()\n#2 /var/www/apex_soft/src/app/core/Router.php(17): project\\control\\Product->deleteProduct()\n#3 /var/www/apex_soft/src/index.php(22): project\\core\\Router->action()\n#4 {main}\n  thrown in /var/www/apex_soft/src/app/model/Product.php on line 70, referer: http://apex_soft/catalog/view
[Mon May 13 15:03:57.870366 2024] [php:warn] [pid 12768] [client 127.0.0.1:58960] PHP Warning:  Undefined variable $mysql_connection in /var/www/apex_soft/src/app/model/Product.php on line 83, referer: http://apex_soft/catalog/view
[Mon May 13 15:03:57.870397 2024] [php:warn] [pid 12768] [client 127.0.0.1:58960] PHP Warning:  Undefined array key "" in /var/www/apex_soft/src/app/model/Product.php on line 30, referer: http://apex_soft/catalog/view
[Mon May 13 15:03:57.870444 2024] [php:error] [pid 12768] [client 127.0.0.1:58960] PHP Fatal error:  Uncaught TypeError: project\\model\\Product::project\\model\\{closure}(): Argument #1 ($mysql) must be of type mysqli, null given, called in /var/www/apex_soft/src/app/model/Product.php on line 83 and defined in /var/www/apex_soft/src/app/model/Product.php:68\nStack trace:\n#0 /var/www/apex_soft/src/app/model/Product.php(83): project\\model\\Product->project\\model\\{closure}()\n#1 /var/www/apex_soft/src/app/control/Product.php(56): project\\model\\Product->deleteProduct()\n#2 /var/www/apex_soft/src/app/core/Router.php(17): project\\control\\Product->deleteProduct()\n#3 /var/www/apex_soft/src/index.php(22): project\\core\\Router->action()\n#4 {main}\n  thrown in /var/www/apex_soft/src/app/model/Product.php on line 68, referer: http://apex_soft/catalog/view
[Mon May 13 15:04:10.226489 2024] [php:warn] [pid 8841] [client 127.0.0.1:53466] PHP Warning:  Undefined variable $id in /var/www/apex_soft/src/app/model/Product.php on line 558, referer: http://apex_soft/catalog/view
[Mon May 13 15:04:10.226621 2024] [php:error] [pid 8841] [client 127.0.0.1:53466] PHP Fatal error:  Uncaught mysqli_sql_exception: You have an error in your SQL syntax; check the manual that corresponds to your MySQL server version for the right syntax to use near '' at line 1 in /var/www/apex_soft/src/app/model/Product.php:559\nStack trace:\n#0 /var/www/apex_soft/src/app/model/Product.php(559): mysqli->query()\n#1 /var/www/apex_soft/src/app/model/Product.php(86): project\\model\\Product->deleteData()\n#2 /var/www/apex_soft/src/app/control/Product.php(56): project\\model\\Product->deleteProduct()\n#3 /var/www/apex_soft/src/app/core/Router.php(17): project\\control\\Product->deleteProduct()\n#4 /var/www/apex_soft/src/index.php(22): project\\core\\Router->action()\n#5 {main}\n  thrown in /var/www/apex_soft/src/app/model/Product.php on line 559, referer: http://apex_soft/catalog/view
[Mon May 13 15:11:26.398628 2024] [php:error] [pid 12576] [client 127.0.0.1:54946] PHP Fatal error:  Uncaught ArgumentCountError: move_uploaded_file() expects exactly 2 arguments, 1 given in /var/www/apex_soft/src/app/model/Product.php:494\nStack trace:\n#0 /var/www/apex_soft/src/app/model/Product.php(494): move_uploaded_file()\n#1 /var/www/apex_soft/src/app/model/Product.php(249): project\\model\\Product->saveImage()\n#2 /var/www/apex_soft/src/app/model/Product.php(61): project\\model\\Product->getImage()\n#3 /var/www/apex_soft/src/app/control/Product.php(45): project\\model\\Product->updateProduct()\n#4 /var/www/apex_soft/src/app/core/Router.php(17): project\\control\\Product->updateProduct()\n#5 /var/www/apex_soft/src/index.php(22): project\\core\\Router->action()\n#6 {main}\n  thrown in /var/www/apex_soft/src/app/model/Product.php on line 494, referer: http://apex_soft/product/view?default_action=update&id=31
[Mon May 13 16:33:50.587609 2024] [php:warn] [pid 976] [client 127.0.0.1:33272] PHP Warning:  Undefined variable $mysql in /var/www/apex_soft/src/app/model/Product.php on line 102, referer: http://apex_soft/product/view?default_action=create
[Mon May 13 16:33:50.587716 2024] [php:error] [pid 976] [client 127.0.0.1:33272] PHP Fatal error:  Uncaught Error: Call to a member function query() on null in /var/www/apex_soft/src/app/model/Product.php:102\nStack trace:\n#0 /var/www/apex_soft/src/app/control/Catalog.php(18): project\\model\\Product->getAllProducts()\n#1 /var/www/apex_soft/src/app/core/Router.php(20): project\\control\\Catalog->view()\n#2 /var/www/apex_soft/src/index.php(22): project\\core\\Router->action()\n#3 {main}\n  thrown in /var/www/apex_soft/src/app/model/Product.php on line 102, referer: http://apex_soft/product/view?default_action=create
[Mon May 13 16:34:14.462078 2024] [php:error] [pid 12576] [client 127.0.0.1:33282] PHP Fatal error:  Uncaught TypeError: Cannot assign null to property project\\model\\Product::$articul of type string in /var/www/apex_soft/src/app/model/Product.php:109\nStack trace:\n#0 /var/www/apex_soft/src/app/control/Catalog.php(18): project\\model\\Product->getAllProducts()\n#1 /var/www/apex_soft/src/app/core/Router.php(20): project\\control\\Catalog->view()\n#2 /var/www/apex_soft/src/index.php(22): project\\core\\Router->action()\n#3 {main}\n  thrown in /var/www/apex_soft/src/app/model/Product.php on line 109, referer: http://apex_soft/product/view?default_action=create
[Mon May 13 16:35:29.550811 2024] [php:error] [pid 7869] [client 127.0.0.1:51622] PHP Fatal error:  Uncaught TypeError: Cannot assign null to property project\\model\\Product::$articul of type string in /var/www/apex_soft/src/app/model/Product.php:109\nStack trace:\n#0 /var/www/apex_soft/src/app/control/Catalog.php(18): project\\model\\Product->getAllProducts()\n#1 /var/www/apex_soft/src/app/core/Router.php(20): project\\control\\Catalog->view()\n#2 /var/www/apex_soft/src/index.php(22): project\\core\\Router->action()\n#3 {main}\n  thrown in /var/www/apex_soft/src/app/model/Product.php on line 109, referer: http://apex_soft/product/view?default_action=create
[Mon May 13 16:54:22.465354 2024] [php:error] [pid 7921] [client 127.0.0.1:59256] PHP Fatal error:  Uncaught mysqli_sql_exception: You have an error in your SQL syntax; check the manual that corresponds to your MySQL server version for the right syntax to use near 'WHERE ID=?' at line 8 in /var/www/apex_soft/src/app/model/Product.php:528\nStack trace:\n#0 /var/www/apex_soft/src/app/model/Product.php(528): mysqli->prepare()\n#1 /var/www/apex_soft/src/app/model/Product.php(62): project\\model\\Product->saveData()\n#2 /var/www/apex_soft/src/app/control/Product.php(45): project\\model\\Product->updateProduct()\n#3 /var/www/apex_soft/src/app/core/Router.php(17): project\\control\\Product->updateProduct()\n#4 /var/www/apex_soft/src/index.php(22): project\\core\\Router->action()\n#5 {main}\n  thrown in /var/www/apex_soft/src/app/model/Product.php on line 528, referer: http://apex_soft/product/view?default_action=update&id=40
[Mon May 13 17:03:47.532282 2024] [php:error] [pid 12887] [client 127.0.0.1:50970] PHP Fatal error:  Uncaught Error: Typed property project\\model\\Product::$ID must not be accessed before initialization in /var/www/apex_soft/src/app/model/Product.php:205\nStack trace:\n#0 /var/www/apex_soft/src/app/model/Product.php(43): project\\model\\Product->getArticul()\n#1 /var/www/apex_soft/src/app/control/Product.php(34): project\\model\\Product->createProduct()\n#2 /var/www/apex_soft/src/app/core/Router.php(17): project\\control\\Product->createProduct()\n#3 /var/www/apex_soft/src/index.php(22): project\\core\\Router->action()\n#4 {main}\n  thrown in /var/www/apex_soft/src/app/model/Product.php on line 205, referer: http://apex_soft/product/view?default_action=create
[Mon May 13 19:19:07.308495 2024] [php:error] [pid 15590] [client 127.0.0.1:48904] PHP Fatal error:  Uncaught mysqli_sql_exception: Unknown database 'Users' in /var/www/apex_soft/src/app/control/parent/Page.php:146\nStack trace:\n#0 /var/www/apex_soft/src/app/control/parent/Page.php(146): mysqli->__construct()\n#1 /var/www/apex_soft/src/app/control/parent/Page.php(28): project\\control\\parent\\Page->isEnteredUser()\n#2 /var/www/apex_soft/src/app/control/Cart.php(9): project\\control\\parent\\Page->constructor()\n#3 /var/www/apex_soft/src/app/core/Router.php(20): project\\control\\Cart->__construct()\n#4 /var/www/apex_soft/src/index.php(22): project\\core\\Router->action()\n#5 {main}\n  thrown in /var/www/apex_soft/src/app/control/parent/Page.php on line 146, referer: http://apex_soft/cart/view
[Mon May 13 19:19:13.920075 2024] [php:error] [pid 16062] [client 127.0.0.1:35402] PHP Fatal error:  Uncaught mysqli_sql_exception: Unknown database 'Users' in /var/www/apex_soft/src/app/control/parent/Page.php:146\nStack trace:\n#0 /var/www/apex_soft/src/app/control/parent/Page.php(146): mysqli->__construct()\n#1 /var/www/apex_soft/src/app/control/parent/Page.php(28): project\\control\\parent\\Page->isEnteredUser()\n#2 /var/www/apex_soft/src/app/control/Cart.php(9): project\\control\\parent\\Page->constructor()\n#3 /var/www/apex_soft/src/app/core/Router.php(20): project\\control\\Cart->__construct()\n#4 /var/www/apex_soft/src/index.php(22): project\\core\\Router->action()\n#5 {main}\n  thrown in /var/www/apex_soft/src/app/control/parent/Page.php on line 146, referer: http://apex_soft/cart/view
[Mon May 13 19:19:16.625869 2024] [php:error] [pid 16062] [client 127.0.0.1:35402] PHP Fatal error:  Uncaught mysqli_sql_exception: Unknown database 'Users' in /var/www/apex_soft/src/app/control/parent/Page.php:146\nStack trace:\n#0 /var/www/apex_soft/src/app/control/parent/Page.php(146): mysqli->__construct()\n#1 /var/www/apex_soft/src/app/control/parent/Page.php(28): project\\control\\parent\\Page->isEnteredUser()\n#2 /var/www/apex_soft/src/app/control/Cart.php(9): project\\control\\parent\\Page->constructor()\n#3 /var/www/apex_soft/src/app/core/Router.php(20): project\\control\\Cart->__construct()\n#4 /var/www/apex_soft/src/index.php(22): project\\core\\Router->action()\n#5 {main}\n  thrown in /var/www/apex_soft/src/app/control/parent/Page.php on line 146, referer: http://apex_soft/catalog/view
[Mon May 13 19:19:16.660530 2024] [php:error] [pid 16062] [client 127.0.0.1:35402] PHP Fatal error:  Uncaught mysqli_sql_exception: Unknown database 'Users' in /var/www/apex_soft/src/app/control/parent/Page.php:146\nStack trace:\n#0 /var/www/apex_soft/src/app/control/parent/Page.php(146): mysqli->__construct()\n#1 /var/www/apex_soft/src/app/control/parent/Page.php(28): project\\control\\parent\\Page->isEnteredUser()\n#2 /var/www/apex_soft/src/app/control/Main.php(9): project\\control\\parent\\Page->constructor()\n#3 /var/www/apex_soft/src/app/core/Router.php(20): project\\control\\Main->__construct()\n#4 /var/www/apex_soft/src/index.php(22): project\\core\\Router->action()\n#5 {main}\n  thrown in /var/www/apex_soft/src/app/control/parent/Page.php on line 146, referer: http://apex_soft/cart/view
[Mon May 13 19:19:43.887822 2024] [php:error] [pid 12768] [client 127.0.0.1:46586] PHP Fatal error:  Class project\\model\\Product contains 1 abstract method and must therefore be declared abstract or implement the remaining methods (project\\model\\interfaces\\iProduct::setAmount) in /var/www/apex_soft/src/app/model/Product.php on line 8, referer: http://apex_soft/info/view
[Mon May 13 20:55:29.298076 2024] [php:error] [pid 12887] [client 127.0.0.1:33722] PHP Fatal error:  Declaration of project\\model\\Product::getAllProducts(string $user): void must be compatible with project\\model\\interfaces\\iProduct::getAllProducts(): void in /var/www/apex_soft/src/app/model/Product.php on line 100, referer: http://apex_soft/catalog/view
[Mon May 13 21:00:59.931541 2024] [php:error] [pid 16062] [client 127.0.0.1:56820] PHP Fatal error:  Cannot make non static method project\\model\\interfaces\\iCart::setProductsAmount() static in class project\\model\\Cart in /var/www/apex_soft/src/app/model/Cart.php on line 8, referer: http://apex_soft/product/view?default_action=update&id=1
[Mon May 13 21:22:07.940221 2024] [php:error] [pid 12768] [client 127.0.0.1:58082] PHP Fatal error:  Cannot make non static method project\\model\\interfaces\\iCart::setProductsAmount() static in class project\\model\\Cart in /var/www/apex_soft/src/app/model/Cart.php on line 8, referer: http://apex_soft/product/view?default_action=update&id=1
[Mon May 13 21:26:21.718015 2024] [php:error] [pid 19307] [client 127.0.0.1:41920] PHP Fatal error:  Uncaught mysqli_sql_exception: Access denied for user 'Cart'@'172.19.0.1' (using password: YES) in /var/www/apex_soft/src/app/model/Cart.php:17\nStack trace:\n#0 /var/www/apex_soft/src/app/model/Cart.php(17): mysqli->__construct()\n#1 /var/www/apex_soft/src/app/model/Product.php(113): project\\model\\Cart::getProductsAmount()\n#2 /var/www/apex_soft/src/app/control/Catalog.php(18): project\\model\\Product->getAllProducts()\n#3 /var/www/apex_soft/src/app/core/Router.php(20): project\\control\\Catalog->view()\n#4 /var/www/apex_soft/src/index.php(22): project\\core\\Router->action()\n#5 {main}\n  thrown in /var/www/apex_soft/src/app/model/Cart.php on line 17, referer: http://apex_soft/product/view?default_action=update&id=1
[Mon May 13 21:29:09.086368 2024] [php:error] [pid 15326] [client 127.0.0.1:53124] PHP Fatal error:  Uncaught Error: Typed property project\\control\\parent\\Page::$login must not be accessed before initialization in /var/www/apex_soft/src/app/control/Catalog.php:18\nStack trace:\n#0 /var/www/apex_soft/src/app/core/Router.php(20): project\\control\\Catalog->view()\n#1 /var/www/apex_soft/src/index.php(22): project\\core\\Router->action()\n#2 {main}\n  thrown in /var/www/apex_soft/src/app/control/Catalog.php on line 18, referer: http://apex_soft/product/view?default_action=update&id=1
[Mon May 13 22:36:59.833777 2024] [php:error] [pid 972] [client 127.0.0.1:53336] PHP Fatal error:  Uncaught mysqli_sql_exception: No route to host in /var/www/apex_soft/src/app/control/parent/Page.php:147\nStack trace:\n#0 /var/www/apex_soft/src/app/control/parent/Page.php(147): mysqli->__construct()\n#1 /var/www/apex_soft/src/app/control/parent/Page.php(28): project\\control\\parent\\Page->isEnteredUser()\n#2 /var/www/apex_soft/src/app/control/Main.php(9): project\\control\\parent\\Page->constructor()\n#3 /var/www/apex_soft/src/app/core/Router.php(20): project\\control\\Main->__construct()\n#4 /var/www/apex_soft/src/index.php(22): project\\core\\Router->action()\n#5 {main}\n  thrown in /var/www/apex_soft/src/app/control/parent/Page.php on line 147, referer: http://apex_soft/main/view
[Tue May 14 13:29:45.698096 2024] [php:error] [pid 944] [client 127.0.0.1:57942] PHP Fatal error:  Uncaught mysqli_sql_exception: No route to host in /var/www/apex_soft/src/app/control/parent/Page.php:147\nStack trace:\n#0 /var/www/apex_soft/src/app/control/parent/Page.php(147): mysqli->__construct()\n#1 /var/www/apex_soft/src/app/control/parent/Page.php(28): project\\control\\parent\\Page->isEnteredUser()\n#2 /var/www/apex_soft/src/app/control/Main.php(9): project\\control\\parent\\Page->constructor()\n#3 /var/www/apex_soft/src/app/core/Router.php(20): project\\control\\Main->__construct()\n#4 /var/www/apex_soft/src/index.php(22): project\\core\\Router->action()\n#5 {main}\n  thrown in /var/www/apex_soft/src/app/control/parent/Page.php on line 147, referer: http://apex_soft/main/view
[Tue May 14 14:38:10.725614 2024] [php:error] [pid 5119] [client 127.0.0.1:45124] PHP Fatal error:  Cannot make static method project\\model\\interfaces\\iCart::setProductAmount() non static in class project\\model\\Cart in /var/www/apex_soft/src/app/model/Cart.php on line 14, referer: http://apex_soft/product/view
[Tue May 14 14:38:26.600720 2024] [php:error] [pid 4044] [client 127.0.0.1:33280] PHP Fatal error:  Uncaught Error: Call to undefined method project\\model\\Cart::getProductsAmount() in /var/www/apex_soft/src/app/model/Product.php:113\nStack trace:\n#0 /var/www/apex_soft/src/app/control/Catalog.php(18): project\\model\\Product->getAllProducts()\n#1 /var/www/apex_soft/src/app/core/Router.php(20): project\\control\\Catalog->view()\n#2 /var/www/apex_soft/src/index.php(22): project\\core\\Router->action()\n#3 {main}\n  thrown in /var/www/apex_soft/src/app/model/Product.php on line 113, referer: http://apex_soft/product/view
[Tue May 14 14:48:26.905859 2024] [php:error] [pid 4296] [client 127.0.0.1:52014] PHP Fatal error:  Uncaught Error: Non-static method project\\model\\Cart::getProductAmount() cannot be called statically in /var/www/apex_soft/src/app/model/Product.php:113\nStack trace:\n#0 /var/www/apex_soft/src/app/control/Catalog.php(18): project\\model\\Product->getAllProducts()\n#1 /var/www/apex_soft/src/app/core/Router.php(20): project\\control\\Catalog->view()\n#2 /var/www/apex_soft/src/index.php(22): project\\core\\Router->action()\n#3 {main}\n  thrown in /var/www/apex_soft/src/app/model/Product.php on line 113, referer: http://apex_soft/product/view
[Tue May 14 14:50:02.765432 2024] [php:error] [pid 945] [client 127.0.0.1:38782] PHP Fatal error:  Uncaught mysqli_sql_exception: Access denied for user 'Cart'@'172.19.0.1' (using password: YES) in /var/www/apex_soft/src/app/model/Cart.php:11\nStack trace:\n#0 /var/www/apex_soft/src/app/model/Cart.php(11): mysqli->__construct()\n#1 /var/www/apex_soft/src/app/model/Product.php(101): project\\model\\Cart->__construct()\n#2 /var/www/apex_soft/src/app/control/Catalog.php(18): project\\model\\Product->getAllProducts()\n#3 /var/www/apex_soft/src/app/core/Router.php(20): project\\control\\Catalog->view()\n#4 /var/www/apex_soft/src/index.php(22): project\\core\\Router->action()\n#5 {main}\n  thrown in /var/www/apex_soft/src/app/model/Cart.php on line 11, referer: http://apex_soft/product/view
[Tue May 14 14:53:09.696584 2024] [php:error] [pid 5117] [client 127.0.0.1:51920] PHP Fatal error:  Uncaught mysqli_sql_exception: Access denied for user 'Cart'@'172.19.0.1' (using password: YES) in /var/www/apex_soft/src/app/model/Cart.php:11\nStack trace:\n#0 /var/www/apex_soft/src/app/model/Cart.php(11): mysqli->__construct()\n#1 /var/www/apex_soft/src/app/model/Product.php(101): project\\model\\Cart->__construct()\n#2 /var/www/apex_soft/src/app/control/Catalog.php(18): project\\model\\Product->getAllProducts()\n#3 /var/www/apex_soft/src/app/core/Router.php(20): project\\control\\Catalog->view()\n#4 /var/www/apex_soft/src/index.php(22): project\\core\\Router->action()\n#5 {main}\n  thrown in /var/www/apex_soft/src/app/model/Cart.php on line 11, referer: http://apex_soft/product/view
[Tue May 14 14:53:10.471546 2024] [php:error] [pid 5117] [client 127.0.0.1:51920] PHP Fatal error:  Uncaught mysqli_sql_exception: Access denied for user 'Cart'@'172.19.0.1' (using password: YES) in /var/www/apex_soft/src/app/model/Cart.php:11\nStack trace:\n#0 /var/www/apex_soft/src/app/model/Cart.php(11): mysqli->__construct()\n#1 /var/www/apex_soft/src/app/model/Product.php(101): project\\model\\Cart->__construct()\n#2 /var/www/apex_soft/src/app/control/Catalog.php(18): project\\model\\Product->getAllProducts()\n#3 /var/www/apex_soft/src/app/core/Router.php(20): project\\control\\Catalog->view()\n#4 /var/www/apex_soft/src/index.php(22): project\\core\\Router->action()\n#5 {main}\n  thrown in /var/www/apex_soft/src/app/model/Cart.php on line 11, referer: http://apex_soft/product/view
[Tue May 14 14:53:10.736713 2024] [php:error] [pid 5117] [client 127.0.0.1:51920] PHP Fatal error:  Uncaught mysqli_sql_exception: Access denied for user 'Cart'@'172.19.0.1' (using password: YES) in /var/www/apex_soft/src/app/model/Cart.php:11\nStack trace:\n#0 /var/www/apex_soft/src/app/model/Cart.php(11): mysqli->__construct()\n#1 /var/www/apex_soft/src/app/model/Product.php(101): project\\model\\Cart->__construct()\n#2 /var/www/apex_soft/src/app/control/Catalog.php(18): project\\model\\Product->getAllProducts()\n#3 /var/www/apex_soft/src/app/core/Router.php(20): project\\control\\Catalog->view()\n#4 /var/www/apex_soft/src/index.php(22): project\\core\\Router->action()\n#5 {main}\n  thrown in /var/www/apex_soft/src/app/model/Cart.php on line 11, referer: http://apex_soft/product/view
[Tue May 14 14:53:10.905713 2024] [php:error] [pid 5117] [client 127.0.0.1:51920] PHP Fatal error:  Uncaught mysqli_sql_exception: Access denied for user 'Cart'@'172.19.0.1' (using password: YES) in /var/www/apex_soft/src/app/model/Cart.php:11\nStack trace:\n#0 /var/www/apex_soft/src/app/model/Cart.php(11): mysqli->__construct()\n#1 /var/www/apex_soft/src/app/model/Product.php(101): project\\model\\Cart->__construct()\n#2 /var/www/apex_soft/src/app/control/Catalog.php(18): project\\model\\Product->getAllProducts()\n#3 /var/www/apex_soft/src/app/core/Router.php(20): project\\control\\Catalog->view()\n#4 /var/www/apex_soft/src/index.php(22): project\\core\\Router->action()\n#5 {main}\n  thrown in /var/www/apex_soft/src/app/model/Cart.php on line 11, referer: http://apex_soft/product/view
[Tue May 14 14:53:11.025202 2024] [php:error] [pid 5117] [client 127.0.0.1:51920] PHP Fatal error:  Uncaught mysqli_sql_exception: Access denied for user 'Cart'@'172.19.0.1' (using password: YES) in /var/www/apex_soft/src/app/model/Cart.php:11\nStack trace:\n#0 /var/www/apex_soft/src/app/model/Cart.php(11): mysqli->__construct()\n#1 /var/www/apex_soft/src/app/model/Product.php(101): project\\model\\Cart->__construct()\n#2 /var/www/apex_soft/src/app/control/Catalog.php(18): project\\model\\Product->getAllProducts()\n#3 /var/www/apex_soft/src/app/core/Router.php(20): project\\control\\Catalog->view()\n#4 /var/www/apex_soft/src/index.php(22): project\\core\\Router->action()\n#5 {main}\n  thrown in /var/www/apex_soft/src/app/model/Cart.php on line 11, referer: http://apex_soft/product/view
[Tue May 14 14:53:11.199966 2024] [php:error] [pid 5117] [client 127.0.0.1:51920] PHP Fatal error:  Uncaught mysqli_sql_exception: Access denied for user 'Cart'@'172.19.0.1' (using password: YES) in /var/www/apex_soft/src/app/model/Cart.php:11\nStack trace:\n#0 /var/www/apex_soft/src/app/model/Cart.php(11): mysqli->__construct()\n#1 /var/www/apex_soft/src/app/model/Product.php(101): project\\model\\Cart->__construct()\n#2 /var/www/apex_soft/src/app/control/Catalog.php(18): project\\model\\Product->getAllProducts()\n#3 /var/www/apex_soft/src/app/core/Router.php(20): project\\control\\Catalog->view()\n#4 /var/www/apex_soft/src/index.php(22): project\\core\\Router->action()\n#5 {main}\n  thrown in /var/www/apex_soft/src/app/model/Cart.php on line 11, referer: http://apex_soft/product/view
[Tue May 14 14:53:11.343213 2024] [php:error] [pid 5117] [client 127.0.0.1:51920] PHP Fatal error:  Uncaught mysqli_sql_exception: Access denied for user 'Cart'@'172.19.0.1' (using password: YES) in /var/www/apex_soft/src/app/model/Cart.php:11\nStack trace:\n#0 /var/www/apex_soft/src/app/model/Cart.php(11): mysqli->__construct()\n#1 /var/www/apex_soft/src/app/model/Product.php(101): project\\model\\Cart->__construct()\n#2 /var/www/apex_soft/src/app/control/Catalog.php(18): project\\model\\Product->getAllProducts()\n#3 /var/www/apex_soft/src/app/core/Router.php(20): project\\control\\Catalog->view()\n#4 /var/www/apex_soft/src/index.php(22): project\\core\\Router->action()\n#5 {main}\n  thrown in /var/www/apex_soft/src/app/model/Cart.php on line 11, referer: http://apex_soft/product/view
[Tue May 14 14:53:11.513109 2024] [php:error] [pid 5117] [client 127.0.0.1:51920] PHP Fatal error:  Uncaught mysqli_sql_exception: Access denied for user 'Cart'@'172.19.0.1' (using password: YES) in /var/www/apex_soft/src/app/model/Cart.php:11\nStack trace:\n#0 /var/www/apex_soft/src/app/model/Cart.php(11): mysqli->__construct()\n#1 /var/www/apex_soft/src/app/model/Product.php(101): project\\model\\Cart->__construct()\n#2 /var/www/apex_soft/src/app/control/Catalog.php(18): project\\model\\Product->getAllProducts()\n#3 /var/www/apex_soft/src/app/core/Router.php(20): project\\control\\Catalog->view()\n#4 /var/www/apex_soft/src/index.php(22): project\\core\\Router->action()\n#5 {main}\n  thrown in /var/www/apex_soft/src/app/model/Cart.php on line 11, referer: http://apex_soft/product/view
[Tue May 14 14:53:11.676412 2024] [php:error] [pid 5117] [client 127.0.0.1:51920] PHP Fatal error:  Uncaught mysqli_sql_exception: Access denied for user 'Cart'@'172.19.0.1' (using password: YES) in /var/www/apex_soft/src/app/model/Cart.php:11\nStack trace:\n#0 /var/www/apex_soft/src/app/model/Cart.php(11): mysqli->__construct()\n#1 /var/www/apex_soft/src/app/model/Product.php(101): project\\model\\Cart->__construct()\n#2 /var/www/apex_soft/src/app/control/Catalog.php(18): project\\model\\Product->getAllProducts()\n#3 /var/www/apex_soft/src/app/core/Router.php(20): project\\control\\Catalog->view()\n#4 /var/www/apex_soft/src/index.php(22): project\\core\\Router->action()\n#5 {main}\n  thrown in /var/www/apex_soft/src/app/model/Cart.php on line 11, referer: http://apex_soft/product/view
[Tue May 14 14:53:11.865563 2024] [php:error] [pid 5117] [client 127.0.0.1:51920] PHP Fatal error:  Uncaught mysqli_sql_exception: Access denied for user 'Cart'@'172.19.0.1' (using password: YES) in /var/www/apex_soft/src/app/model/Cart.php:11\nStack trace:\n#0 /var/www/apex_soft/src/app/model/Cart.php(11): mysqli->__construct()\n#1 /var/www/apex_soft/src/app/model/Product.php(101): project\\model\\Cart->__construct()\n#2 /var/www/apex_soft/src/app/control/Catalog.php(18): project\\model\\Product->getAllProducts()\n#3 /var/www/apex_soft/src/app/core/Router.php(20): project\\control\\Catalog->view()\n#4 /var/www/apex_soft/src/index.php(22): project\\core\\Router->action()\n#5 {main}\n  thrown in /var/www/apex_soft/src/app/model/Cart.php on line 11, referer: http://apex_soft/product/view
[Tue May 14 14:53:12.028469 2024] [php:error] [pid 5117] [client 127.0.0.1:51920] PHP Fatal error:  Uncaught mysqli_sql_exception: Access denied for user 'Cart'@'172.19.0.1' (using password: YES) in /var/www/apex_soft/src/app/model/Cart.php:11\nStack trace:\n#0 /var/www/apex_soft/src/app/model/Cart.php(11): mysqli->__construct()\n#1 /var/www/apex_soft/src/app/model/Product.php(101): project\\model\\Cart->__construct()\n#2 /var/www/apex_soft/src/app/control/Catalog.php(18): project\\model\\Product->getAllProducts()\n#3 /var/www/apex_soft/src/app/core/Router.php(20): project\\control\\Catalog->view()\n#4 /var/www/apex_soft/src/index.php(22): project\\core\\Router->action()\n#5 {main}\n  thrown in /var/www/apex_soft/src/app/model/Cart.php on line 11, referer: http://apex_soft/product/view
[Tue May 14 14:53:12.202130 2024] [php:error] [pid 5117] [client 127.0.0.1:51920] PHP Fatal error:  Uncaught mysqli_sql_exception: Access denied for user 'Cart'@'172.19.0.1' (using password: YES) in /var/www/apex_soft/src/app/model/Cart.php:11\nStack trace:\n#0 /var/www/apex_soft/src/app/model/Cart.php(11): mysqli->__construct()\n#1 /var/www/apex_soft/src/app/model/Product.php(101): project\\model\\Cart->__construct()\n#2 /var/www/apex_soft/src/app/control/Catalog.php(18): project\\model\\Product->getAllProducts()\n#3 /var/www/apex_soft/src/app/core/Router.php(20): project\\control\\Catalog->view()\n#4 /var/www/apex_soft/src/index.php(22): project\\core\\Router->action()\n#5 {main}\n  thrown in /var/www/apex_soft/src/app/model/Cart.php on line 11, referer: http://apex_soft/product/view
[Tue May 14 14:53:12.351711 2024] [php:error] [pid 5117] [client 127.0.0.1:51920] PHP Fatal error:  Uncaught mysqli_sql_exception: Access denied for user 'Cart'@'172.19.0.1' (using password: YES) in /var/www/apex_soft/src/app/model/Cart.php:11\nStack trace:\n#0 /var/www/apex_soft/src/app/model/Cart.php(11): mysqli->__construct()\n#1 /var/www/apex_soft/src/app/model/Product.php(101): project\\model\\Cart->__construct()\n#2 /var/www/apex_soft/src/app/control/Catalog.php(18): project\\model\\Product->getAllProducts()\n#3 /var/www/apex_soft/src/app/core/Router.php(20): project\\control\\Catalog->view()\n#4 /var/www/apex_soft/src/index.php(22): project\\core\\Router->action()\n#5 {main}\n  thrown in /var/www/apex_soft/src/app/model/Cart.php on line 11, referer: http://apex_soft/product/view
[Tue May 14 14:53:35.526296 2024] [php:error] [pid 5118] [client 127.0.0.1:51926] PHP Fatal error:  Uncaught mysqli_sql_exception: Table 'Carts.superuser' doesn't exist in /var/www/apex_soft/src/app/model/Cart.php:32\nStack trace:\n#0 /var/www/apex_soft/src/app/model/Cart.php(32): mysqli->query()\n#1 /var/www/apex_soft/src/app/model/Product.php(114): project\\model\\Cart->getProductAmount()\n#2 /var/www/apex_soft/src/app/control/Catalog.php(18): project\\model\\Product->getAllProducts()\n#3 /var/www/apex_soft/src/app/core/Router.php(20): project\\control\\Catalog->view()\n#4 /var/www/apex_soft/src/index.php(22): project\\core\\Router->action()\n#5 {main}\n  thrown in /var/www/apex_soft/src/app/model/Cart.php on line 32, referer: http://apex_soft/product/view
[Tue May 14 15:57:19.827598 2024] [php:warn] [pid 5117] [client 127.0.0.1:50350] PHP Warning:  require_once(/var/www/apex_soft/src/app/control/../../view/pages/cart.php): Failed to open stream: No such file or directory in /var/www/apex_soft/src/app/control/Cart.php on line 18, referer: http://apex_soft/catalog/view
[Tue May 14 15:57:19.827630 2024] [php:error] [pid 5117] [client 127.0.0.1:50350] PHP Fatal error:  Uncaught Error: Failed opening required '/var/www/apex_soft/src/app/control/../../view/pages/cart.php' (include_path='.:/usr/share/php') in /var/www/apex_soft/src/app/control/Cart.php:18\nStack trace:\n#0 /var/www/apex_soft/src/app/core/Router.php(20): project\\control\\Cart->view()\n#1 /var/www/apex_soft/src/index.php(22): project\\core\\Router->action()\n#2 {main}\n  thrown in /var/www/apex_soft/src/app/control/Cart.php on line 18, referer: http://apex_soft/catalog/view
[Tue May 14 19:16:59.517676 2024] [php:error] [pid 946] [client 127.0.0.1:53624] PHP Fatal error:  Uncaught mysqli_sql_exception: No route to host in /var/www/apex_soft/src/app/control/parent/Page.php:147\nStack trace:\n#0 /var/www/apex_soft/src/app/control/parent/Page.php(147): mysqli->__construct()\n#1 /var/www/apex_soft/src/app/control/parent/Page.php(28): project\\control\\parent\\Page->isEnteredUser()\n#2 /var/www/apex_soft/src/app/control/Main.php(9): project\\control\\parent\\Page->constructor()\n#3 /var/www/apex_soft/src/app/core/Router.php(20): project\\control\\Main->__construct()\n#4 /var/www/apex_soft/src/index.php(22): project\\core\\Router->action()\n#5 {main}\n  thrown in /var/www/apex_soft/src/app/control/parent/Page.php on line 147, referer: http://apex_soft/catalog/view
[Tue May 14 19:22:34.892336 2024] [php:error] [pid 947] [client 127.0.0.1:55292] PHP Fatal error:  Uncaught mysqli_sql_exception: No route to host in /var/www/apex_soft/src/app/control/parent/Page.php:147\nStack trace:\n#0 /var/www/apex_soft/src/app/control/parent/Page.php(147): mysqli->__construct()\n#1 /var/www/apex_soft/src/app/control/parent/Page.php(28): project\\control\\parent\\Page->isEnteredUser()\n#2 /var/www/apex_soft/src/app/control/Catalog.php(14): project\\control\\parent\\Page->constructor()\n#3 /var/www/apex_soft/src/app/core/Router.php(20): project\\control\\Catalog->__construct()\n#4 /var/www/apex_soft/src/index.php(22): project\\core\\Router->action()\n#5 {main}\n  thrown in /var/www/apex_soft/src/app/control/parent/Page.php on line 147, referer: http://apex_soft/catalog/view
[Tue May 14 19:22:37.996406 2024] [php:error] [pid 947] [client 127.0.0.1:55292] PHP Fatal error:  Uncaught mysqli_sql_exception: No route to host in /var/www/apex_soft/src/app/control/parent/Page.php:147\nStack trace:\n#0 /var/www/apex_soft/src/app/control/parent/Page.php(147): mysqli->__construct()\n#1 /var/www/apex_soft/src/app/control/parent/Page.php(28): project\\control\\parent\\Page->isEnteredUser()\n#2 /var/www/apex_soft/src/app/control/Main.php(9): project\\control\\parent\\Page->constructor()\n#3 /var/www/apex_soft/src/app/core/Router.php(20): project\\control\\Main->__construct()\n#4 /var/www/apex_soft/src/index.php(22): project\\core\\Router->action()\n#5 {main}\n  thrown in /var/www/apex_soft/src/app/control/parent/Page.php on line 147, referer: http://apex_soft/catalog/view
[Tue May 14 19:31:21.708352 2024] [php:error] [pid 3558] [client 127.0.0.1:34514] PHP Fatal error:  Uncaught mysqli_sql_exception: No route to host in /var/www/apex_soft/src/app/control/parent/Page.php:147\nStack trace:\n#0 /var/www/apex_soft/src/app/control/parent/Page.php(147): mysqli->__construct()\n#1 /var/www/apex_soft/src/app/control/parent/Page.php(28): project\\control\\parent\\Page->isEnteredUser()\n#2 /var/www/apex_soft/src/app/control/Catalog.php(14): project\\control\\parent\\Page->constructor()\n#3 /var/www/apex_soft/src/app/core/Router.php(20): project\\control\\Catalog->__construct()\n#4 /var/www/apex_soft/src/index.php(22): project\\core\\Router->action()\n#5 {main}\n  thrown in /var/www/apex_soft/src/app/control/parent/Page.php on line 147, referer: http://apex_soft/catalog/view
[Tue May 14 19:31:24.780421 2024] [php:error] [pid 3558] [client 127.0.0.1:34514] PHP Fatal error:  Uncaught mysqli_sql_exception: No route to host in /var/www/apex_soft/src/app/control/parent/Page.php:147\nStack trace:\n#0 /var/www/apex_soft/src/app/control/parent/Page.php(147): mysqli->__construct()\n#1 /var/www/apex_soft/src/app/control/parent/Page.php(28): project\\control\\parent\\Page->isEnteredUser()\n#2 /var/www/apex_soft/src/app/control/Main.php(9): project\\control\\parent\\Page->constructor()\n#3 /var/www/apex_soft/src/app/core/Router.php(20): project\\control\\Main->__construct()\n#4 /var/www/apex_soft/src/index.php(22): project\\core\\Router->action()\n#5 {main}\n  thrown in /var/www/apex_soft/src/app/control/parent/Page.php on line 147, referer: http://apex_soft/catalog/view
[Tue May 14 19:34:30.932391 2024] [php:error] [pid 946] [client 127.0.0.1:43128] PHP Fatal error:  Uncaught Error: Typed property project\\control\\parent\\Page::$login must not be accessed before initialization in /var/www/apex_soft/src/app/control/Catalog.php:18\nStack trace:\n#0 /var/www/apex_soft/src/app/core/Router.php(20): project\\control\\Catalog->view()\n#1 /var/www/apex_soft/src/index.php(22): project\\core\\Router->action()\n#2 {main}\n  thrown in /var/www/apex_soft/src/app/control/Catalog.php on line 18, referer: http://apex_soft/catalog/view
[Tue May 14 19:34:37.446888 2024] [php:error] [pid 949] [client 127.0.0.1:43130] PHP Fatal error:  Uncaught Error: Typed property project\\control\\parent\\Page::$login must not be accessed before initialization in /var/www/apex_soft/src/app/control/Catalog.php:18\nStack trace:\n#0 /var/www/apex_soft/src/app/core/Router.php(20): project\\control\\Catalog->view()\n#1 /var/www/apex_soft/src/index.php(22): project\\core\\Router->action()\n#2 {main}\n  thrown in /var/www/apex_soft/src/app/control/Catalog.php on line 18
[Wed May 15 14:03:54.297908 2024] [php:error] [pid 4100] [client 127.0.0.1:60394] PHP Fatal error:  Uncaught mysqli_sql_exception: No route to host in /var/www/apex_soft/src/app/control/parent/Page.php:147\nStack trace:\n#0 /var/www/apex_soft/src/app/control/parent/Page.php(147): mysqli->__construct()\n#1 /var/www/apex_soft/src/app/control/parent/Page.php(28): project\\control\\parent\\Page->isEnteredUser()\n#2 /var/www/apex_soft/src/app/control/Main.php(9): project\\control\\parent\\Page->constructor()\n#3 /var/www/apex_soft/src/app/core/Router.php(20): project\\control\\Main->__construct()\n#4 /var/www/apex_soft/src/index.php(22): project\\core\\Router->action()\n#5 {main}\n  thrown in /var/www/apex_soft/src/app/control/parent/Page.php on line 147, referer: http://apex_soft/product/view
[Wed May 15 16:13:51.345223 2024] [php:notice] [pid 881] [client 127.0.0.1:56734] Xdebug: [Step Debug] Could not connect to debugging client. Tried: localhost:9003 (through xdebug.client_host/xdebug.client_port)., referer: http://apex_soft/product/view?default_action=create
[Wed May 15 16:13:51.403596 2024] [php:notice] [pid 881] [client 127.0.0.1:56734] Xdebug: [Step Debug] Could not connect to debugging client. Tried: localhost:9003 (through xdebug.client_host/xdebug.client_port)., referer: http://apex_soft/product/view?default_action=create
[Wed May 15 16:13:54.470406 2024] [php:error] [pid 881] [client 127.0.0.1:56734] PHP Fatal error:  Uncaught mysqli_sql_exception: No route to host in /var/www/apex_soft/src/app/control/parent/Page.php:147\nStack trace:\n#0 /var/www/apex_soft/src/app/control/parent/Page.php(147): mysqli->__construct()\n#1 /var/www/apex_soft/src/app/control/parent/Page.php(28): project\\control\\parent\\Page->isEnteredUser()\n#2 /var/www/apex_soft/src/app/control/Main.php(9): project\\control\\parent\\Page->constructor()\n#3 /var/www/apex_soft/src/app/core/Router.php(20): project\\control\\Main->__construct()\n#4 /var/www/apex_soft/src/index.php(22): project\\core\\Router->action()\n#5 {main}\n  thrown in /var/www/apex_soft/src/app/control/parent/Page.php on line 147, referer: http://apex_soft/product/view?default_action=create
[Wed May 15 16:21:48.852756 2024] [php:notice] [pid 3853] [client 127.0.0.1:46254] Xdebug: [Step Debug] Could not connect to debugging client. Tried: localhost:9003 (through xdebug.client_host/xdebug.client_port)., referer: http://apex_soft/product/view?default_action=create
[Wed May 15 16:21:52.061784 2024] [php:notice] [pid 3854] [client 127.0.0.1:46268] Xdebug: [Step Debug] Could not connect to debugging client. Tried: localhost:9003 (through xdebug.client_host/xdebug.client_port)., referer: http://apex_soft/catalog/view
[Wed May 15 16:21:52.107754 2024] [php:notice] [pid 3854] [client 127.0.0.1:46268] Xdebug: [Step Debug] Could not connect to debugging client. Tried: localhost:9003 (through xdebug.client_host/xdebug.client_port)., referer: http://apex_soft/catalog/view
[Wed May 15 16:53:02.931179 2024] [php:notice] [pid 3848] [client 127.0.0.1:50996] Xdebug: [Step Debug] Could not connect to debugging client. Tried: localhost:9003 (through xdebug.client_host/xdebug.client_port)., referer: http://apex_soft/catalog/view
[Wed May 15 16:53:05.080026 2024] [php:notice] [pid 3856] [client 127.0.0.1:55900] Xdebug: [Step Debug] Could not connect to debugging client. Tried: localhost:9003 (through xdebug.client_host/xdebug.client_port)., referer: http://apex_soft/product/view?default_action=create
[Wed May 15 16:53:05.090943 2024] [php:notice] [pid 3856] [client 127.0.0.1:55900] Xdebug: [Step Debug] Could not connect to debugging client. Tried: localhost:9003 (through xdebug.client_host/xdebug.client_port)., referer: http://apex_soft/product/view?default_action=create
[Wed May 15 16:53:17.087922 2024] [php:notice] [pid 3855] [client 127.0.0.1:49072] Xdebug: [Step Debug] Could not connect to debugging client. Tried: localhost:9003 (through xdebug.client_host/xdebug.client_port)., referer: http://apex_soft/product/view?default_action=create
[Wed May 15 16:53:17.141037 2024] [php:warn] [pid 3855] [client 127.0.0.1:49072] PHP Warning:  preg_match(): Compilation failed: range out of order in character class at offset 27 in /var/www/apex_soft/src/app/model/Product.php on line 291, referer: http://apex_soft/product/view?default_action=create
[Wed May 15 16:55:39.209790 2024] [php:notice] [pid 880] [client 127.0.0.1:55596] Xdebug: [Step Debug] Could not connect to debugging client. Tried: localhost:9003 (through xdebug.client_host/xdebug.client_port)., referer: http://apex_soft/product/view?default_action=create
[Wed May 15 16:55:39.227049 2024] [php:warn] [pid 880] [client 127.0.0.1:55596] PHP Warning:  preg_match(): Compilation failed: range out of order in character class at offset 27 in /var/www/apex_soft/src/app/model/Product.php on line 291, referer: http://apex_soft/product/view?default_action=create
[Wed May 15 16:55:49.694178 2024] [php:notice] [pid 3854] [client 127.0.0.1:56108] Xdebug: [Step Debug] Could not connect to debugging client. Tried: localhost:9003 (through xdebug.client_host/xdebug.client_port)., referer: http://apex_soft/product/view?default_action=create
[Wed May 15 16:55:49.717024 2024] [php:warn] [pid 3854] [client 127.0.0.1:56108] PHP Warning:  preg_match(): Compilation failed: range out of order in character class at offset 28 in /var/www/apex_soft/src/app/model/Product.php on line 291, referer: http://apex_soft/product/view?default_action=create
[Wed May 15 16:56:30.433769 2024] [php:notice] [pid 6170] [client 127.0.0.1:33336] Xdebug: [Step Debug] Could not connect to debugging client. Tried: localhost:9003 (through xdebug.client_host/xdebug.client_port)., referer: http://apex_soft/catalog/view
[Wed May 15 16:56:31.052126 2024] [php:notice] [pid 6170] [client 127.0.0.1:33336] Xdebug: [Step Debug] Could not connect to debugging client. Tried: localhost:9003 (through xdebug.client_host/xdebug.client_port)., referer: http://apex_soft/product/view?default_action=create
[Wed May 15 16:56:31.068345 2024] [php:notice] [pid 6170] [client 127.0.0.1:33336] Xdebug: [Step Debug] Could not connect to debugging client. Tried: localhost:9003 (through xdebug.client_host/xdebug.client_port)., referer: http://apex_soft/product/view?default_action=create
[Wed May 15 16:56:41.863398 2024] [php:notice] [pid 3853] [client 127.0.0.1:33352] Xdebug: [Step Debug] Could not connect to debugging client. Tried: localhost:9003 (through xdebug.client_host/xdebug.client_port)., referer: http://apex_soft/product/view?default_action=create
[Wed May 15 16:56:41.924501 2024] [php:warn] [pid 3853] [client 127.0.0.1:33352] PHP Warning:  move_uploaded_file(/var/www/apex_soft/src/app/model/../../../images/1.png): Failed to open stream: Permission denied in /var/www/apex_soft/src/app/model/Product.php on line 466, referer: http://apex_soft/product/view?default_action=create
[Wed May 15 16:56:41.924626 2024] [php:warn] [pid 3853] [client 127.0.0.1:33352] PHP Warning:  move_uploaded_file(): Unable to move &quot;/tmp/phpanqmHX&quot; to &quot;/var/www/apex_soft/src/app/model/../../../images/1.png&quot; in /var/www/apex_soft/src/app/model/Product.php on line 466, referer: http://apex_soft/product/view?default_action=create
[Wed May 15 16:58:15.085317 2024] [php:notice] [pid 3848] [client 127.0.0.1:47010] Xdebug: [Step Debug] Could not connect to debugging client. Tried: localhost:9003 (through xdebug.client_host/xdebug.client_port)., referer: http://apex_soft/product/view?default_action=create
[Wed May 15 16:59:00.756425 2024] [php:notice] [pid 5195] [client 127.0.0.1:54414] Xdebug: [Step Debug] Could not connect to debugging client. Tried: localhost:9003 (through xdebug.client_host/xdebug.client_port)., referer: http://apex_soft/product/view?default_action=create
[Wed May 15 16:59:00.788128 2024] [php:warn] [pid 5195] [client 127.0.0.1:54414] PHP Warning:  move_uploaded_file(/var/www/apex_soft/src/app/model/../../../images/1.png): Failed to open stream: Permission denied in /var/www/apex_soft/src/app/model/Product.php on line 466, referer: http://apex_soft/product/view?default_action=create
[Wed May 15 16:59:00.788320 2024] [php:warn] [pid 5195] [client 127.0.0.1:54414] PHP Warning:  move_uploaded_file(): Unable to move &quot;/tmp/phptHEvPE&quot; to &quot;/var/www/apex_soft/src/app/model/../../../images/1.png&quot; in /var/www/apex_soft/src/app/model/Product.php on line 466, referer: http://apex_soft/product/view?default_action=create
[Wed May 15 17:03:43.026830 2024] [php:notice] [pid 3840] [client 127.0.0.1:58242] Xdebug: [Step Debug] Could not connect to debugging client. Tried: localhost:9003 (through xdebug.client_host/xdebug.client_port)., referer: http://apex_soft/product/view?default_action=create
[Wed May 15 17:03:43.094676 2024] [php:notice] [pid 3840] [client 127.0.0.1:58242] Xdebug: [Step Debug] Could not connect to debugging client. Tried: localhost:9003 (through xdebug.client_host/xdebug.client_port)., referer: http://apex_soft/product/view?default_action=create
[Wed May 15 17:03:46.169810 2024] [php:error] [pid 3840] [client 127.0.0.1:58242] PHP Fatal error:  Uncaught mysqli_sql_exception: No route to host in /var/www/apex_soft/src/app/control/parent/Page.php:147\nStack trace:\n#0 /var/www/apex_soft/src/app/control/parent/Page.php(147): mysqli->__construct()\n#1 /var/www/apex_soft/src/app/control/parent/Page.php(28): project\\control\\parent\\Page->isEnteredUser()\n#2 /var/www/apex_soft/src/app/control/Main.php(9): project\\control\\parent\\Page->constructor()\n#3 /var/www/apex_soft/src/app/core/Router.php(20): project\\control\\Main->__construct()\n#4 /var/www/apex_soft/src/index.php(22): project\\core\\Router->action()\n#5 {main}\n  thrown in /var/www/apex_soft/src/app/control/parent/Page.php on line 147, referer: http://apex_soft/product/view?default_action=create
[Wed May 15 17:04:36.814107 2024] [php:notice] [pid 3845] [client 127.0.0.1:52790] Xdebug: [Step Debug] Could not connect to debugging client. Tried: localhost:9003 (through xdebug.client_host/xdebug.client_port)., referer: http://apex_soft/product/view?default_action=create
[Wed May 15 17:05:40.037830 2024] [php:notice] [pid 3846] [client 127.0.0.1:37552] Xdebug: [Step Debug] Could not connect to debugging client. Tried: localhost:9003 (through xdebug.client_host/xdebug.client_port)., referer: http://apex_soft/product/view?default_action=create
[Wed May 15 17:05:40.055823 2024] [php:warn] [pid 3846] [client 127.0.0.1:37552] PHP Warning:  move_uploaded_file(/var/www/apex_soft/src/app/model/../../../images/1.png): Failed to open stream: Permission denied in /var/www/apex_soft/src/app/model/Product.php on line 466, referer: http://apex_soft/product/view?default_action=create
[Wed May 15 17:05:40.055954 2024] [php:warn] [pid 3846] [client 127.0.0.1:37552] PHP Warning:  move_uploaded_file(): Unable to move &quot;/tmp/phpEGu2Pq&quot; to &quot;/var/www/apex_soft/src/app/model/../../../images/1.png&quot; in /var/www/apex_soft/src/app/model/Product.php on line 466, referer: http://apex_soft/product/view?default_action=create
[Wed May 15 17:10:58.407309 2024] [php:notice] [pid 852] [client 127.0.0.1:53578] Xdebug: [Step Debug] Could not connect to debugging client. Tried: localhost:9003 (through xdebug.client_host/xdebug.client_port)., referer: http://apex_soft/product/view?default_action=create
[Wed May 15 17:10:58.456865 2024] [php:notice] [pid 852] [client 127.0.0.1:53578] Xdebug: [Step Debug] Could not connect to debugging client. Tried: localhost:9003 (through xdebug.client_host/xdebug.client_port)., referer: http://apex_soft/product/view?default_action=create
[Wed May 15 17:11:00.525834 2024] [php:error] [pid 852] [client 127.0.0.1:53578] PHP Fatal error:  Uncaught mysqli_sql_exception: Connection refused in /var/www/apex_soft/src/app/control/parent/Page.php:147\nStack trace:\n#0 /var/www/apex_soft/src/app/control/parent/Page.php(147): mysqli->__construct()\n#1 /var/www/apex_soft/src/app/control/parent/Page.php(28): project\\control\\parent\\Page->isEnteredUser()\n#2 /var/www/apex_soft/src/app/control/Main.php(9): project\\control\\parent\\Page->constructor()\n#3 /var/www/apex_soft/src/app/core/Router.php(20): project\\control\\Main->__construct()\n#4 /var/www/apex_soft/src/index.php(22): project\\core\\Router->action()\n#5 {main}\n  thrown in /var/www/apex_soft/src/app/control/parent/Page.php on line 147, referer: http://apex_soft/product/view?default_action=create
[Wed May 15 17:11:59.439068 2024] [php:notice] [pid 856] [client 127.0.0.1:48148] Xdebug: [Step Debug] Could not connect to debugging client. Tried: localhost:9003 (through xdebug.client_host/xdebug.client_port)., referer: http://apex_soft/product/view?default_action=create
[Wed May 15 17:12:03.366918 2024] [php:notice] [pid 856] [client 127.0.0.1:48148] Xdebug: [Step Debug] Could not connect to debugging client. Tried: localhost:9003 (through xdebug.client_host/xdebug.client_port)., referer: http://apex_soft/product/view?default_action=create
[Wed May 15 17:12:03.404937 2024] [php:error] [pid 856] [client 127.0.0.1:48148] PHP Fatal error:  Uncaught mysqli_sql_exception: Table 'Carts.superuser' doesn't exist in /var/www/apex_soft/src/app/model/Cart.php:34\nStack trace:\n#0 /var/www/apex_soft/src/app/model/Cart.php(34): mysqli->query()\n#1 /var/www/apex_soft/src/app/model/Product.php(104): project\\model\\Cart->getProductAmount()\n#2 /var/www/apex_soft/src/app/control/Catalog.php(19): project\\model\\Product->getAllProducts()\n#3 /var/www/apex_soft/src/app/core/Router.php(20): project\\control\\Catalog->view()\n#4 /var/www/apex_soft/src/index.php(22): project\\core\\Router->action()\n#5 {main}\n  thrown in /var/www/apex_soft/src/app/model/Cart.php on line 34, referer: http://apex_soft/product/view?default_action=create
[Wed May 15 17:12:03.622870 2024] [php:notice] [pid 856] [client 127.0.0.1:48148] Xdebug: [Step Debug] Could not connect to debugging client. Tried: localhost:9003 (through xdebug.client_host/xdebug.client_port)., referer: http://apex_soft/catalog/view
[Wed May 15 17:12:03.652909 2024] [php:notice] [pid 856] [client 127.0.0.1:48148] Xdebug: [Step Debug] Could not connect to debugging client. Tried: localhost:9003 (through xdebug.client_host/xdebug.client_port)., referer: http://apex_soft/catalog/view
[Wed May 15 17:13:40.409667 2024] [php:notice] [pid 860] [client 127.0.0.1:37304] Xdebug: [Step Debug] Could not connect to debugging client. Tried: localhost:9003 (through xdebug.client_host/xdebug.client_port)., referer: http://apex_soft/product/view?default_action=create
[Wed May 15 17:13:41.375572 2024] [php:notice] [pid 860] [client 127.0.0.1:37304] Xdebug: [Step Debug] Could not connect to debugging client. Tried: localhost:9003 (through xdebug.client_host/xdebug.client_port)., referer: http://apex_soft/catalog/view
[Wed May 15 17:13:41.388803 2024] [php:notice] [pid 860] [client 127.0.0.1:37304] Xdebug: [Step Debug] Could not connect to debugging client. Tried: localhost:9003 (through xdebug.client_host/xdebug.client_port)., referer: http://apex_soft/catalog/view
[Wed May 15 17:13:59.344610 2024] [php:notice] [pid 3929] [client 127.0.0.1:37314] Xdebug: [Step Debug] Could not connect to debugging client. Tried: localhost:9003 (through xdebug.client_host/xdebug.client_port)., referer: http://apex_soft/catalog/view
[Wed May 15 17:13:59.833238 2024] [php:notice] [pid 3929] [client 127.0.0.1:37314] Xdebug: [Step Debug] Could not connect to debugging client. Tried: localhost:9003 (through xdebug.client_host/xdebug.client_port)., referer: http://apex_soft/product/view?default_action=create
[Wed May 15 17:13:59.855423 2024] [php:notice] [pid 3929] [client 127.0.0.1:37314] Xdebug: [Step Debug] Could not connect to debugging client. Tried: localhost:9003 (through xdebug.client_host/xdebug.client_port)., referer: http://apex_soft/product/view?default_action=create
[Wed May 15 17:14:09.893768 2024] [php:notice] [pid 855] [client 127.0.0.1:47046] Xdebug: [Step Debug] Could not connect to debugging client. Tried: localhost:9003 (through xdebug.client_host/xdebug.client_port)., referer: http://apex_soft/product/view?default_action=create
[Wed May 15 17:14:11.689285 2024] [php:notice] [pid 855] [client 127.0.0.1:47046] Xdebug: [Step Debug] Could not connect to debugging client. Tried: localhost:9003 (through xdebug.client_host/xdebug.client_port)., referer: http://apex_soft/product/view?default_action=create
[Wed May 15 17:14:11.712471 2024] [php:error] [pid 855] [client 127.0.0.1:47046] PHP Fatal error:  Uncaught Error: mysqli object is already closed in /var/www/apex_soft/src/app/model/Cart.php:34\nStack trace:\n#0 /var/www/apex_soft/src/app/model/Cart.php(34): mysqli->query()\n#1 /var/www/apex_soft/src/app/model/Product.php(104): project\\model\\Cart->getProductAmount()\n#2 /var/www/apex_soft/src/app/control/Catalog.php(19): project\\model\\Product->getAllProducts()\n#3 /var/www/apex_soft/src/app/core/Router.php(20): project\\control\\Catalog->view()\n#4 /var/www/apex_soft/src/index.php(22): project\\core\\Router->action()\n#5 {main}\n  thrown in /var/www/apex_soft/src/app/model/Cart.php on line 34, referer: http://apex_soft/product/view?default_action=create
[Wed May 15 17:14:11.884215 2024] [php:notice] [pid 855] [client 127.0.0.1:47046] Xdebug: [Step Debug] Could not connect to debugging client. Tried: localhost:9003 (through xdebug.client_host/xdebug.client_port)., referer: http://apex_soft/catalog/view
[Wed May 15 17:14:11.898129 2024] [php:notice] [pid 855] [client 127.0.0.1:47046] Xdebug: [Step Debug] Could not connect to debugging client. Tried: localhost:9003 (through xdebug.client_host/xdebug.client_port)., referer: http://apex_soft/catalog/view
[Wed May 15 17:16:51.543165 2024] [php:notice] [pid 856] [client 127.0.0.1:59968] Xdebug: [Step Debug] Could not connect to debugging client. Tried: localhost:9003 (through xdebug.client_host/xdebug.client_port)., referer: http://apex_soft/product/view?default_action=create
[Wed May 15 17:16:51.558170 2024] [php:error] [pid 856] [client 127.0.0.1:59968] PHP Fatal error:  Uncaught Error: mysqli object is already closed in /var/www/apex_soft/src/app/model/Cart.php:34\nStack trace:\n#0 /var/www/apex_soft/src/app/model/Cart.php(34): mysqli->query()\n#1 /var/www/apex_soft/src/app/model/Product.php(104): project\\model\\Cart->getProductAmount()\n#2 /var/www/apex_soft/src/app/control/Catalog.php(19): project\\model\\Product->getAllProducts()\n#3 /var/www/apex_soft/src/app/core/Router.php(20): project\\control\\Catalog->view()\n#4 /var/www/apex_soft/src/index.php(22): project\\core\\Router->action()\n#5 {main}\n  thrown in /var/www/apex_soft/src/app/model/Cart.php on line 34, referer: http://apex_soft/product/view?default_action=create
[Wed May 15 17:16:51.723048 2024] [php:notice] [pid 856] [client 127.0.0.1:59968] Xdebug: [Step Debug] Could not connect to debugging client. Tried: localhost:9003 (through xdebug.client_host/xdebug.client_port)., referer: http://apex_soft/catalog/view
[Wed May 15 17:16:51.760057 2024] [php:notice] [pid 856] [client 127.0.0.1:59968] Xdebug: [Step Debug] Could not connect to debugging client. Tried: localhost:9003 (through xdebug.client_host/xdebug.client_port)., referer: http://apex_soft/catalog/view
[Wed May 15 17:16:53.412959 2024] [php:notice] [pid 856] [client 127.0.0.1:59968] Xdebug: [Step Debug] Could not connect to debugging client. Tried: localhost:9003 (through xdebug.client_host/xdebug.client_port)., referer: http://apex_soft/product/view?default_action=create
[Wed May 15 17:16:53.426354 2024] [php:notice] [pid 856] [client 127.0.0.1:59968] Xdebug: [Step Debug] Could not connect to debugging client. Tried: localhost:9003 (through xdebug.client_host/xdebug.client_port)., referer: http://apex_soft/product/view?default_action=create
[Wed May 15 17:16:55.769967 2024] [php:notice] [pid 856] [client 127.0.0.1:59968] Xdebug: [Step Debug] Could not connect to debugging client. Tried: localhost:9003 (through xdebug.client_host/xdebug.client_port)., referer: http://apex_soft/product/view?default_action=create
[Wed May 15 17:16:55.787765 2024] [php:error] [pid 856] [client 127.0.0.1:59968] PHP Fatal error:  Uncaught Error: mysqli object is already closed in /var/www/apex_soft/src/app/model/Cart.php:34\nStack trace:\n#0 /var/www/apex_soft/src/app/model/Cart.php(34): mysqli->query()\n#1 /var/www/apex_soft/src/app/model/Product.php(104): project\\model\\Cart->getProductAmount()\n#2 /var/www/apex_soft/src/app/control/Catalog.php(19): project\\model\\Product->getAllProducts()\n#3 /var/www/apex_soft/src/app/core/Router.php(20): project\\control\\Catalog->view()\n#4 /var/www/apex_soft/src/index.php(22): project\\core\\Router->action()\n#5 {main}\n  thrown in /var/www/apex_soft/src/app/model/Cart.php on line 34, referer: http://apex_soft/product/view?default_action=create
[Wed May 15 17:16:55.902079 2024] [php:notice] [pid 856] [client 127.0.0.1:59968] Xdebug: [Step Debug] Could not connect to debugging client. Tried: localhost:9003 (through xdebug.client_host/xdebug.client_port)., referer: http://apex_soft/catalog/view
[Wed May 15 17:16:55.918062 2024] [php:notice] [pid 856] [client 127.0.0.1:59968] Xdebug: [Step Debug] Could not connect to debugging client. Tried: localhost:9003 (through xdebug.client_host/xdebug.client_port)., referer: http://apex_soft/catalog/view
[Wed May 15 17:21:11.938775 2024] [php:notice] [pid 3929] [client 127.0.0.1:36990] Xdebug: [Step Debug] Could not connect to debugging client. Tried: localhost:9003 (through xdebug.client_host/xdebug.client_port)., referer: http://apex_soft/catalog/view
[Wed May 15 17:21:11.966026 2024] [php:notice] [pid 3929] [client 127.0.0.1:36990] Xdebug: [Step Debug] Could not connect to debugging client. Tried: localhost:9003 (through xdebug.client_host/xdebug.client_port)., referer: http://apex_soft/catalog/view
[Wed May 15 17:21:16.501711 2024] [php:notice] [pid 3929] [client 127.0.0.1:36990] Xdebug: [Step Debug] Could not connect to debugging client. Tried: localhost:9003 (through xdebug.client_host/xdebug.client_port)., referer: http://apex_soft/product/view?default_action=create
[Wed May 15 17:21:17.506139 2024] [php:notice] [pid 3929] [client 127.0.0.1:36990] Xdebug: [Step Debug] Could not connect to debugging client. Tried: localhost:9003 (through xdebug.client_host/xdebug.client_port)., referer: http://apex_soft/catalog/view
[Wed May 15 17:21:17.519228 2024] [php:notice] [pid 3929] [client 127.0.0.1:36990] Xdebug: [Step Debug] Could not connect to debugging client. Tried: localhost:9003 (through xdebug.client_host/xdebug.client_port)., referer: http://apex_soft/catalog/view
[Wed May 15 17:40:46.253636 2024] [php:notice] [pid 4494] [client 127.0.0.1:41268] Xdebug: [Step Debug] Could not connect to debugging client. Tried: localhost:9003 (through xdebug.client_host/xdebug.client_port)., referer: http://apex_soft/product/view?default_action=create
[Wed May 15 17:40:47.304563 2024] [php:notice] [pid 855] [client 127.0.0.1:41294] Xdebug: [Step Debug] Could not connect to debugging client. Tried: localhost:9003 (through xdebug.client_host/xdebug.client_port)., referer: http://apex_soft/catalog/view
[Wed May 15 17:40:47.319468 2024] [php:notice] [pid 855] [client 127.0.0.1:41294] Xdebug: [Step Debug] Could not connect to debugging client. Tried: localhost:9003 (through xdebug.client_host/xdebug.client_port)., referer: http://apex_soft/catalog/view
[Wed May 15 17:40:48.708388 2024] [php:notice] [pid 855] [client 127.0.0.1:41294] Xdebug: [Step Debug] Could not connect to debugging client. Tried: localhost:9003 (through xdebug.client_host/xdebug.client_port)., referer: http://apex_soft/catalog/view
[Wed May 15 17:40:48.720574 2024] [php:error] [pid 855] [client 127.0.0.1:41294] PHP Fatal error:  Uncaught Error: Class "project\\control\\model_Cart" not found in /var/www/apex_soft/src/app/control/Catalog.php:42\nStack trace:\n#0 /var/www/apex_soft/src/app/core/Router.php(17): project\\control\\Catalog->setProductAmount()\n#1 /var/www/apex_soft/src/index.php(22): project\\core\\Router->action()\n#2 {main}\n  thrown in /var/www/apex_soft/src/app/control/Catalog.php on line 42, referer: http://apex_soft/catalog/view
[Wed May 15 17:41:56.765621 2024] [php:notice] [pid 860] [client 127.0.0.1:49968] Xdebug: [Step Debug] Could not connect to debugging client. Tried: localhost:9003 (through xdebug.client_host/xdebug.client_port)., referer: http://apex_soft/catalog/view
[Wed May 15 17:41:56.791155 2024] [php:error] [pid 860] [client 127.0.0.1:49968] PHP Fatal error:  Uncaught ArgumentCountError: Too few arguments to function project\\model\\Cart::isNewProductForUser(), 0 passed in /var/www/apex_soft/src/app/model/Cart.php on line 14 and exactly 2 expected in /var/www/apex_soft/src/app/model/Cart.php:60\nStack trace:\n#0 /var/www/apex_soft/src/app/model/Cart.php(14): project\\model\\Cart->isNewProductForUser()\n#1 /var/www/apex_soft/src/app/control/Catalog.php(43): project\\model\\Cart->setProductAmount()\n#2 /var/www/apex_soft/src/app/core/Router.php(17): project\\control\\Catalog->setProductAmount()\n#3 /var/www/apex_soft/src/index.php(22): project\\core\\Router->action()\n#4 {main}\n  thrown in /var/www/apex_soft/src/app/model/Cart.php on line 60, referer: http://apex_soft/catalog/view
[Wed May 15 17:43:17.766301 2024] [php:notice] [pid 856] [client 127.0.0.1:42200] Xdebug: [Step Debug] Could not connect to debugging client. Tried: localhost:9003 (through xdebug.client_host/xdebug.client_port)., referer: http://apex_soft/catalog/view
[Wed May 15 17:43:17.829043 2024] [php:error] [pid 856] [client 127.0.0.1:42200] PHP Fatal error:  Uncaught mysqli_sql_exception: You have an error in your SQL syntax; check the manual that corresponds to your MySQL server version for the right syntax to use near 'WHERE productID=4' at line 1 in /var/www/apex_soft/src/app/model/Cart.php:19\nStack trace:\n#0 /var/www/apex_soft/src/app/model/Cart.php(19): mysqli->query()\n#1 /var/www/apex_soft/src/app/control/Catalog.php(43): project\\model\\Cart->setProductAmount()\n#2 /var/www/apex_soft/src/app/core/Router.php(17): project\\control\\Catalog->setProductAmount()\n#3 /var/www/apex_soft/src/index.php(22): project\\core\\Router->action()\n#4 {main}\n  thrown in /var/www/apex_soft/src/app/model/Cart.php on line 19, referer: http://apex_soft/catalog/view
[Wed May 15 17:48:25.738109 2024] [php:notice] [pid 5023] [client 127.0.0.1:38664] Xdebug: [Step Debug] Could not connect to debugging client. Tried: localhost:9003 (through xdebug.client_host/xdebug.client_port)., referer: http://apex_soft/catalog/view
[Wed May 15 17:48:25.762203 2024] [php:error] [pid 5023] [client 127.0.0.1:38664] PHP Fatal error:  Uncaught mysqli_sql_exception: You have an error in your SQL syntax; check the manual that corresponds to your MySQL server version for the right syntax to use near 'WHERE productID=4' at line 1 in /var/www/apex_soft/src/app/model/Cart.php:19\nStack trace:\n#0 /var/www/apex_soft/src/app/model/Cart.php(19): mysqli->query()\n#1 /var/www/apex_soft/src/app/control/Catalog.php(43): project\\model\\Cart->setProductAmount()\n#2 /var/www/apex_soft/src/app/core/Router.php(17): project\\control\\Catalog->setProductAmount()\n#3 /var/www/apex_soft/src/index.php(22): project\\core\\Router->action()\n#4 {main}\n  thrown in /var/www/apex_soft/src/app/model/Cart.php on line 19, referer: http://apex_soft/catalog/view
[Wed May 15 17:48:25.771737 2024] [php:notice] [pid 4494] [client 127.0.0.1:43100] Xdebug: [Step Debug] Could not connect to debugging client. Tried: localhost:9003 (through xdebug.client_host/xdebug.client_port)., referer: http://apex_soft/catalog/view
[Wed May 15 17:48:28.438190 2024] [php:notice] [pid 4494] [client 127.0.0.1:43100] Xdebug: [Step Debug] Could not connect to debugging client. Tried: localhost:9003 (through xdebug.client_host/xdebug.client_port)., referer: http://apex_soft/catalog/view
[Wed May 15 17:48:28.453568 2024] [php:notice] [pid 4494] [client 127.0.0.1:43100] Xdebug: [Step Debug] Could not connect to debugging client. Tried: localhost:9003 (through xdebug.client_host/xdebug.client_port)., referer: http://apex_soft/catalog/view
[Wed May 15 17:49:46.302487 2024] [php:notice] [pid 4495] [client 127.0.0.1:43322] Xdebug: [Step Debug] Could not connect to debugging client. Tried: localhost:9003 (through xdebug.client_host/xdebug.client_port)., referer: http://apex_soft/catalog/view
[Wed May 15 17:49:50.447703 2024] [php:notice] [pid 4495] [client 127.0.0.1:43322] Xdebug: [Step Debug] Could not connect to debugging client. Tried: localhost:9003 (through xdebug.client_host/xdebug.client_port)., referer: http://apex_soft/catalog/view
[Wed May 15 17:50:10.641482 2024] [php:notice] [pid 4496] [client 127.0.0.1:35984] Xdebug: [Step Debug] Could not connect to debugging client. Tried: localhost:9003 (through xdebug.client_host/xdebug.client_port)., referer: http://apex_soft/catalog/view
[Wed May 15 17:58:32.030741 2024] [php:notice] [pid 4360] [client 127.0.0.1:48794] Xdebug: [Step Debug] Could not connect to debugging client. Tried: localhost:9003 (through xdebug.client_host/xdebug.client_port)., referer: http://apex_soft/catalog/view
[Wed May 15 17:58:32.081527 2024] [php:error] [pid 4360] [client 127.0.0.1:48794] PHP Fatal error:  Uncaught TypeError: project\\model\\Cart::getProductAmount(): Return value must be of type int, array returned in /var/www/apex_soft/src/app/model/Cart.php:37\nStack trace:\n#0 /var/www/apex_soft/src/app/model/Product.php(104): project\\model\\Cart->getProductAmount()\n#1 /var/www/apex_soft/src/app/control/Catalog.php(20): project\\model\\Product->getAllProducts()\n#2 /var/www/apex_soft/src/app/core/Router.php(20): project\\control\\Catalog->view()\n#3 /var/www/apex_soft/src/index.php(22): project\\core\\Router->action()\n#4 {main}\n  thrown in /var/www/apex_soft/src/app/model/Cart.php on line 37, referer: http://apex_soft/catalog/view
[Wed May 15 17:58:32.667328 2024] [php:notice] [pid 4360] [client 127.0.0.1:48794] Xdebug: [Step Debug] Could not connect to debugging client. Tried: localhost:9003 (through xdebug.client_host/xdebug.client_port)., referer: http://apex_soft/catalog/view
[Wed May 15 17:58:32.735144 2024] [php:notice] [pid 4360] [client 127.0.0.1:48794] Xdebug: [Step Debug] Could not connect to debugging client. Tried: localhost:9003 (through xdebug.client_host/xdebug.client_port)., referer: http://apex_soft/catalog/view
[Wed May 15 18:37:06.800107 2024] [php:notice] [pid 855] [client 127.0.0.1:48122] Xdebug: [Step Debug] Could not connect to debugging client. Tried: localhost:9003 (through xdebug.client_host/xdebug.client_port)., referer: http://apex_soft/catalog/view
[Wed May 15 18:37:08.249869 2024] [php:notice] [pid 856] [client 127.0.0.1:48140] Xdebug: [Step Debug] Could not connect to debugging client. Tried: localhost:9003 (through xdebug.client_host/xdebug.client_port)., referer: http://apex_soft/catalog/view
[Wed May 15 18:37:08.308270 2024] [php:notice] [pid 856] [client 127.0.0.1:48140] Xdebug: [Step Debug] Could not connect to debugging client. Tried: localhost:9003 (through xdebug.client_host/xdebug.client_port)., referer: http://apex_soft/catalog/view
[Wed May 15 18:37:28.618769 2024] [php:notice] [pid 4496] [client 127.0.0.1:38574] Xdebug: [Step Debug] Could not connect to debugging client. Tried: localhost:9003 (through xdebug.client_host/xdebug.client_port)., referer: http://apex_soft/catalog/view
[Wed May 15 18:37:29.197175 2024] [php:notice] [pid 4496] [client 127.0.0.1:38574] Xdebug: [Step Debug] Could not connect to debugging client. Tried: localhost:9003 (through xdebug.client_host/xdebug.client_port)., referer: http://apex_soft/catalog/view
[Wed May 15 18:37:29.231727 2024] [php:notice] [pid 4496] [client 127.0.0.1:38574] Xdebug: [Step Debug] Could not connect to debugging client. Tried: localhost:9003 (through xdebug.client_host/xdebug.client_port)., referer: http://apex_soft/catalog/view
[Wed May 15 18:53:39.466091 2024] [php:notice] [pid 4497] [client 127.0.0.1:50250] Xdebug: [Step Debug] Could not connect to debugging client. Tried: localhost:9003 (through xdebug.client_host/xdebug.client_port)., referer: http://apex_soft/catalog/view
[Wed May 15 18:53:39.851779 2024] [php:notice] [pid 4497] [client 127.0.0.1:50250] Xdebug: [Step Debug] Could not connect to debugging client. Tried: localhost:9003 (through xdebug.client_host/xdebug.client_port)., referer: http://apex_soft/catalog/view
[Wed May 15 18:53:40.576191 2024] [php:notice] [pid 4497] [client 127.0.0.1:50250] Xdebug: [Step Debug] Could not connect to debugging client. Tried: localhost:9003 (through xdebug.client_host/xdebug.client_port)., referer: http://apex_soft/catalog/view
[Wed May 15 18:53:40.588135 2024] [php:notice] [pid 4497] [client 127.0.0.1:50250] Xdebug: [Step Debug] Could not connect to debugging client. Tried: localhost:9003 (through xdebug.client_host/xdebug.client_port)., referer: http://apex_soft/catalog/view
[Wed May 15 18:53:48.772829 2024] [php:notice] [pid 5916] [client 127.0.0.1:50260] Xdebug: [Step Debug] Could not connect to debugging client. Tried: localhost:9003 (through xdebug.client_host/xdebug.client_port)., referer: http://apex_soft/catalog/view
[Wed May 15 18:53:49.587133 2024] [php:notice] [pid 5916] [client 127.0.0.1:50260] Xdebug: [Step Debug] Could not connect to debugging client. Tried: localhost:9003 (through xdebug.client_host/xdebug.client_port)., referer: http://apex_soft/catalog/view
[Wed May 15 18:53:51.212180 2024] [php:notice] [pid 855] [client 127.0.0.1:46060] Xdebug: [Step Debug] Could not connect to debugging client. Tried: localhost:9003 (through xdebug.client_host/xdebug.client_port)., referer: http://apex_soft/catalog/view
[Wed May 15 18:53:51.246855 2024] [php:notice] [pid 855] [client 127.0.0.1:46060] Xdebug: [Step Debug] Could not connect to debugging client. Tried: localhost:9003 (through xdebug.client_host/xdebug.client_port)., referer: http://apex_soft/catalog/view
[Wed May 15 18:54:02.173334 2024] [php:notice] [pid 4360] [client 127.0.0.1:45704] Xdebug: [Step Debug] Could not connect to debugging client. Tried: localhost:9003 (through xdebug.client_host/xdebug.client_port)., referer: http://apex_soft/catalog/view
[Wed May 15 18:54:02.173334 2024] [php:notice] [pid 4496] [client 127.0.0.1:45698] Xdebug: [Step Debug] Could not connect to debugging client. Tried: localhost:9003 (through xdebug.client_host/xdebug.client_port)., referer: http://apex_soft/catalog/view
[Wed May 15 18:54:03.162844 2024] [php:notice] [pid 4360] [client 127.0.0.1:45704] Xdebug: [Step Debug] Could not connect to debugging client. Tried: localhost:9003 (through xdebug.client_host/xdebug.client_port)., referer: http://apex_soft/catalog/view
[Wed May 15 18:54:03.701725 2024] [php:notice] [pid 4360] [client 127.0.0.1:45704] Xdebug: [Step Debug] Could not connect to debugging client. Tried: localhost:9003 (through xdebug.client_host/xdebug.client_port)., referer: http://apex_soft/catalog/view
[Wed May 15 18:54:03.715831 2024] [php:notice] [pid 4360] [client 127.0.0.1:45704] Xdebug: [Step Debug] Could not connect to debugging client. Tried: localhost:9003 (through xdebug.client_host/xdebug.client_port)., referer: http://apex_soft/catalog/view
[Wed May 15 18:54:04.946104 2024] [php:notice] [pid 4360] [client 127.0.0.1:45704] Xdebug: [Step Debug] Could not connect to debugging client. Tried: localhost:9003 (through xdebug.client_host/xdebug.client_port)., referer: http://apex_soft/catalog/view
[Wed May 15 18:54:05.373761 2024] [php:notice] [pid 4360] [client 127.0.0.1:45704] Xdebug: [Step Debug] Could not connect to debugging client. Tried: localhost:9003 (through xdebug.client_host/xdebug.client_port)., referer: http://apex_soft/product/view?default_action=update&id=4
[Wed May 15 18:54:05.399258 2024] [php:notice] [pid 4360] [client 127.0.0.1:45704] Xdebug: [Step Debug] Could not connect to debugging client. Tried: localhost:9003 (through xdebug.client_host/xdebug.client_port)., referer: http://apex_soft/product/view?default_action=update&id=4
[Wed May 15 18:54:07.379262 2024] [php:notice] [pid 4360] [client 127.0.0.1:45704] Xdebug: [Step Debug] Could not connect to debugging client. Tried: localhost:9003 (through xdebug.client_host/xdebug.client_port)., referer: http://apex_soft/catalog/view
[Wed May 15 18:54:07.509083 2024] [php:notice] [pid 4360] [client 127.0.0.1:45704] Xdebug: [Step Debug] Could not connect to debugging client. Tried: localhost:9003 (through xdebug.client_host/xdebug.client_port)., referer: http://apex_soft/catalog/view
[Wed May 15 18:56:36.878460 2024] [php:notice] [pid 4497] [client 127.0.0.1:47976] Xdebug: [Step Debug] Could not connect to debugging client. Tried: localhost:9003 (through xdebug.client_host/xdebug.client_port)., referer: http://apex_soft/catalog/view
[Wed May 15 18:56:48.170264 2024] [php:notice] [pid 6880] [client 127.0.0.1:54276] Xdebug: [Step Debug] Could not connect to debugging client. Tried: localhost:9003 (through xdebug.client_host/xdebug.client_port)., referer: http://apex_soft/catalog/view
[Wed May 15 18:56:49.021750 2024] [php:notice] [pid 6880] [client 127.0.0.1:54276] Xdebug: [Step Debug] Could not connect to debugging client. Tried: localhost:9003 (through xdebug.client_host/xdebug.client_port)., referer: http://apex_soft/catalog/view
[Wed May 15 18:56:49.044155 2024] [php:notice] [pid 6880] [client 127.0.0.1:54276] Xdebug: [Step Debug] Could not connect to debugging client. Tried: localhost:9003 (through xdebug.client_host/xdebug.client_port)., referer: http://apex_soft/catalog/view
[Wed May 15 18:57:10.327841 2024] [php:notice] [pid 5916] [client 127.0.0.1:54286] Xdebug: [Step Debug] Could not connect to debugging client. Tried: localhost:9003 (through xdebug.client_host/xdebug.client_port)., referer: http://apex_soft/catalog/view
[Wed May 15 18:57:17.820761 2024] [php:notice] [pid 3929] [client 127.0.0.1:46006] Xdebug: [Step Debug] Could not connect to debugging client. Tried: localhost:9003 (through xdebug.client_host/xdebug.client_port)., referer: http://apex_soft/catalog/view
[Wed May 15 18:57:39.784142 2024] [php:notice] [pid 860] [client 127.0.0.1:38706] Xdebug: [Step Debug] Could not connect to debugging client. Tried: localhost:9003 (through xdebug.client_host/xdebug.client_port)., referer: http://apex_soft/catalog/view
[Wed May 15 18:57:42.331271 2024] [php:notice] [pid 860] [client 127.0.0.1:38706] Xdebug: [Step Debug] Could not connect to debugging client. Tried: localhost:9003 (through xdebug.client_host/xdebug.client_port)., referer: http://apex_soft/catalog/view
[Wed May 15 18:57:45.396164 2024] [php:notice] [pid 860] [client 127.0.0.1:38706] Xdebug: [Step Debug] Could not connect to debugging client. Tried: localhost:9003 (through xdebug.client_host/xdebug.client_port)., referer: http://apex_soft/catalog/view
[Wed May 15 18:57:48.307570 2024] [php:notice] [pid 860] [client 127.0.0.1:38706] Xdebug: [Step Debug] Could not connect to debugging client. Tried: localhost:9003 (through xdebug.client_host/xdebug.client_port)., referer: http://apex_soft/catalog/view
[Wed May 15 18:57:51.462438 2024] [php:notice] [pid 860] [client 127.0.0.1:38706] Xdebug: [Step Debug] Could not connect to debugging client. Tried: localhost:9003 (through xdebug.client_host/xdebug.client_port)., referer: http://apex_soft/catalog/view
[Wed May 15 19:02:55.040105 2024] [php:notice] [pid 5023] [client 127.0.0.1:57436] Xdebug: [Step Debug] Could not connect to debugging client. Tried: localhost:9003 (through xdebug.client_host/xdebug.client_port)., referer: http://apex_soft/catalog/view
[Wed May 15 19:02:57.095182 2024] [php:notice] [pid 5023] [client 127.0.0.1:57436] Xdebug: [Step Debug] Could not connect to debugging client. Tried: localhost:9003 (through xdebug.client_host/xdebug.client_port)., referer: http://apex_soft/catalog/view
[Wed May 15 19:03:00.163466 2024] [php:notice] [pid 5023] [client 127.0.0.1:57436] Xdebug: [Step Debug] Could not connect to debugging client. Tried: localhost:9003 (through xdebug.client_host/xdebug.client_port)., referer: http://apex_soft/catalog/view
[Wed May 15 19:03:02.045241 2024] [php:notice] [pid 4494] [client 127.0.0.1:37920] Xdebug: [Step Debug] Could not connect to debugging client. Tried: localhost:9003 (through xdebug.client_host/xdebug.client_port)., referer: http://apex_soft/catalog/view
[Wed May 15 19:03:02.062475 2024] [php:notice] [pid 4494] [client 127.0.0.1:37920] Xdebug: [Step Debug] Could not connect to debugging client. Tried: localhost:9003 (through xdebug.client_host/xdebug.client_port)., referer: http://apex_soft/catalog/view
[Wed May 15 19:06:17.891732 2024] [php:notice] [pid 5916] [client 127.0.0.1:39774] Xdebug: [Step Debug] Could not connect to debugging client. Tried: localhost:9003 (through xdebug.client_host/xdebug.client_port)., referer: http://apex_soft/catalog/view
[Wed May 15 19:06:18.314902 2024] [php:notice] [pid 5916] [client 127.0.0.1:39774] Xdebug: [Step Debug] Could not connect to debugging client. Tried: localhost:9003 (through xdebug.client_host/xdebug.client_port)., referer: http://apex_soft/catalog/view
[Wed May 15 19:06:19.477850 2024] [php:notice] [pid 5916] [client 127.0.0.1:39774] Xdebug: [Step Debug] Could not connect to debugging client. Tried: localhost:9003 (through xdebug.client_host/xdebug.client_port)., referer: http://apex_soft/catalog/view
[Wed May 15 19:06:21.614175 2024] [php:notice] [pid 7018] [client 127.0.0.1:39808] Xdebug: [Step Debug] Could not connect to debugging client. Tried: localhost:9003 (through xdebug.client_host/xdebug.client_port)., referer: http://apex_soft/catalog/view
[Wed May 15 19:06:21.673341 2024] [php:notice] [pid 7018] [client 127.0.0.1:39808] Xdebug: [Step Debug] Could not connect to debugging client. Tried: localhost:9003 (through xdebug.client_host/xdebug.client_port)., referer: http://apex_soft/catalog/view
[Wed May 15 19:06:41.286528 2024] [php:notice] [pid 855] [client 127.0.0.1:50874] Xdebug: [Step Debug] Could not connect to debugging client. Tried: localhost:9003 (through xdebug.client_host/xdebug.client_port)., referer: http://apex_soft/catalog/view
[Wed May 15 19:06:42.992258 2024] [php:notice] [pid 7089] [client 127.0.0.1:50906] Xdebug: [Step Debug] Could not connect to debugging client. Tried: localhost:9003 (through xdebug.client_host/xdebug.client_port)., referer: http://apex_soft/catalog/view
[Wed May 15 19:06:43.017953 2024] [php:notice] [pid 7089] [client 127.0.0.1:50906] Xdebug: [Step Debug] Could not connect to debugging client. Tried: localhost:9003 (through xdebug.client_host/xdebug.client_port)., referer: http://apex_soft/catalog/view
[Wed May 15 19:06:45.173384 2024] [php:notice] [pid 7089] [client 127.0.0.1:50906] Xdebug: [Step Debug] Could not connect to debugging client. Tried: localhost:9003 (through xdebug.client_host/xdebug.client_port)., referer: http://apex_soft/catalog/view
[Wed May 15 19:09:36.055741 2024] [php:notice] [pid 4497] [client 127.0.0.1:53186] Xdebug: [Step Debug] Could not connect to debugging client. Tried: localhost:9003 (through xdebug.client_host/xdebug.client_port)., referer: http://apex_soft/catalog/view
[Wed May 15 19:09:38.778602 2024] [php:notice] [pid 7018] [client 127.0.0.1:53204] Xdebug: [Step Debug] Could not connect to debugging client. Tried: localhost:9003 (through xdebug.client_host/xdebug.client_port)., referer: http://apex_soft/catalog/view
[Wed May 15 19:09:38.890565 2024] [php:notice] [pid 7018] [client 127.0.0.1:53204] Xdebug: [Step Debug] Could not connect to debugging client. Tried: localhost:9003 (through xdebug.client_host/xdebug.client_port)., referer: http://apex_soft/catalog/view
[Wed May 15 19:11:13.797882 2024] [php:notice] [pid 4494] [client 127.0.0.1:59228] Xdebug: [Step Debug] Could not connect to debugging client. Tried: localhost:9003 (through xdebug.client_host/xdebug.client_port)., referer: http://apex_soft/catalog/view
[Wed May 15 19:11:16.069082 2024] [php:notice] [pid 4494] [client 127.0.0.1:59228] Xdebug: [Step Debug] Could not connect to debugging client. Tried: localhost:9003 (through xdebug.client_host/xdebug.client_port)., referer: http://apex_soft/catalog/view
[Wed May 15 19:11:16.103846 2024] [php:notice] [pid 4494] [client 127.0.0.1:59228] Xdebug: [Step Debug] Could not connect to debugging client. Tried: localhost:9003 (through xdebug.client_host/xdebug.client_port)., referer: http://apex_soft/catalog/view
[Wed May 15 19:11:41.637013 2024] [php:notice] [pid 855] [client 127.0.0.1:36962] Xdebug: [Step Debug] Could not connect to debugging client. Tried: localhost:9003 (through xdebug.client_host/xdebug.client_port)., referer: http://apex_soft/catalog/view
[Wed May 15 19:11:41.652000 2024] [php:error] [pid 855] [client 127.0.0.1:36962] PHP Fatal error:  Uncaught Error: Interface "project\\control\\interfaces\\iCart" not found in /var/www/apex_soft/src/app/control/Cart.php:9\nStack trace:\n#0 /var/www/apex_soft/vendor/composer/ClassLoader.php(576): include()\n#1 /var/www/apex_soft/vendor/composer/ClassLoader.php(427): Composer\\Autoload\\{closure}()\n#2 [internal function]: Composer\\Autoload\\ClassLoader->loadClass()\n#3 /var/www/apex_soft/src/app/core/Router.php(62): method_exists()\n#4 /var/www/apex_soft/src/app/core/Router.php(29): project\\core\\Router->getMethod()\n#5 /var/www/apex_soft/src/app/core/Router.php(12): project\\core\\Router->getRequestElements()\n#6 /var/www/apex_soft/src/index.php(21): project\\core\\Router->__construct()\n#7 {main}\n  thrown in /var/www/apex_soft/src/app/control/Cart.php on line 9, referer: http://apex_soft/catalog/view
[Wed May 15 19:11:41.924172 2024] [php:notice] [pid 855] [client 127.0.0.1:36962] Xdebug: [Step Debug] Could not connect to debugging client. Tried: localhost:9003 (through xdebug.client_host/xdebug.client_port)., referer: http://apex_soft/cart/view
[Wed May 15 19:11:41.952239 2024] [php:notice] [pid 855] [client 127.0.0.1:36962] Xdebug: [Step Debug] Could not connect to debugging client. Tried: localhost:9003 (through xdebug.client_host/xdebug.client_port)., referer: http://apex_soft/cart/view
[Wed May 15 19:12:27.273819 2024] [php:notice] [pid 860] [client 127.0.0.1:36972] Xdebug: [Step Debug] Could not connect to debugging client. Tried: localhost:9003 (through xdebug.client_host/xdebug.client_port)., referer: http://apex_soft/catalog/view
[Wed May 15 19:12:27.276499 2024] [php:error] [pid 860] [client 127.0.0.1:36972] PHP Fatal error:  Uncaught Error: Interface "project\\control\\interfaces\\iCart" not found in /var/www/apex_soft/src/app/control/Cart.php:9\nStack trace:\n#0 /var/www/apex_soft/vendor/composer/ClassLoader.php(576): include()\n#1 /var/www/apex_soft/vendor/composer/ClassLoader.php(427): Composer\\Autoload\\{closure}()\n#2 [internal function]: Composer\\Autoload\\ClassLoader->loadClass()\n#3 /var/www/apex_soft/src/app/core/Router.php(62): method_exists()\n#4 /var/www/apex_soft/src/app/core/Router.php(29): project\\core\\Router->getMethod()\n#5 /var/www/apex_soft/src/app/core/Router.php(12): project\\core\\Router->getRequestElements()\n#6 /var/www/apex_soft/src/index.php(21): project\\core\\Router->__construct()\n#7 {main}\n  thrown in /var/www/apex_soft/src/app/control/Cart.php on line 9, referer: http://apex_soft/catalog/view
[Wed May 15 19:12:27.694589 2024] [php:notice] [pid 860] [client 127.0.0.1:36972] Xdebug: [Step Debug] Could not connect to debugging client. Tried: localhost:9003 (through xdebug.client_host/xdebug.client_port)., referer: http://apex_soft/cart/view
[Wed May 15 19:12:27.806243 2024] [php:notice] [pid 860] [client 127.0.0.1:36972] Xdebug: [Step Debug] Could not connect to debugging client. Tried: localhost:9003 (through xdebug.client_host/xdebug.client_port)., referer: http://apex_soft/cart/view
[Wed May 15 19:13:10.984300 2024] [php:notice] [pid 7018] [client 127.0.0.1:48468] Xdebug: [Step Debug] Could not connect to debugging client. Tried: localhost:9003 (through xdebug.client_host/xdebug.client_port)., referer: http://apex_soft/catalog/view
[Wed May 15 19:13:10.987268 2024] [php:error] [pid 7018] [client 127.0.0.1:48468] PHP Fatal error:  Uncaught Error: Interface "project\\control\\interfaces\\iCart" not found in /var/www/apex_soft/src/app/control/Cart.php:9\nStack trace:\n#0 /var/www/apex_soft/vendor/composer/ClassLoader.php(576): include()\n#1 /var/www/apex_soft/vendor/composer/ClassLoader.php(427): Composer\\Autoload\\{closure}()\n#2 [internal function]: Composer\\Autoload\\ClassLoader->loadClass()\n#3 /var/www/apex_soft/src/app/core/Router.php(62): method_exists()\n#4 /var/www/apex_soft/src/app/core/Router.php(29): project\\core\\Router->getMethod()\n#5 /var/www/apex_soft/src/app/core/Router.php(12): project\\core\\Router->getRequestElements()\n#6 /var/www/apex_soft/src/index.php(21): project\\core\\Router->__construct()\n#7 {main}\n  thrown in /var/www/apex_soft/src/app/control/Cart.php on line 9, referer: http://apex_soft/catalog/view
[Wed May 15 19:13:11.238558 2024] [php:notice] [pid 7018] [client 127.0.0.1:48468] Xdebug: [Step Debug] Could not connect to debugging client. Tried: localhost:9003 (through xdebug.client_host/xdebug.client_port)., referer: http://apex_soft/cart/view
[Wed May 15 19:13:11.270111 2024] [php:notice] [pid 7018] [client 127.0.0.1:48468] Xdebug: [Step Debug] Could not connect to debugging client. Tried: localhost:9003 (through xdebug.client_host/xdebug.client_port)., referer: http://apex_soft/cart/view
[Wed May 15 19:15:28.336002 2024] [php:notice] [pid 4497] [client 127.0.0.1:34632] Xdebug: [Step Debug] Could not connect to debugging client. Tried: localhost:9003 (through xdebug.client_host/xdebug.client_port)., referer: http://apex_soft/catalog/view
[Wed May 15 19:15:28.336698 2024] [php:warn] [pid 4497] [client 127.0.0.1:34632] PHP Warning:  require_once(/var/www/apex_soft/vendor/autoload.php): Failed to open stream: No such file or directory in /var/www/apex_soft/src/index.php on line 19, referer: http://apex_soft/catalog/view
[Wed May 15 19:15:28.336906 2024] [php:error] [pid 4497] [client 127.0.0.1:34632] PHP Fatal error:  Uncaught Error: Failed opening required '/var/www/apex_soft/vendor/autoload.php' (include_path='.:/usr/share/php') in /var/www/apex_soft/src/index.php:19\nStack trace:\n#0 {main}\n  thrown in /var/www/apex_soft/src/index.php on line 19, referer: http://apex_soft/catalog/view
[Wed May 15 19:15:28.745253 2024] [php:notice] [pid 4497] [client 127.0.0.1:34632] Xdebug: [Step Debug] Could not connect to debugging client. Tried: localhost:9003 (through xdebug.client_host/xdebug.client_port)., referer: http://apex_soft/cart/view
[Wed May 15 19:15:28.745488 2024] [php:warn] [pid 4497] [client 127.0.0.1:34632] PHP Warning:  require_once(/var/www/apex_soft/src/../vendor/autoload.php): Failed to open stream: No such file or directory in /var/www/apex_soft/src/index.php on line 19, referer: http://apex_soft/cart/view
[Wed May 15 19:15:28.745564 2024] [php:error] [pid 4497] [client 127.0.0.1:34632] PHP Fatal error:  Uncaught Error: Failed opening required '/var/www/apex_soft/src/../vendor/autoload.php' (include_path='.:/usr/share/php') in /var/www/apex_soft/src/index.php:19\nStack trace:\n#0 {main}\n  thrown in /var/www/apex_soft/src/index.php on line 19, referer: http://apex_soft/cart/view
[Wed May 15 19:16:04.558442 2024] [php:notice] [pid 7281] [client 127.0.0.1:34644] Xdebug: [Step Debug] Could not connect to debugging client. Tried: localhost:9003 (through xdebug.client_host/xdebug.client_port)., referer: http://apex_soft/catalog/view
[Wed May 15 19:16:04.567056 2024] [php:error] [pid 7281] [client 127.0.0.1:34644] PHP Fatal error:  Uncaught Error: Interface "project\\control\\interfaces\\iCart" not found in /var/www/apex_soft/src/app/control/Cart.php:9\nStack trace:\n#0 /var/www/apex_soft/vendor/composer/ClassLoader.php(576): include()\n#1 /var/www/apex_soft/vendor/composer/ClassLoader.php(427): Composer\\Autoload\\{closure}()\n#2 [internal function]: Composer\\Autoload\\ClassLoader->loadClass()\n#3 /var/www/apex_soft/src/app/core/Router.php(62): method_exists()\n#4 /var/www/apex_soft/src/app/core/Router.php(29): project\\core\\Router->getMethod()\n#5 /var/www/apex_soft/src/app/core/Router.php(12): project\\core\\Router->getRequestElements()\n#6 /var/www/apex_soft/src/index.php(21): project\\core\\Router->__construct()\n#7 {main}\n  thrown in /var/www/apex_soft/src/app/control/Cart.php on line 9, referer: http://apex_soft/catalog/view
[Wed May 15 19:16:04.769948 2024] [php:notice] [pid 7281] [client 127.0.0.1:34644] Xdebug: [Step Debug] Could not connect to debugging client. Tried: localhost:9003 (through xdebug.client_host/xdebug.client_port)., referer: http://apex_soft/cart/view
[Wed May 15 19:16:04.798423 2024] [php:notice] [pid 7281] [client 127.0.0.1:34644] Xdebug: [Step Debug] Could not connect to debugging client. Tried: localhost:9003 (through xdebug.client_host/xdebug.client_port)., referer: http://apex_soft/cart/view
[Wed May 15 19:18:18.728034 2024] [php:notice] [pid 7089] [client 127.0.0.1:56150] Xdebug: [Step Debug] Could not connect to debugging client. Tried: localhost:9003 (through xdebug.client_host/xdebug.client_port)., referer: http://apex_soft/catalog/view
[Wed May 15 19:18:20.720041 2024] [php:notice] [pid 7089] [client 127.0.0.1:56150] Xdebug: [Step Debug] Could not connect to debugging client. Tried: localhost:9003 (through xdebug.client_host/xdebug.client_port)., referer: http://apex_soft/cart/view
[Wed May 15 19:18:20.741215 2024] [php:notice] [pid 7089] [client 127.0.0.1:56150] Xdebug: [Step Debug] Could not connect to debugging client. Tried: localhost:9003 (through xdebug.client_host/xdebug.client_port)., referer: http://apex_soft/cart/view
